Global RMG Settings:
   database.directory   = /home/gridsan/yunsie/.conda/envs/rmg_env_bin/share/rmgdatabase (from /home/gridsan/yunsie/.conda/envs/rmg_env_bin/lib/python3.7/site-packages/rmgpy/rmgrc)
   test_data.directory  = /home/gridsan/yunsie/.conda/envs/rmg_env_bin/lib/python3.7/site-packages/rmgpy/test_data (Default, relative to RMG-Py source code)
RMG execution initiated at Tue Aug  9 12:32:32 2022

#########################################################
# RMG-Py - Reaction Mechanism Generator in Python       #
# Version: 3.1.0                                        #
# Authors: RMG Developers (rmg_dev@mit.edu)             #
# P.I.s:   William H. Green (whgreen@mit.edu)           #
#          Richard H. West (r.west@neu.edu)             #
# Website: http://reactionmechanismgenerator.github.io/ #
#########################################################

Reading input file "/home/gridsan/yunsie/research/RMG_workshop/minimal_cp/minimal_input.py"...
# Data sources
database(
    thermoLibraries = ['primaryThermoLibrary'],
    reactionLibraries = [],
    seedMechanisms = [],
    kineticsDepositories = ['training'],
    kineticsFamilies = 'default',
    kineticsEstimator = 'rate rules',
)

# List of species
species(
    label='ethane',
    reactive=True,
    structure=SMILES("CC"),
)

# Reaction systems
simpleReactor(
    temperature=(1350,'K'),
    pressure=(1.0,'bar'),
    initialMoleFractions={
        "ethane": 1.0,
    },
    terminationConversion={
        'ethane': 0.9,
    },
    terminationTime=(1e6,'s'),
)

simulator(
    atol=1e-16,
    rtol=1e-8,
)

model(
    toleranceKeepInEdge=0.0,
    toleranceMoveToCore=0.1,
    toleranceInterruptSimulation=0.1,
    maximumEdgeSpecies=100000,
    filterReactions=True,
)

options(
    units='si',
    generateOutputHTML=True,
    generatePlots=False,
    saveEdgeSpecies=True,
    saveSimulationProfiles=True,
)

Warning: Generate Output HTML option was turned on. Note that this will slow down model generation.
Warning: Edge species saving was turned on. This will slow down model generation for large simulations.

Loading transport library from GRI-Mech.py in /home/gridsan/yunsie/.conda/envs/rmg_env_bin/share/rmgdatabase/transport/libraries...
Loading transport library from NOx2018.py in /home/gridsan/yunsie/.conda/envs/rmg_env_bin/share/rmgdatabase/transport/libraries...
Loading transport library from OneDMinN2.py in /home/gridsan/yunsie/.conda/envs/rmg_env_bin/share/rmgdatabase/transport/libraries...
Loading transport library from PrimaryTransportLibrary.py in /home/gridsan/yunsie/.conda/envs/rmg_env_bin/share/rmgdatabase/transport/libraries...
Loading transport group database from /home/gridsan/yunsie/.conda/envs/rmg_env_bin/share/rmgdatabase/transport/groups...
Loading frequencies group database from /home/gridsan/yunsie/.conda/envs/rmg_env_bin/share/rmgdatabase/statmech/groups...
Loading Platts additivity group database from /home/gridsan/yunsie/.conda/envs/rmg_env_bin/share/rmgdatabase/solvation/groups...
Loading thermodynamics library from primaryThermoLibrary.py in /home/gridsan/yunsie/.conda/envs/rmg_env_bin/share/rmgdatabase/thermo/libraries...
Loading thermodynamics group database from /home/gridsan/yunsie/.conda/envs/rmg_env_bin/share/rmgdatabase/thermo/groups...
Adding rate rules from training set in kinetics families...
Warning: Cphigh is above the theoretical CpInf value for ThermoData object
ThermoData(Tdata=([300,400,500,600,800,1000,1500],'K'), Cpdata=([36.6869,38.2195,39.253,40.4473,45.0357,50.6323,54.2027],'J/(mol*K)'), H298=(310.047,'kJ/mol'), S298=(162.808,'J/(mol*K)'), Cp0=(29.1007,'J/(mol*K)'), CpInf=(37.4151,'J/(mol*K)'), comment="""Thermo group additivity estimation: group(O2s-CsCs) + group(CsJ2_singlet-CsH)""").
The thermo for this species is probably wrong! Setting CpInf = Cphigh for Entropy calculationat T = 2000.0 K...
Warning: Cphigh is above the theoretical CpInf value for ThermoData object
ThermoData(Tdata=([300,400,500,600,800,1000,1500],'K'), Cpdata=([36.6869,38.2195,39.253,40.4473,45.0357,50.6323,54.2027],'J/(mol*K)'), H298=(310.047,'kJ/mol'), S298=(162.808,'J/(mol*K)'), Cp0=(29.1007,'J/(mol*K)'), CpInf=(37.4151,'J/(mol*K)'), comment="""Thermo group additivity estimation: group(O2s-CsCs) + group(CsJ2_singlet-CsH)""").
The thermo for this species is probably wrong! Setting CpInf = Cphigh for Entropy calculationat T = 1666.6666666666665 K...
Warning: Cphigh is above the theoretical CpInf value for ThermoData object
ThermoData(Tdata=([300,400,500,600,800,1000,1500],'K'), Cpdata=([36.6869,38.2195,39.253,40.4473,45.0357,50.6323,54.2027],'J/(mol*K)'), H298=(310.047,'kJ/mol'), S298=(162.808,'J/(mol*K)'), Cp0=(29.1007,'J/(mol*K)'), CpInf=(37.4151,'J/(mol*K)'), comment="""Thermo group additivity estimation: group(O2s-CsCs) + group(CsJ2_singlet-CsH)""").
The thermo for this species is probably wrong! Setting CpInf = Cphigh for Entropy calculationat T = 2000.0 K...
Warning: Cphigh is above the theoretical CpInf value for ThermoData object
ThermoData(Tdata=([300,400,500,600,800,1000,1500],'K'), Cpdata=([36.6869,38.2195,39.253,40.4473,45.0357,50.6323,54.2027],'J/(mol*K)'), H298=(310.047,'kJ/mol'), S298=(162.808,'J/(mol*K)'), Cp0=(29.1007,'J/(mol*K)'), CpInf=(37.4151,'J/(mol*K)'), comment="""Thermo group additivity estimation: group(O2s-CsCs) + group(CsJ2_singlet-CsH)""").
The thermo for this species is probably wrong! Setting CpInf = Cphigh for Entropy calculationat T = 1666.6666666666665 K...
Filling in rate rules in kinetics families by averaging...
NOT generating reactions for unreactive species Ar

Summary of Model Enlargement
---------------------------------
Added 1 new core species
    Ar
Created 0 new edge species
Added 0 new core reactions
Created 0 new edge reactions

After model enlargement:
    The model core has 1 species and 0 reactions
    The model edge has 1 species and 0 reactions


NOT generating reactions for unreactive species He

Summary of Model Enlargement
---------------------------------
Added 1 new core species
    He
Created 0 new edge species
Added 0 new core reactions
Created 0 new edge reactions

After model enlargement:
    The model core has 2 species and 0 reactions
    The model edge has 1 species and 0 reactions


NOT generating reactions for unreactive species Ne

Summary of Model Enlargement
---------------------------------
Added 1 new core species
    Ne
Created 0 new edge species
Added 0 new core reactions
Created 0 new edge reactions

After model enlargement:
    The model core has 3 species and 0 reactions
    The model edge has 1 species and 0 reactions


NOT generating reactions for unreactive species N2

Summary of Model Enlargement
---------------------------------
Added 1 new core species
    N2
Created 0 new edge species
Added 0 new core reactions
Created 0 new edge reactions

After model enlargement:
    The model core has 4 species and 0 reactions
    The model edge has 1 species and 0 reactions


Adding species ethane(1) to model core

Summary of Model Enlargement
---------------------------------
Added 1 new core species
    ethane(1)
Created 0 new edge species
Added 0 new core reactions
Created 0 new edge reactions

After model enlargement:
    The model core has 5 species and 0 reactions
    The model edge has 0 species and 0 reactions


Initialization complete. Starting model generation.

Generating initial reactions for reaction system 1...
For reaction generation 1 process is used.
Generating thermo for new species...
Species [CH2] renamed CH2(S) based on thermo library name
Species C renamed CH4 based on thermo library name
Species [H] renamed H based on thermo library name
Generating kinetics for new reactions...

Summary of Secondary Model Edge Enlargement
---------------------------------
Added 0 new core species
Created 5 new edge species
    CH2(S)(2)
    CH4(3)
    [CH3](4)
    H(6)
    C[CH2](5)
Added 0 new core reactions
Created 3 new edge reactions
    CH2(S)(2) + CH4(3) <=> ethane(1)
    [CH3](4) + [CH3](4) <=> ethane(1)
    H(6) + C[CH2](5) <=> ethane(1)

After model enlargement:
    The model core has 5 species and 0 reactions
    The model edge has 5 species and 3 reactions


Completed initial enlarge edge step.

Saving current model core to Chemkin file...
Chemkin file contains 0 reactions.
Saving annotated version of Chemkin file...
Chemkin file contains 0 reactions.
Saving current model core and edge to Chemkin file...
Chemkin file contains 3 reactions.
Saving annotated version of Chemkin file...
Chemkin file contains 3 reactions.
Saving current model core to HTML file...
Saving current model edge to HTML file...
Updating RMG execution statistics...
    Execution time (DD:HH:MM:SS): 00:00:00:49
    Memory used: 777.23 MB

Making seed mechanism...
Beginning model generation stage 1...

Making seed mechanism...
Conducting simulation of reaction system 1...
At time 0.0000e+00 s, species [CH3](4) was added to model core to avoid singularity


Adding species [CH3](4) to model core

Summary of Model Enlargement
---------------------------------
Added 1 new core species
    [CH3](4)
Created 0 new edge species
Moved 1 reactions from edge to core
    [CH3](4) + [CH3](4) <=> ethane(1)
Added 0 new core reactions
Created 0 new edge reactions

After model enlargement:
    The model core has 6 species and 1 reactions
    The model edge has 4 species and 2 reactions


At time 1.0000e+06 s, reached target termination time.
    ethane(1) conversion: 0.0004893 

For reaction generation 1 process is used.
Generating thermo for new species...
Species [CH2] renamed CH2(T) based on thermo library name
Generating kinetics for new reactions...

Summary of Secondary Model Edge Enlargement
---------------------------------
Added 0 new core species
Created 1 new edge species
    CH2(T)(7)
Added 0 new core reactions
Created 3 new edge reactions
    H(6) + CH2(T)(7) <=> [CH3](4)
    [CH3](4) + ethane(1) <=> CH4(3) + C[CH2](5)
    CH2(T)(7) + CH4(3) <=> [CH3](4) + [CH3](4)

After model enlargement:
    The model core has 6 species and 1 reactions
    The model edge has 5 species and 5 reactions


Saving current model core to Chemkin file...
Chemkin file contains 1 reactions.
Saving annotated version of Chemkin file...
Chemkin file contains 1 reactions.
Saving current model core and edge to Chemkin file...
Chemkin file contains 6 reactions.
Saving annotated version of Chemkin file...
Chemkin file contains 6 reactions.
Saving current model core to HTML file...
Saving current model edge to HTML file...
Updating RMG execution statistics...
    Execution time (DD:HH:MM:SS): 00:00:00:50
    Memory used: 778.87 MB

Making seed mechanism...
Conducting simulation of reaction system 1...
At time 2.8356e-07 s, species C[CH2](5) at 0.10092195084950256 exceeded the minimum rate for simulation interruption of 0.1
Reached max number of objects...preparing to terminate
At time 2.8356e-07 s, species C[CH2](5) at rate ratio 0.10092195084950256 exceeded the minimum rate for moving to model core of 0.1
terminating simulation due to interrupt...


Adding species C[CH2](5) to model core

Summary of Model Enlargement
---------------------------------
Added 1 new core species
    C[CH2](5)
Created 0 new edge species
Added 0 new core reactions
Created 0 new edge reactions

After model enlargement:
    The model core has 7 species and 1 reactions
    The model edge has 4 species and 5 reactions


At time 1.0000e+06 s, reached target termination time.
    ethane(1) conversion: 0.0004893 

For reaction generation 1 process is used.

Summary of Secondary Model Edge Enlargement
---------------------------------
Added 0 new core species
Created 0 new edge species
Added 0 new core reactions
Created 0 new edge reactions

After model enlargement:
    The model core has 7 species and 1 reactions
    The model edge has 4 species and 5 reactions


Saving current model core to Chemkin file...
Chemkin file contains 1 reactions.
Saving annotated version of Chemkin file...
Chemkin file contains 1 reactions.
Saving current model core and edge to Chemkin file...
Chemkin file contains 6 reactions.
Saving annotated version of Chemkin file...
Chemkin file contains 6 reactions.
Saving current model core to HTML file...
Saving current model edge to HTML file...
Updating RMG execution statistics...
    Execution time (DD:HH:MM:SS): 00:00:00:50
    Memory used: 778.88 MB

Making seed mechanism...
Conducting simulation of reaction system 1...
At time 3.0220e-07 s, species CH4(3) at 0.10380639719825377 exceeded the minimum rate for simulation interruption of 0.1
Reached max number of objects...preparing to terminate
At time 3.0220e-07 s, species CH4(3) at rate ratio 0.10380639719825377 exceeded the minimum rate for moving to model core of 0.1
terminating simulation due to interrupt...


Adding species CH4(3) to model core

Summary of Model Enlargement
---------------------------------
Added 1 new core species
    CH4(3)
Created 0 new edge species
Moved 1 reactions from edge to core
    [CH3](4) + ethane(1) <=> CH4(3) + C[CH2](5)
Added 0 new core reactions
Created 0 new edge reactions

After model enlargement:
    The model core has 8 species and 2 reactions
    The model edge has 3 species and 4 reactions


At time 1.0000e+06 s, reached target termination time.
    ethane(1) conversion: 0.1427    

For reaction generation 1 process is used.
Generating thermo for new species...
Species [H][H] renamed H2 based on thermo library name
Generating kinetics for new reactions...

Summary of Secondary Model Edge Enlargement
---------------------------------
Added 0 new core species
Created 6 new edge species
    [CH]C(8)
    C=C(9)
    [CH2][CH2](10)
    H2(11)
    CCC(12)
    CCCC(13)
Added 0 new core reactions
Created 13 new edge reactions
    CH2(T)(7) + [CH3](4) <=> C[CH2](5)
    H(6) + [CH]C(8) <=> C[CH2](5)
    H(6) + C=C(9) <=> C[CH2](5)
    H(6) + [CH2][CH2](10) <=> C[CH2](5)
    H2(11) + CH2(S)(2) <=> CH4(3)
    H(6) + [CH3](4) <=> CH4(3)
    [CH3](4) + C[CH2](5) <=> CH4(3) + C=C(9)
    CH2(T)(7) + ethane(1) <=> [CH3](4) + C[CH2](5)
    CH4(3) + [CH]C(8) <=> [CH3](4) + C[CH2](5)
    [CH3](4) + C[CH2](5) <=> CCC(12)
    C[CH2](5) + C[CH2](5) <=> C=C(9) + ethane(1)
    [CH]C(8) + ethane(1) <=> C[CH2](5) + C[CH2](5)
    C[CH2](5) + C[CH2](5) <=> CCCC(13)

After model enlargement:
    The model core has 8 species and 2 reactions
    The model edge has 9 species and 17 reactions


Saving current model core to Chemkin file...
Chemkin file contains 2 reactions.
Saving annotated version of Chemkin file...
Chemkin file contains 2 reactions.
Saving current model core and edge to Chemkin file...
Chemkin file contains 19 reactions.
Saving annotated version of Chemkin file...
Chemkin file contains 19 reactions.
Saving current model core to HTML file...
Saving current model edge to HTML file...
Updating RMG execution statistics...
    Execution time (DD:HH:MM:SS): 00:00:00:51
    Memory used: 779.22 MB

Making seed mechanism...
Conducting simulation of reaction system 1...
At time 1.3599e-07 s, species H(6) at 0.11994485098628936 exceeded the minimum rate for simulation interruption of 0.1
At time 1.3599e-07 s, species C=C(9) at 0.1162300492815117 exceeded the minimum rate for simulation interruption of 0.1
Exceeded max number of objects...removing excess objects
Reached max number of objects...preparing to terminate
At time 1.3599e-07 s, species H(6) at rate ratio 0.11994485098628936 exceeded the minimum rate for moving to model core of 0.1
terminating simulation due to interrupt...


Adding species H(6) to model core

Summary of Model Enlargement
---------------------------------
Added 1 new core species
    H(6)
Created 0 new edge species
Moved 2 reactions from edge to core
    H(6) + C[CH2](5) <=> ethane(1)
    H(6) + [CH3](4) <=> CH4(3)
Added 0 new core reactions
Created 0 new edge reactions

After model enlargement:
    The model core has 9 species and 4 reactions
    The model edge has 8 species and 15 reactions


At time 1.0000e+06 s, reached target termination time.
    ethane(1) conversion: 0.1427    

For reaction generation 1 process is used.
Generating kinetics for new reactions...
Warning: Marked reaction H(6) + C[CH2](5) <=> ethane(1) as duplicate of H(6) + C[CH2](5) <=> ethane(1) for saving to Chemkin file.

Summary of Secondary Model Edge Enlargement
---------------------------------
Added 0 new core species
Created 0 new edge species
Added 1 new core reactions
    H(6) + C[CH2](5) <=> ethane(1)
Created 6 new edge reactions
    H(6) + ethane(1) <=> H2(11) + C[CH2](5)
    H2(11) + CH2(T)(7) <=> H(6) + [CH3](4)
    H(6) + C[CH2](5) <=> H2(11) + C=C(9)
    H2(11) + [CH]C(8) <=> H(6) + C[CH2](5)
    H(6) + CH4(3) <=> H2(11) + [CH3](4)
    H(6) + H(6) <=> H2(11)

After model enlargement:
    The model core has 9 species and 5 reactions
    The model edge has 8 species and 21 reactions


Saving current model core to Chemkin file...
Chemkin file contains 5 reactions.
Saving annotated version of Chemkin file...
Chemkin file contains 5 reactions.
Saving current model core and edge to Chemkin file...
Chemkin file contains 26 reactions.
Saving annotated version of Chemkin file...
Chemkin file contains 26 reactions.
Saving current model core to HTML file...
Saving current model edge to HTML file...
Updating RMG execution statistics...
    Execution time (DD:HH:MM:SS): 00:00:00:52
    Memory used: 779.22 MB

Making seed mechanism...
Conducting simulation of reaction system 1...
At time 1.0000e-07 s, species C=C(9) at 0.11126612397026395 exceeded the minimum rate for simulation interruption of 0.1
Reached max number of objects...preparing to terminate
At time 1.0000e-07 s, species C=C(9) at rate ratio 0.11126612397026395 exceeded the minimum rate for moving to model core of 0.1
terminating simulation due to interrupt...


Adding species C=C(9) to model core

Summary of Model Enlargement
---------------------------------
Added 1 new core species
    C=C(9)
Created 0 new edge species
Moved 3 reactions from edge to core
    H(6) + C=C(9) <=> C[CH2](5)
    [CH3](4) + C[CH2](5) <=> CH4(3) + C=C(9)
    C[CH2](5) + C[CH2](5) <=> C=C(9) + ethane(1)
Added 0 new core reactions
Created 0 new edge reactions

After model enlargement:
    The model core has 10 species and 8 reactions
    The model edge has 7 species and 18 reactions


At time 1.3107e-02 s, reached target termination conversion: 0.900000 of ethane(1)
    ethane(1) conversion: 0.9004    

For reaction generation 1 process is used.
Generating thermo for new species...
Generating kinetics for new reactions...

Summary of Secondary Model Edge Enlargement
---------------------------------
Added 0 new core species
Created 5 new edge species
    [CH]=C(14)
    [CH]C(15)
    [CH2]CC(16)
    [CH2]CCC(17)
    [CH2]CC[CH2](18)
Added 0 new core reactions
Created 12 new edge reactions
    H(6) + [CH]=C(14) <=> C=C(9)
    [CH]C(15) <=> C=C(9)
    CH2(T)(7) + C[CH2](5) <=> [CH3](4) + C=C(9)
    CH4(3) + [CH]=C(14) <=> [CH3](4) + C=C(9)
    [CH3](4) + C=C(9) <=> [CH2]CC(16)
    [CH]C(8) + C[CH2](5) <=> C=C(9) + C[CH2](5)
    [CH2][CH2](10) + C[CH2](5) <=> C=C(9) + C[CH2](5)
    [CH]=C(14) + ethane(1) <=> C=C(9) + C[CH2](5)
    C=C(9) + C[CH2](5) <=> [CH2]CCC(17)
    H(6) + C=C(9) <=> H2(11) + [CH]=C(14)
    [CH2]CC[CH2](18) <=> C=C(9) + C=C(9)
    [CH]=C(14) + C[CH2](5) <=> C=C(9) + C=C(9)

After model enlargement:
    The model core has 10 species and 8 reactions
    The model edge has 12 species and 30 reactions


Saving current model core to Chemkin file...
Chemkin file contains 8 reactions.
Saving annotated version of Chemkin file...
Chemkin file contains 8 reactions.
Saving current model core and edge to Chemkin file...
Chemkin file contains 38 reactions.
Saving annotated version of Chemkin file...
Chemkin file contains 38 reactions.
Saving current model core to HTML file...
Saving current model edge to HTML file...
Updating RMG execution statistics...
    Execution time (DD:HH:MM:SS): 00:00:00:53
    Memory used: 779.22 MB

Making seed mechanism...
Conducting simulation of reaction system 1...
At time 8.7951e-08 s, species H2(11) at 0.10130331283726848 exceeded the minimum rate for simulation interruption of 0.1
Reached max number of objects...preparing to terminate
At time 8.7951e-08 s, species H2(11) at rate ratio 0.10130331283726848 exceeded the minimum rate for moving to model core of 0.1
terminating simulation due to interrupt...


Adding species H2(11) to model core

Summary of Model Enlargement
---------------------------------
Added 1 new core species
    H2(11)
Created 0 new edge species
Moved 4 reactions from edge to core
    H(6) + ethane(1) <=> H2(11) + C[CH2](5)
    H(6) + C[CH2](5) <=> H2(11) + C=C(9)
    H(6) + CH4(3) <=> H2(11) + [CH3](4)
    H(6) + H(6) <=> H2(11)
Added 0 new core reactions
Created 0 new edge reactions

After model enlargement:
    The model core has 11 species and 12 reactions
    The model edge has 11 species and 26 reactions


At time 1.1690e-03 s, reached target termination conversion: 0.900000 of ethane(1)
    ethane(1) conversion: 0.9001    

For reaction generation 1 process is used.

Summary of Secondary Model Edge Enlargement
---------------------------------
Added 0 new core species
Created 0 new edge species
Added 0 new core reactions
Created 0 new edge reactions

After model enlargement:
    The model core has 11 species and 12 reactions
    The model edge has 11 species and 26 reactions


Saving current model core to Chemkin file...
Chemkin file contains 12 reactions.
Saving annotated version of Chemkin file...
Chemkin file contains 12 reactions.
Saving current model core and edge to Chemkin file...
Chemkin file contains 38 reactions.
Saving annotated version of Chemkin file...
Chemkin file contains 38 reactions.
Saving current model core to HTML file...
Saving current model edge to HTML file...
Updating RMG execution statistics...
    Execution time (DD:HH:MM:SS): 00:00:00:53
    Memory used: 779.22 MB

Making seed mechanism...
Conducting simulation of reaction system 1...
At time 2.0666e-04 s, species [CH2]CC(16) at 0.10031268261558869 exceeded the minimum rate for simulation interruption of 0.1
Reached max number of objects...preparing to terminate
At time 2.0666e-04 s, species [CH2]CC(16) at rate ratio 0.10031268261558869 exceeded the minimum rate for moving to model core of 0.1
terminating simulation due to interrupt...


Adding species [CH2]CC(16) to model core

Summary of Model Enlargement
---------------------------------
Added 1 new core species
    [CH2]CC(16)
Created 0 new edge species
Moved 1 reactions from edge to core
    [CH3](4) + C=C(9) <=> [CH2]CC(16)
Added 0 new core reactions
Created 0 new edge reactions

After model enlargement:
    The model core has 12 species and 13 reactions
    The model edge has 10 species and 25 reactions


At time 1.1694e-03 s, reached target termination conversion: 0.900000 of ethane(1)
    ethane(1) conversion: 0.9002    

For reaction generation 1 process is used.
Generating thermo for new species...
Generating kinetics for new reactions...

Summary of Secondary Model Edge Enlargement
---------------------------------
Added 0 new core species
Created 6 new edge species
    [CH]CC(19)
    C=CC(20)
    [CH2][CH]C(21)
    [CH2]C[CH2](22)
    C[CH]C(23)
    [CH2]CCCC(24)
Added 0 new core reactions
Created 14 new edge reactions
    CH2(S)(2) + C[CH2](5) <=> [CH2]CC(16)
    CH2(T)(7) + C[CH2](5) <=> [CH2]CC(16)
    H(6) + [CH]CC(19) <=> [CH2]CC(16)
    H(6) + C=CC(20) <=> [CH2]CC(16)
    [CH3](4) + [CH2][CH2](10) <=> [CH2]CC(16)
    H(6) + [CH2][CH]C(21) <=> [CH2]CC(16)
    H(6) + [CH2]C[CH2](22) <=> [CH2]CC(16)
    C[CH]C(23) <=> [CH2]CC(16)
    C[CH2](5) + [CH]CC(19) <=> C=C(9) + [CH2]CC(16)
    C[CH2](5) + [CH2][CH]C(21) <=> C=C(9) + [CH2]CC(16)
    C[CH2](5) + [CH2]C[CH2](22) <=> C=C(9) + [CH2]CC(16)
    [CH]=C(14) + CCC(12) <=> C=C(9) + [CH2]CC(16)
    C=C(9) + [CH2]CC(16) <=> [CH2]CCCC(24)
    H(6) + CCC(12) <=> H2(11) + [CH2]CC(16)

After model enlargement:
    The model core has 12 species and 13 reactions
    The model edge has 16 species and 39 reactions


Saving current model core to Chemkin file...
Chemkin file contains 13 reactions.
Saving annotated version of Chemkin file...
Chemkin file contains 13 reactions.
Saving current model core and edge to Chemkin file...
Chemkin file contains 52 reactions.
Saving annotated version of Chemkin file...
Chemkin file contains 52 reactions.
Saving current model core to HTML file...
Saving current model edge to HTML file...
Updating RMG execution statistics...
    Execution time (DD:HH:MM:SS): 00:00:00:54
    Memory used: 779.22 MB

Making seed mechanism...
Conducting simulation of reaction system 1...
At time 2.1785e-04 s, species [CH]=C(14) at 0.10110954856002567 exceeded the minimum rate for simulation interruption of 0.1
Reached max number of objects...preparing to terminate
At time 2.1785e-04 s, species [CH]=C(14) at rate ratio 0.10110954856002567 exceeded the minimum rate for moving to model core of 0.1
terminating simulation due to interrupt...


Adding species [CH]=C(14) to model core

Summary of Model Enlargement
---------------------------------
Added 1 new core species
    [CH]=C(14)
Created 0 new edge species
Moved 5 reactions from edge to core
    H(6) + [CH]=C(14) <=> C=C(9)
    CH4(3) + [CH]=C(14) <=> [CH3](4) + C=C(9)
    [CH]=C(14) + ethane(1) <=> C=C(9) + C[CH2](5)
    H(6) + C=C(9) <=> H2(11) + [CH]=C(14)
    [CH]=C(14) + C[CH2](5) <=> C=C(9) + C=C(9)
Added 0 new core reactions
Created 0 new edge reactions

After model enlargement:
    The model core has 13 species and 18 reactions
    The model edge has 15 species and 34 reactions


At time 1.2458e-03 s, reached target termination conversion: 0.900000 of ethane(1)
    ethane(1) conversion: 0.9006    

For reaction generation 1 process is used.
Generating thermo for new species...
Generating kinetics for new reactions...

Summary of Secondary Model Edge Enlargement
---------------------------------
Added 0 new core species
Created 4 new edge species
    [C]=C(25)
    C#C(26)
    [CH]=[CH](27)
    [CH2]CC=C(28)
Added 0 new core reactions
Created 10 new edge reactions
    H(6) + [C]=C(25) <=> [CH]=C(14)
    H(6) + C#C(26) <=> [CH]=C(14)
    H(6) + [CH]=[CH](27) <=> [CH]=C(14)
    [CH]C(8) + C[CH2](5) <=> [CH]=C(14) + ethane(1)
    [CH3](4) + [CH]C(8) <=> CH4(3) + [CH]=C(14)
    [CH]=C(14) + [CH]C(8) <=> [CH]=C(14) + C=C(9)
    [C]=C(25) + C[CH2](5) <=> [CH]=C(14) + C=C(9)
    [CH]=[CH](27) + C[CH2](5) <=> [CH]=C(14) + C=C(9)
    [CH]=C(14) + C=C(9) <=> [CH2]CC=C(28)
    H(6) + [CH]C(8) <=> H2(11) + [CH]=C(14)

After model enlargement:
    The model core has 13 species and 18 reactions
    The model edge has 19 species and 44 reactions


Saving current model core to Chemkin file...
Chemkin file contains 18 reactions.
Saving annotated version of Chemkin file...
Chemkin file contains 18 reactions.
Saving current model core and edge to Chemkin file...
Chemkin file contains 62 reactions.
Saving annotated version of Chemkin file...
Chemkin file contains 62 reactions.
Saving current model core to HTML file...
Saving current model edge to HTML file...
Updating RMG execution statistics...
    Execution time (DD:HH:MM:SS): 00:00:00:55
    Memory used: 779.29 MB

Making seed mechanism...
Conducting simulation of reaction system 1...
At time 4.6936e-06 s, species C#C(26) at 0.10149233950989835 exceeded the minimum rate for simulation interruption of 0.1
Reached max number of objects...preparing to terminate
At time 4.6936e-06 s, species C#C(26) at rate ratio 0.10149233950989835 exceeded the minimum rate for moving to model core of 0.1
terminating simulation due to interrupt...


Adding species C#C(26) to model core

Summary of Model Enlargement
---------------------------------
Added 1 new core species
    C#C(26)
Created 0 new edge species
Moved 1 reactions from edge to core
    H(6) + C#C(26) <=> [CH]=C(14)
Added 0 new core reactions
Created 0 new edge reactions

After model enlargement:
    The model core has 14 species and 19 reactions
    The model edge has 18 species and 43 reactions


At time 1.0430e-03 s, reached target termination conversion: 0.900000 of ethane(1)
    ethane(1) conversion: 0.9001    

For reaction generation 1 process is used.
Generating thermo for new species...
Generating kinetics for new reactions...

Summary of Secondary Model Edge Enlargement
---------------------------------
Added 0 new core species
Created 7 new edge species
    [C]#C(29)
    [C]=C(30)
    [CH]=CC(31)
    [CH]=CCC(32)
    [CH]=CC[CH2](33)
    [CH]=CC=C(34)
    [CH]=CC=[CH](35)
Added 4 new core reactions
    [CH]=C(14) + C[CH2](5) <=> C#C(26) + ethane(1)
    [CH3](4) + [CH]=C(14) <=> CH4(3) + C#C(26)
    [CH]=C(14) + [CH]=C(14) <=> C#C(26) + C=C(9)
    H(6) + [CH]=C(14) <=> H2(11) + C#C(26)
Created 19 new edge reactions
    H(6) + [C]#C(29) <=> C#C(26)
    [C]=C(30) <=> C#C(26)
    CH2(T)(7) + [CH]=C(14) <=> [CH3](4) + C#C(26)
    CH4(3) + [C]#C(29) <=> [CH3](4) + C#C(26)
    [CH3](4) + C#C(26) <=> [CH]=CC(31)
    [CH]=C(14) + [CH]C(8) <=> C#C(26) + C[CH2](5)
    [CH]=C(14) + [CH2][CH2](10) <=> C#C(26) + C[CH2](5)
    [C]#C(29) + ethane(1) <=> C#C(26) + C[CH2](5)
    C#C(26) + C[CH2](5) <=> [CH]=CCC(32)
    H2(11) + [C]#C(29) <=> H(6) + C#C(26)
    [CH]=CC[CH2](33) <=> C#C(26) + C=C(9)
    [C]#C(29) + C[CH2](5) <=> C#C(26) + C=C(9)
    [C]=C(25) + [CH]=C(14) <=> C#C(26) + [CH]=C(14)
    [CH]=[CH](27) + [CH]=C(14) <=> C#C(26) + [CH]=C(14)
    [C]#C(29) + [CH]C(8) <=> C#C(26) + [CH]=C(14)
    [C]#C(29) + C=C(9) <=> C#C(26) + [CH]=C(14)
    C#C(26) + [CH]=C(14) <=> [CH]=CC=C(34)
    [CH]=CC=[CH](35) <=> C#C(26) + C#C(26)
    [C]#C(29) + [CH]=C(14) <=> C#C(26) + C#C(26)

After model enlargement:
    The model core has 14 species and 23 reactions
    The model edge has 25 species and 62 reactions


Saving current model core to Chemkin file...
Chemkin file contains 23 reactions.
Saving annotated version of Chemkin file...
Chemkin file contains 23 reactions.
Saving current model core and edge to Chemkin file...
Chemkin file contains 85 reactions.
Saving annotated version of Chemkin file...
Chemkin file contains 85 reactions.
Saving current model core to HTML file...
Saving current model edge to HTML file...
Updating RMG execution statistics...
    Execution time (DD:HH:MM:SS): 00:00:00:56
    Memory used: 779.29 MB

Making seed mechanism...
Conducting simulation of reaction system 1...
At time 5.6286e-05 s, species [C]=C(30) at 0.10230269493221748 exceeded the minimum rate for simulation interruption of 0.1
Reached max number of objects...preparing to terminate
At time 5.6286e-05 s, species [C]=C(30) at rate ratio 0.10230269493221748 exceeded the minimum rate for moving to model core of 0.1
terminating simulation due to interrupt...


Adding species [C]=C(30) to model core

Summary of Model Enlargement
---------------------------------
Added 1 new core species
    [C]=C(30)
Created 0 new edge species
Moved 1 reactions from edge to core
    [C]=C(30) <=> C#C(26)
Added 0 new core reactions
Created 0 new edge reactions

After model enlargement:
    The model core has 15 species and 24 reactions
    The model edge has 24 species and 61 reactions


At time 1.0637e-03 s, reached target termination conversion: 0.900000 of ethane(1)
    ethane(1) conversion: 0.9011    

For reaction generation 1 process is used.

Summary of Secondary Model Edge Enlargement
---------------------------------
Added 0 new core species
Created 0 new edge species
Added 0 new core reactions
Created 0 new edge reactions

After model enlargement:
    The model core has 15 species and 24 reactions
    The model edge has 24 species and 61 reactions


Saving current model core to Chemkin file...
Chemkin file contains 24 reactions.
Saving annotated version of Chemkin file...
Chemkin file contains 24 reactions.
Saving current model core and edge to Chemkin file...
Chemkin file contains 85 reactions.
Saving annotated version of Chemkin file...
Chemkin file contains 85 reactions.
Saving current model core to HTML file...
Saving current model edge to HTML file...
Updating RMG execution statistics...
    Execution time (DD:HH:MM:SS): 00:00:00:57
    Memory used: 779.30 MB

Making seed mechanism...
Conducting simulation of reaction system 1...
At time 8.0996e-04 s, species [CH2]CC=C(28) at 0.10055831429250447 exceeded the minimum rate for simulation interruption of 0.1
Reached max number of objects...preparing to terminate
At time 8.0996e-04 s, species [CH2]CC=C(28) at rate ratio 0.10055831429250447 exceeded the minimum rate for moving to model core of 0.1
terminating simulation due to interrupt...


Adding species [CH2]CC=C(28) to model core

Summary of Model Enlargement
---------------------------------
Added 1 new core species
    [CH2]CC=C(28)
Created 0 new edge species
Moved 1 reactions from edge to core
    [CH]=C(14) + C=C(9) <=> [CH2]CC=C(28)
Added 0 new core reactions
Created 0 new edge reactions

After model enlargement:
    The model core has 16 species and 25 reactions
    The model edge has 23 species and 60 reactions


At time 1.0588e-03 s, reached target termination conversion: 0.900000 of ethane(1)
    ethane(1) conversion: 0.9006    

For reaction generation 1 process is used.
Generating thermo for new species...
Generating kinetics for new reactions...

Summary of Secondary Model Edge Enlargement
---------------------------------
Added 0 new core species
Created 20 new edge species
    [CH2]C=C(36)
    [CH]CC=C(37)
    [CH2][CH]C[CH2](38)
    [CH]1CCC1(39)
    [CH2]C1CC1(40)
    C=CC=C(41)
    [CH2][CH]C=C(42)
    [CH2]C[C]=C(43)
    C=C[CH]C(44)
    C=[C]CC(45)
    [CH2]C[CH]CC[CH2](46)
    [CH2]CC([CH2])C[CH2](47)
    [CH2]C[CH]C(48)
    C=CCC(49)
    [CH2]CCCC=C(50)
    [CH2]C=CCCC(51)
    [CH]=CC[CH]C[CH2](52)
    [CH]=CC([CH2])C[CH2](53)
    [CH]=CCCC=C(54)
    [CH2]C=CCC=C(55)
Added 0 new core reactions
Created 38 new edge reactions
    CH2(T)(7) + [CH2]C=C(36) <=> [CH2]CC=C(28)
    H(6) + [CH]CC=C(37) <=> [CH2]CC=C(28)
    [CH2][CH]C[CH2](38) <=> [CH2]CC=C(28)
    [CH2]CC=C(28) <=> [CH]1CCC1(39)
    [CH2]CC=C(28) <=> [CH2]C1CC1(40)
    H(6) + C=CC=C(41) <=> [CH2]CC=C(28)
    [CH]=C(14) + [CH2][CH2](10) <=> [CH2]CC=C(28)
    H(6) + [CH2][CH]C=C(42) <=> [CH2]CC=C(28)
    H(6) + [CH2]C[C]=C(43) <=> [CH2]CC=C(28)
    H(6) + [CH]=CC[CH2](33) <=> [CH2]CC=C(28)
    [CH2]CC=C(28) <=> C=C[CH]C(44)
    C=[C]CC(45) <=> [CH2]CC=C(28)
    [CH]=CCC(32) <=> [CH2]CC=C(28)
    [CH2]C[CH]CC[CH2](46) <=> C=C(9) + [CH2]CC=C(28)
    [CH2]CC([CH2])C[CH2](47) <=> C=C(9) + [CH2]CC=C(28)
    [CH]=C(14) + [CH2]CC[CH2](18) <=> C=C(9) + [CH2]CC=C(28)
    [CH]=C(14) + [CH2]C[CH]C(48) <=> C=C(9) + [CH2]CC=C(28)
    C[CH2](5) + [CH]CC=C(37) <=> C=C(9) + [CH2]CC=C(28)
    C[CH2](5) + [CH2][CH]C=C(42) <=> C=C(9) + [CH2]CC=C(28)
    C[CH2](5) + [CH2]C[C]=C(43) <=> C=C(9) + [CH2]CC=C(28)
    C[CH2](5) + [CH]=CC[CH2](33) <=> C=C(9) + [CH2]CC=C(28)
    [CH]=C(14) + C=CCC(49) <=> C=C(9) + [CH2]CC=C(28)
    C=C(9) + [CH2]CC=C(28) <=> [CH2]CCCC=C(50)
    [CH2]C=CCCC(51) <=> C=C(9) + [CH2]CC=C(28)
    H(6) + [CH2]CC[CH2](18) <=> H2(11) + [CH2]CC=C(28)
    H(6) + [CH2]C[CH]C(48) <=> H2(11) + [CH2]CC=C(28)
    H(6) + C=CCC(49) <=> H2(11) + [CH2]CC=C(28)
    [CH]=CC[CH]C[CH2](52) <=> C#C(26) + [CH2]CC=C(28)
    [CH]=CC([CH2])C[CH2](53) <=> C#C(26) + [CH2]CC=C(28)
    [C]#C(29) + [CH2]CC[CH2](18) <=> C#C(26) + [CH2]CC=C(28)
    [C]#C(29) + [CH2]C[CH]C(48) <=> C#C(26) + [CH2]CC=C(28)
    [CH]=C(14) + [CH]CC=C(37) <=> C#C(26) + [CH2]CC=C(28)
    [CH]=C(14) + [CH2][CH]C=C(42) <=> C#C(26) + [CH2]CC=C(28)
    [CH]=C(14) + [CH2]C[C]=C(43) <=> C#C(26) + [CH2]CC=C(28)
    [CH]=C(14) + [CH]=CC[CH2](33) <=> C#C(26) + [CH2]CC=C(28)
    [C]#C(29) + C=CCC(49) <=> C#C(26) + [CH2]CC=C(28)
    C#C(26) + [CH2]CC=C(28) <=> [CH]=CCCC=C(54)
    [CH2]C=CCC=C(55) <=> C#C(26) + [CH2]CC=C(28)

After model enlargement:
    The model core has 16 species and 25 reactions
    The model edge has 43 species and 98 reactions


Saving current model core to Chemkin file...
Chemkin file contains 25 reactions.
Saving annotated version of Chemkin file...
Chemkin file contains 25 reactions.
Saving current model core and edge to Chemkin file...
Chemkin file contains 123 reactions.
Saving annotated version of Chemkin file...
Chemkin file contains 123 reactions.
Saving current model core to HTML file...
Saving current model edge to HTML file...
Updating RMG execution statistics...
    Execution time (DD:HH:MM:SS): 00:00:00:58
    Memory used: 782.36 MB

Making seed mechanism...
Conducting simulation of reaction system 1...
At time 4.0294e-05 s, species [CH2]C1CC1(40) at 0.1000446333816611 exceeded the minimum rate for simulation interruption of 0.1
Reached max number of objects...preparing to terminate
At time 4.0294e-05 s, species [CH2]C1CC1(40) at rate ratio 0.1000446333816611 exceeded the minimum rate for moving to model core of 0.1
terminating simulation due to interrupt...


Adding species [CH2]C1CC1(40) to model core

Summary of Model Enlargement
---------------------------------
Added 1 new core species
    [CH2]C1CC1(40)
Created 0 new edge species
Moved 1 reactions from edge to core
    [CH2]CC=C(28) <=> [CH2]C1CC1(40)
Added 0 new core reactions
Created 0 new edge reactions

After model enlargement:
    The model core has 17 species and 26 reactions
    The model edge has 42 species and 97 reactions


At time 1.0702e-03 s, reached target termination conversion: 0.900000 of ethane(1)
    ethane(1) conversion: 0.9019    

For reaction generation 1 process is used.
Generating thermo for new species...
Generating kinetics for new reactions...

Summary of Secondary Model Edge Enlargement
---------------------------------
Added 0 new core species
Created 8 new edge species
    [CH]1CC1(56)
    [CH]C1CC1(57)
    [CH2]C([CH2])[CH2](58)
    C=C1CC1(59)
    [CH2][C]1CC1(60)
    [CH2]C1[CH]C1(61)
    C[C]1CC1(62)
    CC1[CH]C1(63)
Added 0 new core reactions
Created 11 new edge reactions
    CH2(S)(2) + [CH2]C=C(36) <=> [CH2]C1CC1(40)
    [CH2]C1CC1(40) <=> [CH]1CCC1(39)
    CH2(T)(7) + [CH]1CC1(56) <=> [CH2]C1CC1(40)
    H(6) + [CH]C1CC1(57) <=> [CH2]C1CC1(40)
    [CH2]C([CH2])[CH2](58) <=> [CH2]C1CC1(40)
    [CH2][CH]C[CH2](38) <=> [CH2]C1CC1(40)
    H(6) + C=C1CC1(59) <=> [CH2]C1CC1(40)
    H(6) + [CH2][C]1CC1(60) <=> [CH2]C1CC1(40)
    H(6) + [CH2]C1[CH]C1(61) <=> [CH2]C1CC1(40)
    C[C]1CC1(62) <=> [CH2]C1CC1(40)
    CC1[CH]C1(63) <=> [CH2]C1CC1(40)

After model enlargement:
    The model core has 17 species and 26 reactions
    The model edge has 50 species and 108 reactions


Saving current model core to Chemkin file...
Chemkin file contains 26 reactions.
Saving annotated version of Chemkin file...
Chemkin file contains 26 reactions.
Saving current model core and edge to Chemkin file...
Chemkin file contains 134 reactions.
Saving annotated version of Chemkin file...
Chemkin file contains 134 reactions.
Saving current model core to HTML file...
Saving current model edge to HTML file...
Updating RMG execution statistics...
    Execution time (DD:HH:MM:SS): 00:00:00:59
    Memory used: 786.48 MB

Making seed mechanism...
Conducting simulation of reaction system 1...
At time 4.3576e-04 s, species [CH]=CCC(32) at 0.10053788298500597 exceeded the minimum rate for simulation interruption of 0.1
Reached max number of objects...preparing to terminate
At time 4.3576e-04 s, species [CH]=CCC(32) at rate ratio 0.10053788298500597 exceeded the minimum rate for moving to model core of 0.1
terminating simulation due to interrupt...


Adding species [CH]=CCC(32) to model core

Summary of Model Enlargement
---------------------------------
Added 1 new core species
    [CH]=CCC(32)
Created 0 new edge species
Moved 2 reactions from edge to core
    C#C(26) + C[CH2](5) <=> [CH]=CCC(32)
    [CH]=CCC(32) <=> [CH2]CC=C(28)
Added 0 new core reactions
Created 0 new edge reactions

After model enlargement:
    The model core has 18 species and 28 reactions
    The model edge has 49 species and 106 reactions


At time 1.0541e-03 s, reached target termination conversion: 0.900000 of ethane(1)
    ethane(1) conversion: 0.9       

For reaction generation 1 process is used.
Generating thermo for new species...
Generating kinetics for new reactions...

Summary of Secondary Model Edge Enlargement
---------------------------------
Added 0 new core species
Created 5 new edge species
    [C]=CCC(64)
    C#CCC(65)
    [CH]=C[CH2](66)
    [CH]=C[CH]C(67)
    [CH]=[C]CC(68)
Added 0 new core reactions
Created 11 new edge reactions
    CH2(S)(2) + [CH]=CC(31) <=> [CH]=CCC(32)
    CH2(S)(2) + [CH]=CC(31) <=> [CH]=CCC(32)
    H(6) + [C]=CCC(64) <=> [CH]=CCC(32)
    H(6) + C#CCC(65) <=> [CH]=CCC(32)
    [CH3](4) + [CH]=C[CH2](66) <=> [CH]=CCC(32)
    [CH]=[CH](27) + C[CH2](5) <=> [CH]=CCC(32)
    H(6) + [CH]=C[CH]C(67) <=> [CH]=CCC(32)
    H(6) + [CH]=CC[CH2](33) <=> [CH]=CCC(32)
    H(6) + [CH]=[C]CC(68) <=> [CH]=CCC(32)
    [CH]=CCC(32) <=> C=[C]CC(45)
    [CH]=CCC(32) <=> C=C[CH]C(44)

After model enlargement:
    The model core has 18 species and 28 reactions
    The model edge has 54 species and 117 reactions


Saving current model core to Chemkin file...
Chemkin file contains 28 reactions.
Saving annotated version of Chemkin file...
Chemkin file contains 28 reactions.
Saving current model core and edge to Chemkin file...
Chemkin file contains 145 reactions.
Saving annotated version of Chemkin file...
Chemkin file contains 145 reactions.
Saving current model core to HTML file...
Saving current model edge to HTML file...
Updating RMG execution statistics...
    Execution time (DD:HH:MM:SS): 00:00:01:00
    Memory used: 790.95 MB

Making seed mechanism...
Conducting simulation of reaction system 1...
At time 6.2252e-04 s, species C=C[CH]C(44) at 0.1007431721830292 exceeded the minimum rate for simulation interruption of 0.1
Reached max number of objects...preparing to terminate
At time 6.2252e-04 s, species C=C[CH]C(44) at rate ratio 0.1007431721830292 exceeded the minimum rate for moving to model core of 0.1
terminating simulation due to interrupt...


Adding species C=C[CH]C(44) to model core

Summary of Model Enlargement
---------------------------------
Added 1 new core species
    C=C[CH]C(44)
Created 0 new edge species
Moved 2 reactions from edge to core
    [CH2]CC=C(28) <=> C=C[CH]C(44)
    [CH]=CCC(32) <=> C=C[CH]C(44)
Added 0 new core reactions
Created 0 new edge reactions

After model enlargement:
    The model core has 19 species and 30 reactions
    The model edge has 53 species and 115 reactions


At time 1.0591e-03 s, reached target termination conversion: 0.900000 of ethane(1)
    ethane(1) conversion: 0.9006    

For reaction generation 1 process is used.
Generating thermo for new species...
Generating kinetics for new reactions...

Summary of Secondary Model Edge Enlargement
---------------------------------
Added 0 new core species
Created 19 new edge species
    C=C=CC(69)
    [CH2]C=[C]C(70)
    [CH2][C]=CC(71)
    C[C]=CC(72)
    [CH2][CH]CC(73)
    CC=CC(74)
    C[CH][CH]C(75)
    [CH2]CC([CH2])[CH]C(76)
    [CH2][CH]C(C)C[CH2](77)
    [CH2]CCC=CC(78)
    [CH2]C(C=C)CC(79)
    [CH2]CC[CH][CH]C(80)
    [CH2]CC(C)C=C(81)
    [CH]=CC([CH2])[CH]C(82)
    [CH]=CC(C)[CH][CH2](83)
    [CH]=CCC=CC(84)
    [CH2]C(C=C)C=C(85)
    [CH]=CC[CH][CH]C(86)
    [CH]=CC(C)C=C(87)
Added 0 new core reactions
Created 60 new edge reactions
    CH2(S)(2) + [CH2]C=C(36) <=> C=C[CH]C(44)
    CH2(T)(7) + [CH]=CC(31) <=> C=C[CH]C(44)
    H(6) + [CH]=C[CH]C(67) <=> C=C[CH]C(44)
    [CH2][CH]C[CH2](38) <=> C=C[CH]C(44)
    C=C[CH]C(44) <=> CC1[CH]C1(63)
    H(6) + C=C=CC(69) <=> C=C[CH]C(44)
    [CH3](4) + [CH]=C[CH2](66) <=> C=C[CH]C(44)
    H(6) + [CH2][CH]C=C(42) <=> C=C[CH]C(44)
    H(6) + [CH2]C=[C]C(70) <=> C=C[CH]C(44)
    H(6) + [CH2][C]=CC(71) <=> C=C[CH]C(44)
    C[C]=CC(72) <=> C=C[CH]C(44)
    C[C]=CC(72) <=> C=C[CH]C(44)
    [CH]=C(14) + [CH]C(8) <=> C=C[CH]C(44)
    H(6) + C=CC=C(41) <=> C=C[CH]C(44)
    C=[C]CC(45) <=> C=C[CH]C(44)
    C[CH2](5) + [CH2][CH]CC(73) <=> ethane(1) + C=C[CH]C(44)
    C[CH2](5) + [CH2]C[CH]C(48) <=> ethane(1) + C=C[CH]C(44)
    ethane(1) + C=C[CH]C(44) <=> C[CH2](5) + CC=CC(74)
    C[CH2](5) + C[CH][CH]C(75) <=> ethane(1) + C=C[CH]C(44)
    ethane(1) + C=C[CH]C(44) <=> C[CH2](5) + C=CCC(49)
    [CH3](4) + [CH2][CH]CC(73) <=> CH4(3) + C=C[CH]C(44)
    [CH3](4) + [CH2]C[CH]C(48) <=> CH4(3) + C=C[CH]C(44)
    [CH3](4) + CC=CC(74) <=> CH4(3) + C=C[CH]C(44)
    [CH3](4) + C[CH][CH]C(75) <=> CH4(3) + C=C[CH]C(44)
    [CH3](4) + C=CCC(49) <=> CH4(3) + C=C[CH]C(44)
    [CH2]CC([CH2])[CH]C(76) <=> C=C(9) + C=C[CH]C(44)
    [CH2][CH]C(C)C[CH2](77) <=> C=C(9) + C=C[CH]C(44)
    [CH]=C(14) + [CH2][CH]CC(73) <=> C=C(9) + C=C[CH]C(44)
    [CH]=C(14) + [CH2]C[CH]C(48) <=> C=C(9) + C=C[CH]C(44)
    C[CH2](5) + [CH]=C[CH]C(67) <=> C=C(9) + C=C[CH]C(44)
    C[CH2](5) + [CH2][CH]C=C(42) <=> C=C(9) + C=C[CH]C(44)
    C[CH2](5) + [CH2]C=[C]C(70) <=> C=C(9) + C=C[CH]C(44)
    C[CH2](5) + [CH2][C]=CC(71) <=> C=C(9) + C=C[CH]C(44)
    C=C(9) + C=C[CH]C(44) <=> [CH]=C(14) + CC=CC(74)
    C=C(9) + C=C[CH]C(44) <=> [CH2]CCC=CC(78)
    [CH2]C(C=C)CC(79) <=> C=C(9) + C=C[CH]C(44)
    [CH2]CC[CH][CH]C(80) <=> C=C(9) + C=C[CH]C(44)
    [CH]=C(14) + C[CH][CH]C(75) <=> C=C(9) + C=C[CH]C(44)
    [CH]=C(14) + C=CCC(49) <=> C=C(9) + C=C[CH]C(44)
    C=C(9) + C=C[CH]C(44) <=> [CH2]CC(C)C=C(81)
    H(6) + [CH2][CH]CC(73) <=> H2(11) + C=C[CH]C(44)
    H(6) + [CH2]C[CH]C(48) <=> H2(11) + C=C[CH]C(44)
    H(6) + CC=CC(74) <=> H2(11) + C=C[CH]C(44)
    H(6) + C[CH][CH]C(75) <=> H2(11) + C=C[CH]C(44)
    H(6) + C=CCC(49) <=> H2(11) + C=C[CH]C(44)
    [CH]=CC([CH2])[CH]C(82) <=> C#C(26) + C=C[CH]C(44)
    [CH]=CC(C)[CH][CH2](83) <=> C#C(26) + C=C[CH]C(44)
    [C]#C(29) + [CH2][CH]CC(73) <=> C#C(26) + C=C[CH]C(44)
    [C]#C(29) + [CH2]C[CH]C(48) <=> C#C(26) + C=C[CH]C(44)
    [CH]=C(14) + [CH]=C[CH]C(67) <=> C#C(26) + C=C[CH]C(44)
    [CH]=C(14) + [CH2][CH]C=C(42) <=> C#C(26) + C=C[CH]C(44)
    [CH]=C(14) + [CH2]C=[C]C(70) <=> C#C(26) + C=C[CH]C(44)
    [CH]=C(14) + [CH2][C]=CC(71) <=> C#C(26) + C=C[CH]C(44)
    [C]#C(29) + CC=CC(74) <=> C#C(26) + C=C[CH]C(44)
    C#C(26) + C=C[CH]C(44) <=> [CH]=CCC=CC(84)
    [CH2]C(C=C)C=C(85) <=> C#C(26) + C=C[CH]C(44)
    [CH]=CC[CH][CH]C(86) <=> C#C(26) + C=C[CH]C(44)
    [C]#C(29) + C[CH][CH]C(75) <=> C#C(26) + C=C[CH]C(44)
    [C]#C(29) + C=CCC(49) <=> C#C(26) + C=C[CH]C(44)
    C#C(26) + C=C[CH]C(44) <=> [CH]=CC(C)C=C(87)

After model enlargement:
    The model core has 19 species and 30 reactions
    The model edge has 72 species and 175 reactions


Saving current model core to Chemkin file...
Chemkin file contains 30 reactions.
Saving annotated version of Chemkin file...
Chemkin file contains 30 reactions.
Saving current model core and edge to Chemkin file...
Chemkin file contains 205 reactions.
Saving annotated version of Chemkin file...
Chemkin file contains 205 reactions.
Saving current model core to HTML file...
Saving current model edge to HTML file...
Updating RMG execution statistics...
    Execution time (DD:HH:MM:SS): 00:00:01:03
    Memory used: 796.30 MB

Making seed mechanism...
Conducting simulation of reaction system 1...
At time 3.5211e-04 s, species C=CC=C(41) at 0.10037961487276534 exceeded the minimum rate for simulation interruption of 0.1
Reached max number of objects...preparing to terminate
At time 3.5211e-04 s, species C=CC=C(41) at rate ratio 0.10037961487276534 exceeded the minimum rate for moving to model core of 0.1
terminating simulation due to interrupt...


Adding species C=CC=C(41) to model core

Summary of Model Enlargement
---------------------------------
Added 1 new core species
    C=CC=C(41)
Created 0 new edge species
Moved 2 reactions from edge to core
    H(6) + C=CC=C(41) <=> [CH2]CC=C(28)
    H(6) + C=CC=C(41) <=> C=C[CH]C(44)
Added 0 new core reactions
Created 0 new edge reactions

After model enlargement:
    The model core has 20 species and 32 reactions
    The model edge has 71 species and 173 reactions


At time 1.0519e-03 s, reached target termination conversion: 0.900000 of ethane(1)
    ethane(1) conversion: 0.9001    

For reaction generation 1 process is used.
Generating thermo for new species...
Generating kinetics for new reactions...

Summary of Secondary Model Edge Enlargement
---------------------------------
Added 0 new core species
Created 37 new edge species
    C1=CCC1(88)
    C=[C]C=C(89)
    C=C[C]C(90)
    [CH]CC=C(91)
    [CH2]C(C)C=C(92)
    C=C[CH]CC(93)
    [CH2]CC[CH]C=C(94)
    [CH2]CC([CH2])C=C(95)
    C1=CCCCC1(96)
    C=C=CCCC(97)
    [CH]=CC[CH]C=C(98)
    [CH]=CC([CH2])C=C(99)
    C1=CCC=CC1(100)
    C=C=CCC=C(101)
    [CH2]C([CH]C)C[CH]C=C(102)
    [CH2]C([CH]C)C([CH2])C=C(103)
    [CH2][CH]C(C)C[CH]C=C(104)
    [CH2][CH]C(C)C([CH2])C=C(105)
    [CH2]C1CC=CCC1C(106)
    [CH2]C(C=C)CC=CC(107)
    C=C[CH]CCC=CC(108)
    [CH2]C(C=C)C(C)C=C(109)
    [CH2]C(C=C)CCC=C(110)
    [CH2]CC(C)CC=C=C(111)
    [CH2]C(CC)CC=C=C(112)
    C=C[CH]CC[CH][CH]C(113)
    [CH2]C(C=C)C[CH][CH]C(114)
    C[CH]C1CC=CCC1(115)
    C=C[CH]CC(C)C=C(116)
    C=C=CCC(C)[CH]C(117)
    C=C=CCCC[CH]C(118)
    C=C[CH]CC[CH]C=C(119)
    [CH2]C(C=C)C[CH]C=C(120)
    [CH2]C(C=C)C([CH2])C=C(121)
    C=CC1CC=CCC1(122)
    C=C=CCC(C)C=C(123)
    C=C=CCCCC=C(124)
Added 9 new core reactions
    [CH]=C(14) + [CH]=C(14) <=> C=CC=C(41)
    C[CH2](5) + [CH2]CC=C(28) <=> ethane(1) + C=CC=C(41)
    C[CH2](5) + C=C[CH]C(44) <=> ethane(1) + C=CC=C(41)
    [CH3](4) + [CH2]CC=C(28) <=> CH4(3) + C=CC=C(41)
    [CH3](4) + C=C[CH]C(44) <=> CH4(3) + C=CC=C(41)
    [CH]=C(14) + [CH2]CC=C(28) <=> C=C(9) + C=CC=C(41)
    [CH]=C(14) + C=C[CH]C(44) <=> C=C(9) + C=CC=C(41)
    H(6) + [CH2]CC=C(28) <=> H2(11) + C=CC=C(41)
    H(6) + C=C[CH]C(44) <=> H2(11) + C=CC=C(41)
Created 95 new edge reactions
    C=CC=C(41) <=> C1=CCC1(88)
    [CH2]C[C]=C(43) <=> C=CC=C(41)
    [CH]=CC[CH2](33) <=> C=CC=C(41)
    [CH]=C[CH]C(67) <=> C=CC=C(41)
    H(6) + C=[C]C=C(89) <=> C=CC=C(41)
    H(6) + [CH]=CC=C(34) <=> C=CC=C(41)
    C=C[C]C(90) <=> C=CC=C(41)
    [CH]CC=C(91) <=> C=CC=C(41)
    CH2(T)(7) + [CH2]CC=C(28) <=> [CH3](4) + C=CC=C(41)
    CH2(T)(7) + C=C[CH]C(44) <=> [CH3](4) + C=CC=C(41)
    CH4(3) + C=[C]C=C(89) <=> [CH3](4) + C=CC=C(41)
    [CH3](4) + C=CC=C(41) <=> CH4(3) + [CH]=CC=C(34)
    [CH3](4) + C=CC=C(41) <=> [CH2]C(C)C=C(92)
    [CH3](4) + C=CC=C(41) <=> C=C[CH]CC(93)
    [CH]C(8) + [CH2]CC=C(28) <=> C[CH2](5) + C=CC=C(41)
    [CH]C(8) + C=C[CH]C(44) <=> C[CH2](5) + C=CC=C(41)
    [CH2][CH2](10) + [CH2]CC=C(28) <=> C[CH2](5) + C=CC=C(41)
    [CH2][CH2](10) + C=C[CH]C(44) <=> C[CH2](5) + C=CC=C(41)
    ethane(1) + C=[C]C=C(89) <=> C[CH2](5) + C=CC=C(41)
    C[CH2](5) + C=CC=C(41) <=> ethane(1) + [CH]=CC=C(34)
    C[CH2](5) + C=CC=C(41) <=> [CH2]C(C=C)CC(79)
    C[CH2](5) + C=CC=C(41) <=> [CH2]C=CCCC(51)
    H2(11) + C=[C]C=C(89) <=> H(6) + C=CC=C(41)
    H(6) + C=CC=C(41) <=> H2(11) + [CH]=CC=C(34)
    [CH2]CC[CH]C=C(94) <=> C=C(9) + C=CC=C(41)
    [CH2]CC([CH2])C=C(95) <=> C=C(9) + C=CC=C(41)
    C=C(9) + C=CC=C(41) <=> C1=CCCCC1(96)
    C[CH2](5) + C=[C]C=C(89) <=> C=C(9) + C=CC=C(41)
    C[CH2](5) + [CH]=CC=C(34) <=> C=C(9) + C=CC=C(41)
    C=C=CCCC(97) <=> C=C(9) + C=CC=C(41)
    [C]=C(25) + [CH2]CC=C(28) <=> [CH]=C(14) + C=CC=C(41)
    [C]=C(25) + C=C[CH]C(44) <=> [CH]=C(14) + C=CC=C(41)
    [CH]=[CH](27) + [CH2]CC=C(28) <=> [CH]=C(14) + C=CC=C(41)
    [CH]=[CH](27) + C=C[CH]C(44) <=> [CH]=C(14) + C=CC=C(41)
    [CH]C(8) + C=[C]C=C(89) <=> [CH]=C(14) + C=CC=C(41)
    [CH]C(8) + [CH]=CC=C(34) <=> [CH]=C(14) + C=CC=C(41)
    [CH]=C(14) + C=CC=C(41) <=> C=C(9) + C=[C]C=C(89)
    [CH]=C(14) + C=CC=C(41) <=> C=C(9) + [CH]=CC=C(34)
    [CH]=C(14) + C=CC=C(41) <=> [CH2]C(C=C)C=C(85)
    [CH]=C(14) + C=CC=C(41) <=> [CH2]C=CCC=C(55)
    [CH]=CC[CH]C=C(98) <=> C#C(26) + C=CC=C(41)
    [CH]=CC([CH2])C=C(99) <=> C#C(26) + C=CC=C(41)
    C#C(26) + C=CC=C(41) <=> C1=CCC=CC1(100)
    [C]#C(29) + [CH2]CC=C(28) <=> C#C(26) + C=CC=C(41)
    [C]#C(29) + C=C[CH]C(44) <=> C#C(26) + C=CC=C(41)
    [CH]=C(14) + C=[C]C=C(89) <=> C#C(26) + C=CC=C(41)
    [CH]=C(14) + [CH]=CC=C(34) <=> C#C(26) + C=CC=C(41)
    C=C=CCC=C(101) <=> C#C(26) + C=CC=C(41)
    [CH2]C([CH]C)C[CH]C=C(102) <=> C=CC=C(41) + C=C[CH]C(44)
    [CH2]C([CH]C)C([CH2])C=C(103) <=> C=CC=C(41) + C=C[CH]C(44)
    [CH2][CH]C(C)C[CH]C=C(104) <=> C=CC=C(41) + C=C[CH]C(44)
    [CH2][CH]C(C)C([CH2])C=C(105) <=> C=CC=C(41) + C=C[CH]C(44)
    C=CC=C(41) + C=C[CH]C(44) <=> [CH2]C1CC=CCC1C(106)
    [CH]=C[CH]C(67) + [CH2]CC=C(28) <=> C=CC=C(41) + C=C[CH]C(44)
    [CH]=C[CH]C(67) + C=C[CH]C(44) <=> C=CC=C(41) + C=C[CH]C(44)
    [CH2][CH]C=C(42) + [CH2]CC=C(28) <=> C=CC=C(41) + C=C[CH]C(44)
    [CH2][CH]C=C(42) + C=C[CH]C(44) <=> C=CC=C(41) + C=C[CH]C(44)
    [CH2]C=[C]C(70) + [CH2]CC=C(28) <=> C=CC=C(41) + C=C[CH]C(44)
    [CH2]C=[C]C(70) + C=C[CH]C(44) <=> C=CC=C(41) + C=C[CH]C(44)
    [CH2][C]=CC(71) + [CH2]CC=C(28) <=> C=CC=C(41) + C=C[CH]C(44)
    [CH2][C]=CC(71) + C=C[CH]C(44) <=> C=CC=C(41) + C=C[CH]C(44)
    C=[C]C=C(89) + [CH2][CH]CC(73) <=> C=CC=C(41) + C=C[CH]C(44)
    [CH]=CC=C(34) + [CH2][CH]CC(73) <=> C=CC=C(41) + C=C[CH]C(44)
    C=[C]C=C(89) + [CH2]C[CH]C(48) <=> C=CC=C(41) + C=C[CH]C(44)
    [CH]=CC=C(34) + [CH2]C[CH]C(48) <=> C=CC=C(41) + C=C[CH]C(44)
    C=CC=C(41) + C=C[CH]C(44) <=> C=[C]C=C(89) + CC=CC(74)
    C=CC=C(41) + C=C[CH]C(44) <=> [CH]=CC=C(34) + CC=CC(74)
    C=CC=C(41) + C=C[CH]C(44) <=> [CH2]C(C=C)CC=CC(107)
    C=CC=C(41) + C=C[CH]C(44) <=> C=C[CH]CCC=CC(108)
    [CH2]C(C=C)C(C)C=C(109) <=> C=CC=C(41) + C=C[CH]C(44)
    [CH2]C(C=C)CCC=C(110) <=> C=CC=C(41) + C=C[CH]C(44)
    [CH2]CC(C)CC=C=C(111) <=> C=CC=C(41) + C=C[CH]C(44)
    [CH2]C(CC)CC=C=C(112) <=> C=CC=C(41) + C=C[CH]C(44)
    C=C[CH]CC[CH][CH]C(113) <=> C=CC=C(41) + C=C[CH]C(44)
    [CH2]C(C=C)C[CH][CH]C(114) <=> C=CC=C(41) + C=C[CH]C(44)
    C=CC=C(41) + C=C[CH]C(44) <=> C[CH]C1CC=CCC1(115)
    C=[C]C=C(89) + C[CH][CH]C(75) <=> C=CC=C(41) + C=C[CH]C(44)
    [CH]=CC=C(34) + C[CH][CH]C(75) <=> C=CC=C(41) + C=C[CH]C(44)
    C=[C]C=C(89) + C=CCC(49) <=> C=CC=C(41) + C=C[CH]C(44)
    C=CC=C(41) + C=C[CH]C(44) <=> [CH]=CC=C(34) + C=CCC(49)
    C=CC=C(41) + C=C[CH]C(44) <=> [CH2]C(C=C)C(C)C=C(109)
    C=CC=C(41) + C=C[CH]C(44) <=> C=C[CH]CC(C)C=C(116)
    C=C=CCC(C)[CH]C(117) <=> C=CC=C(41) + C=C[CH]C(44)
    C=C=CCCC[CH]C(118) <=> C=CC=C(41) + C=C[CH]C(44)
    C=C[CH]CC[CH]C=C(119) <=> C=CC=C(41) + C=CC=C(41)
    [CH2]C(C=C)C[CH]C=C(120) <=> C=CC=C(41) + C=CC=C(41)
    [CH2]C(C=C)C([CH2])C=C(121) <=> C=CC=C(41) + C=CC=C(41)
    C=CC=C(41) + C=CC=C(41) <=> C=CC1CC=CCC1(122)
    C=CC=C(41) + C=CC=C(41) <=> C=CC1CC=CCC1(122)
    C=[C]C=C(89) + [CH2]CC=C(28) <=> C=CC=C(41) + C=CC=C(41)
    C=[C]C=C(89) + C=C[CH]C(44) <=> C=CC=C(41) + C=CC=C(41)
    [CH]=CC=C(34) + [CH2]CC=C(28) <=> C=CC=C(41) + C=CC=C(41)
    [CH]=CC=C(34) + C=C[CH]C(44) <=> C=CC=C(41) + C=CC=C(41)
    C=C=CCC(C)C=C(123) <=> C=CC=C(41) + C=CC=C(41)
    C=C=CCCCC=C(124) <=> C=CC=C(41) + C=CC=C(41)

After model enlargement:
    The model core has 20 species and 41 reactions
    The model edge has 108 species and 268 reactions


Saving current model core to Chemkin file...
Chemkin file contains 41 reactions.
Saving annotated version of Chemkin file...
Chemkin file contains 41 reactions.
Saving current model core and edge to Chemkin file...
Chemkin file contains 309 reactions.
Saving annotated version of Chemkin file...
Chemkin file contains 309 reactions.
Saving current model core to HTML file...
Saving current model edge to HTML file...
Updating RMG execution statistics...
    Execution time (DD:HH:MM:SS): 00:00:01:06
    Memory used: 810.29 MB

Making seed mechanism...
Conducting simulation of reaction system 1...
At time 5.6337e-05 s, species C1=CCC1(88) at 0.1022772240133886 exceeded the minimum rate for simulation interruption of 0.1
Reached max number of objects...preparing to terminate
At time 5.6337e-05 s, species C1=CCC1(88) at rate ratio 0.1022772240133886 exceeded the minimum rate for moving to model core of 0.1
terminating simulation due to interrupt...


Adding species C1=CCC1(88) to model core

Summary of Model Enlargement
---------------------------------
Added 1 new core species
    C1=CCC1(88)
Created 0 new edge species
Moved 1 reactions from edge to core
    C=CC=C(41) <=> C1=CCC1(88)
Added 0 new core reactions
Created 0 new edge reactions

After model enlargement:
    The model core has 21 species and 42 reactions
    The model edge has 107 species and 267 reactions


At time 1.0538e-03 s, reached target termination conversion: 0.900000 of ethane(1)
    ethane(1) conversion: 0.9       

For reaction generation 1 process is used.
Generating thermo for new species...
Generating kinetics for new reactions...

Summary of Secondary Model Edge Enlargement
---------------------------------
Added 0 new core species
Created 15 new edge species
    [CH]1C[CH]C1(125)
    [CH]1[CH]CC1(126)
    [CH]1C=CC1(127)
    [C]1=CCC1(128)
    [C]1CCC1(129)
    [CH2]CC1[CH]CC1(130)
    CCC1C=CC1(131)
    [CH]=CC1[CH]CC1(132)
    C=CC1C=CC1(133)
    C=C[CH]CC1[CH]CC1(134)
    [CH2]C(C=C)C1[CH]CC1(135)
    C1=CCC2CCC2C1(136)
    C=C=CCC1CCC1(137)
    C=CC(C)C1C=CC1(138)
    C=CCCC1C=CC1(139)
Added 0 new core reactions
Created 32 new edge reactions
    [CH]=CC[CH2](33) <=> C1=CCC1(88)
    [CH2][CH]C=C(42) <=> C1=CCC1(88)
    [CH]1C[CH]C1(125) <=> C1=CCC1(88)
    [CH]1[CH]CC1(126) <=> C1=CCC1(88)
    H(6) + [CH]1C=CC1(127) <=> C1=CCC1(88)
    H(6) + [C]1=CCC1(128) <=> C1=CCC1(88)
    [C]1CCC1(129) <=> C1=CCC1(88)
    C[CH2](5) + [CH]1CCC1(39) <=> ethane(1) + C1=CCC1(88)
    [CH3](4) + [CH]1CCC1(39) <=> CH4(3) + C1=CCC1(88)
    [CH2]CC1[CH]CC1(130) <=> C=C(9) + C1=CCC1(88)
    [CH]=C(14) + [CH]1CCC1(39) <=> C=C(9) + C1=CCC1(88)
    C[CH2](5) + [CH]1C=CC1(127) <=> C=C(9) + C1=CCC1(88)
    C[CH2](5) + [C]1=CCC1(128) <=> C=C(9) + C1=CCC1(88)
    CCC1C=CC1(131) <=> C=C(9) + C1=CCC1(88)
    H(6) + [CH]1CCC1(39) <=> H2(11) + C1=CCC1(88)
    [CH]=CC1[CH]CC1(132) <=> C#C(26) + C1=CCC1(88)
    [C]#C(29) + [CH]1CCC1(39) <=> C#C(26) + C1=CCC1(88)
    [CH]=C(14) + [CH]1C=CC1(127) <=> C#C(26) + C1=CCC1(88)
    [CH]=C(14) + [C]1=CCC1(128) <=> C#C(26) + C1=CCC1(88)
    C=CC1C=CC1(133) <=> C#C(26) + C1=CCC1(88)
    C=C[CH]CC1[CH]CC1(134) <=> C1=CCC1(88) + C=CC=C(41)
    [CH2]C(C=C)C1[CH]CC1(135) <=> C1=CCC1(88) + C=CC=C(41)
    C1=CCC1(88) + C=CC=C(41) <=> C1=CCC2CCC2C1(136)
    C=[C]C=C(89) + [CH]1CCC1(39) <=> C1=CCC1(88) + C=CC=C(41)
    [CH]=CC=C(34) + [CH]1CCC1(39) <=> C1=CCC1(88) + C=CC=C(41)
    [CH]1C=CC1(127) + [CH2]CC=C(28) <=> C1=CCC1(88) + C=CC=C(41)
    [C]1=CCC1(128) + [CH2]CC=C(28) <=> C1=CCC1(88) + C=CC=C(41)
    [CH]1C=CC1(127) + C=C[CH]C(44) <=> C1=CCC1(88) + C=CC=C(41)
    [C]1=CCC1(128) + C=C[CH]C(44) <=> C1=CCC1(88) + C=CC=C(41)
    C=C=CCC1CCC1(137) <=> C1=CCC1(88) + C=CC=C(41)
    C=CC(C)C1C=CC1(138) <=> C1=CCC1(88) + C=CC=C(41)
    C=CCCC1C=CC1(139) <=> C1=CCC1(88) + C=CC=C(41)

After model enlargement:
    The model core has 21 species and 42 reactions
    The model edge has 122 species and 299 reactions


Saving current model core to Chemkin file...
Chemkin file contains 42 reactions.
Saving annotated version of Chemkin file...
Chemkin file contains 42 reactions.
Saving current model core and edge to Chemkin file...
Chemkin file contains 341 reactions.
Saving annotated version of Chemkin file...
Chemkin file contains 341 reactions.
Saving current model core to HTML file...
Saving current model edge to HTML file...
Updating RMG execution statistics...
    Execution time (DD:HH:MM:SS): 00:00:01:08
    Memory used: 819.13 MB

Making seed mechanism...
Conducting simulation of reaction system 1...
At time 3.2955e-04 s, species [CH2][CH]C=C(42) at 0.10090974351323553 exceeded the minimum rate for simulation interruption of 0.1
Reached max number of objects...preparing to terminate
At time 3.2955e-04 s, species [CH2][CH]C=C(42) at rate ratio 0.10090974351323553 exceeded the minimum rate for moving to model core of 0.1
terminating simulation due to interrupt...


Adding species [CH2][CH]C=C(42) to model core

Summary of Model Enlargement
---------------------------------
Added 1 new core species
    [CH2][CH]C=C(42)
Created 0 new edge species
Moved 9 reactions from edge to core
    H(6) + [CH2][CH]C=C(42) <=> [CH2]CC=C(28)
    C[CH2](5) + [CH2][CH]C=C(42) <=> C=C(9) + [CH2]CC=C(28)
    [CH]=C(14) + [CH2][CH]C=C(42) <=> C#C(26) + [CH2]CC=C(28)
    H(6) + [CH2][CH]C=C(42) <=> C=C[CH]C(44)
    C[CH2](5) + [CH2][CH]C=C(42) <=> C=C(9) + C=C[CH]C(44)
    [CH]=C(14) + [CH2][CH]C=C(42) <=> C#C(26) + C=C[CH]C(44)
    [CH2][CH]C=C(42) + [CH2]CC=C(28) <=> C=CC=C(41) + C=C[CH]C(44)
    [CH2][CH]C=C(42) + C=C[CH]C(44) <=> C=CC=C(41) + C=C[CH]C(44)
    [CH2][CH]C=C(42) <=> C1=CCC1(88)
Added 0 new core reactions
Created 0 new edge reactions

After model enlargement:
    The model core has 22 species and 51 reactions
    The model edge has 121 species and 290 reactions


At time 1.0589e-03 s, reached target termination conversion: 0.900000 of ethane(1)
    ethane(1) conversion: 0.9006    

For reaction generation 1 process is used.
Generating thermo for new species...
Generating kinetics for new reactions...

Summary of Secondary Model Edge Enlargement
---------------------------------
Added 0 new core species
Created 3 new edge species
    [CH]C=C[CH2](140)
    [CH2][C]=C[CH2](141)
    [CH][CH2](142)
Added 1 new core reactions
    [CH2][CH]C=C(42) => C=CC=C(41)
Created 13 new edge reactions
    CH2(T)(7) + [CH]=C[CH2](66) <=> [CH2][CH]C=C(42)
    H(6) + [CH]C=C[CH2](140) <=> [CH2][CH]C=C(42)
    [CH2][CH]C=C(42) <=> C=C=CC(69)
    [CH2][CH]C=C(42) <=> [CH2]C1[CH]C1(61)
    H(6) + C=[C]C=C(89) <=> [CH2][CH]C=C(42)
    H(6) + [CH2][C]=C[CH2](141) <=> [CH2][CH]C=C(42)
    [CH2][CH]C=C(42) <=> [CH2]C=[C]C(70)
    [CH2][C]=CC(71) <=> [CH2][CH]C=C(42)
    [CH]=C(14) + [CH][CH2](142) <=> [CH2][CH]C=C(42)
    [CH2][CH]C=C(42) <=> [CH]1[CH]CC1(126)
    [CH2]C[C]=C(43) <=> [CH2][CH]C=C(42)
    [CH]=CC[CH2](33) <=> [CH2][CH]C=C(42)
    [CH]=C[CH]C(67) <=> [CH2][CH]C=C(42)

After model enlargement:
    The model core has 22 species and 52 reactions
    The model edge has 124 species and 303 reactions


Saving current model core to Chemkin file...
Chemkin file contains 52 reactions.
Saving annotated version of Chemkin file...
Chemkin file contains 52 reactions.
Saving current model core and edge to Chemkin file...
Chemkin file contains 355 reactions.
Saving annotated version of Chemkin file...
Chemkin file contains 355 reactions.
Saving current model core to HTML file...
Saving current model edge to HTML file...
Updating RMG execution statistics...
    Execution time (DD:HH:MM:SS): 00:00:01:10
    Memory used: 825.38 MB

Making seed mechanism...
Conducting simulation of reaction system 1...
At time 7.4061e-04 s, species C=C=CC(69) at 0.10069200241699207 exceeded the minimum rate for simulation interruption of 0.1
Reached max number of objects...preparing to terminate
At time 7.4061e-04 s, species C=C=CC(69) at rate ratio 0.10069200241699207 exceeded the minimum rate for moving to model core of 0.1
terminating simulation due to interrupt...


Adding species C=C=CC(69) to model core

Summary of Model Enlargement
---------------------------------
Added 1 new core species
    C=C=CC(69)
Created 0 new edge species
Moved 2 reactions from edge to core
    H(6) + C=C=CC(69) <=> C=C[CH]C(44)
    [CH2][CH]C=C(42) <=> C=C=CC(69)
Added 0 new core reactions
Created 0 new edge reactions

After model enlargement:
    The model core has 23 species and 54 reactions
    The model edge has 123 species and 301 reactions


At time 1.0554e-03 s, reached target termination conversion: 0.900000 of ethane(1)
    ethane(1) conversion: 0.9002    

For reaction generation 1 process is used.
Generating thermo for new species...
Generating kinetics for new reactions...

Summary of Secondary Model Edge Enlargement
---------------------------------
Added 0 new core species
Created 34 new edge species
    C=C=C(143)
    [CH]=C=C(144)
    C=C=[C]C(145)
    [CH]=C=CC(146)
    [CH]C=CC(147)
    [CH2]CC(=C)[CH]C(148)
    [CH2]CC(C)[C]=C(149)
    [CH2]CC[C]=CC(150)
    C=CC(=C)CC(151)
    CC#CCCC(152)
    C#CC(C)CC(153)
    [CH]=CC(=C)[CH]C(154)
    [CH]=CC(C)[C]=C(155)
    [CH]=CC[C]=CC(156)
    C=CC(=C)C=C(157)
    C=CCC#CC(158)
    C#CC(C)C=C(159)
    C=C[CH]CC(=C)[CH]C(160)
    C=[C]C(C)C[CH]C=C(161)
    C=C[CH]CC[C]=CC(162)
    [CH2]C(C=C)C(=C)[CH]C(163)
    [CH2]C(C=C)C(C)[C]=C(164)
    [CH2]C(C=C)C[C]=CC(165)
    C=C1CC=CCC1C(166)
    CC=C1CC=CCC1(167)
    C=C=CCCC=CC(168)
    C=C=CCC(=C)CC(169)
    C=C=CCC(C)=CC(170)
    C=CC(=C)C(C)C=C(171)
    C=CC(C)CC#CC(172)
    C#CC(C)C(C)C=C(173)
    C=CCCC(=C)C=C(174)
    C=CCCCC#CC(175)
    C#CC(C)CCC=C(176)
Added 4 new core reactions
    C[CH2](5) + C=C[CH]C(44) <=> ethane(1) + C=C=CC(69)
    [CH3](4) + C=C[CH]C(44) <=> CH4(3) + C=C=CC(69)
    [CH]=C(14) + C=C[CH]C(44) <=> C=C(9) + C=C=CC(69)
    H(6) + C=C[CH]C(44) <=> H2(11) + C=C=CC(69)
Created 70 new edge reactions
    CH2(S)(2) + C=C=C(143) <=> C=C=CC(69)
    [CH2]C[C]=C(43) <=> C=C=CC(69)
    [CH2]C=[C]C(70) <=> C=C=CC(69)
    [CH]=C[CH]C(67) <=> C=C=CC(69)
    [CH2]C=[C]C(70) <=> C=C=CC(69)
    [CH3](4) + [CH]=C=C(144) <=> C=C=CC(69)
    H(6) + C=[C]C=C(89) <=> C=C=CC(69)
    H(6) + C=C=[C]C(145) <=> C=C=CC(69)
    H(6) + [CH]=C=CC(146) <=> C=C=CC(69)
    C=C[C]C(90) <=> C=C=CC(69)
    [CH]C=CC(147) <=> C=C=CC(69)
    C[CH2](5) + C=[C]CC(45) <=> ethane(1) + C=C=CC(69)
    C[CH2](5) + C[C]=CC(72) <=> ethane(1) + C=C=CC(69)
    [CH3](4) + C=[C]CC(45) <=> CH4(3) + C=C=CC(69)
    [CH3](4) + C[C]=CC(72) <=> CH4(3) + C=C=CC(69)
    [CH2]CC(=C)[CH]C(148) <=> C=C(9) + C=C=CC(69)
    [CH2]CC(C)[C]=C(149) <=> C=C(9) + C=C=CC(69)
    [CH2]CC[C]=CC(150) <=> C=C(9) + C=C=CC(69)
    [CH]=C(14) + C=[C]CC(45) <=> C=C(9) + C=C=CC(69)
    [CH]=C(14) + C[C]=CC(72) <=> C=C(9) + C=C=CC(69)
    C[CH2](5) + C=[C]C=C(89) <=> C=C(9) + C=C=CC(69)
    C[CH2](5) + C=C=[C]C(145) <=> C=C(9) + C=C=CC(69)
    C[CH2](5) + [CH]=C=CC(146) <=> C=C(9) + C=C=CC(69)
    C=CC(=C)CC(151) <=> C=C(9) + C=C=CC(69)
    CC#CCCC(152) <=> C=C(9) + C=C=CC(69)
    C#CC(C)CC(153) <=> C=C(9) + C=C=CC(69)
    H(6) + C=[C]CC(45) <=> H2(11) + C=C=CC(69)
    H(6) + C[C]=CC(72) <=> H2(11) + C=C=CC(69)
    [CH]=CC(=C)[CH]C(154) <=> C#C(26) + C=C=CC(69)
    [CH]=CC(C)[C]=C(155) <=> C#C(26) + C=C=CC(69)
    [CH]=CC[C]=CC(156) <=> C#C(26) + C=C=CC(69)
    [C]#C(29) + C=[C]CC(45) <=> C#C(26) + C=C=CC(69)
    [C]#C(29) + C[C]=CC(72) <=> C#C(26) + C=C=CC(69)
    [C]#C(29) + C=C[CH]C(44) <=> C#C(26) + C=C=CC(69)
    [CH]=C(14) + C=[C]C=C(89) <=> C#C(26) + C=C=CC(69)
    [CH]=C(14) + C=C=[C]C(145) <=> C#C(26) + C=C=CC(69)
    [CH]=C(14) + [CH]=C=CC(146) <=> C#C(26) + C=C=CC(69)
    C=CC(=C)C=C(157) <=> C#C(26) + C=C=CC(69)
    C=CCC#CC(158) <=> C#C(26) + C=C=CC(69)
    C#CC(C)C=C(159) <=> C#C(26) + C=C=CC(69)
    C=C[CH]CC(=C)[CH]C(160) <=> C=C=CC(69) + C=CC=C(41)
    C=[C]C(C)C[CH]C=C(161) <=> C=C=CC(69) + C=CC=C(41)
    C=C[CH]CC[C]=CC(162) <=> C=C=CC(69) + C=CC=C(41)
    [CH2]C(C=C)C(=C)[CH]C(163) <=> C=C=CC(69) + C=CC=C(41)
    [CH2]C(C=C)C(C)[C]=C(164) <=> C=C=CC(69) + C=CC=C(41)
    [CH2]C(C=C)C[C]=CC(165) <=> C=C=CC(69) + C=CC=C(41)
    C=C=CC(69) + C=CC=C(41) <=> C=C1CC=CCC1C(166)
    C=C=CC(69) + C=CC=C(41) <=> CC=C1CC=CCC1(167)
    C=[C]C=C(89) + C=[C]CC(45) <=> C=C=CC(69) + C=CC=C(41)
    C=[C]C=C(89) + C[C]=CC(72) <=> C=C=CC(69) + C=CC=C(41)
    C=[C]C=C(89) + C=C[CH]C(44) <=> C=C=CC(69) + C=CC=C(41)
    [CH]=CC=C(34) + C=[C]CC(45) <=> C=C=CC(69) + C=CC=C(41)
    [CH]=CC=C(34) + C[C]=CC(72) <=> C=C=CC(69) + C=CC=C(41)
    [CH]=CC=C(34) + C=C[CH]C(44) <=> C=C=CC(69) + C=CC=C(41)
    C=[C]C=C(89) + [CH2]CC=C(28) <=> C=C=CC(69) + C=CC=C(41)
    C=C=[C]C(145) + [CH2]CC=C(28) <=> C=C=CC(69) + C=CC=C(41)
    [CH]=C=CC(146) + [CH2]CC=C(28) <=> C=C=CC(69) + C=CC=C(41)
    C=[C]C=C(89) + C=C[CH]C(44) <=> C=C=CC(69) + C=CC=C(41)
    C=C=[C]C(145) + C=C[CH]C(44) <=> C=C=CC(69) + C=CC=C(41)
    [CH]=C=CC(146) + C=C[CH]C(44) <=> C=C=CC(69) + C=CC=C(41)
    C=C=CCC(C)C=C(123) <=> C=C=CC(69) + C=CC=C(41)
    C=C=CCCC=CC(168) <=> C=C=CC(69) + C=CC=C(41)
    C=C=CCC(=C)CC(169) <=> C=C=CC(69) + C=CC=C(41)
    C=C=CCC(C)=CC(170) <=> C=C=CC(69) + C=CC=C(41)
    C=CC(=C)C(C)C=C(171) <=> C=C=CC(69) + C=CC=C(41)
    C=CC(C)CC#CC(172) <=> C=C=CC(69) + C=CC=C(41)
    C#CC(C)C(C)C=C(173) <=> C=C=CC(69) + C=CC=C(41)
    C=CCCC(=C)C=C(174) <=> C=C=CC(69) + C=CC=C(41)
    C=CCCCC#CC(175) <=> C=C=CC(69) + C=CC=C(41)
    C#CC(C)CCC=C(176) <=> C=C=CC(69) + C=CC=C(41)

After model enlargement:
    The model core has 23 species and 58 reactions
    The model edge has 157 species and 371 reactions


Saving current model core to Chemkin file...
Chemkin file contains 58 reactions.
Saving annotated version of Chemkin file...
Chemkin file contains 58 reactions.
Saving current model core and edge to Chemkin file...
Chemkin file contains 429 reactions.
Saving annotated version of Chemkin file...
Chemkin file contains 429 reactions.
Saving current model core to HTML file...
Saving current model edge to HTML file...
Updating RMG execution statistics...
    Execution time (DD:HH:MM:SS): 00:00:01:13
    Memory used: 832.57 MB

Making seed mechanism...
Conducting simulation of reaction system 1...
At time 4.5517e-04 s, species [CH]=C[CH]C(67) at 0.10227911339818499 exceeded the minimum rate for simulation interruption of 0.1
Reached max number of objects...preparing to terminate
At time 4.5517e-04 s, species [CH]=C[CH]C(67) at rate ratio 0.10227911339818499 exceeded the minimum rate for moving to model core of 0.1
terminating simulation due to interrupt...


Adding species [CH]=C[CH]C(67) to model core
Species [CH]=C[CH]C(67) was Forbidden and not added to Core...Removing from Edge.

Summary of Model Enlargement
---------------------------------
Added 0 new core species
Created 0 new edge species
Added 0 new core reactions
Created 0 new edge reactions

After model enlargement:
    The model core has 23 species and 58 reactions
    The model edge has 156 species and 362 reactions


At time 1.0555e-03 s, reached target termination conversion: 0.900000 of ethane(1)
    ethane(1) conversion: 0.9002    

For reaction generation 1 process is used.

Summary of Secondary Model Edge Enlargement
---------------------------------
Added 0 new core species
Created 0 new edge species
Added 0 new core reactions
Created 0 new edge reactions

After model enlargement:
    The model core has 23 species and 58 reactions
    The model edge has 156 species and 362 reactions


Saving current model core to Chemkin file...
Chemkin file contains 58 reactions.
Saving annotated version of Chemkin file...
Chemkin file contains 58 reactions.
Saving current model core and edge to Chemkin file...
Chemkin file contains 420 reactions.
Saving annotated version of Chemkin file...
Chemkin file contains 420 reactions.
Saving current model core to HTML file...
Saving current model edge to HTML file...
Updating RMG execution statistics...
    Execution time (DD:HH:MM:SS): 00:00:01:14
    Memory used: 832.68 MB

Making seed mechanism...
Conducting simulation of reaction system 1...
At time 8.3278e-04 s, species [CH]=CC(31) at 0.10002209840813868 exceeded the minimum rate for simulation interruption of 0.1
Reached max number of objects...preparing to terminate
At time 8.3278e-04 s, species [CH]=CC(31) at rate ratio 0.10002209840813868 exceeded the minimum rate for moving to model core of 0.1
terminating simulation due to interrupt...


Adding species [CH]=CC(31) to model core

Summary of Model Enlargement
---------------------------------
Added 1 new core species
    [CH]=CC(31)
Created 0 new edge species
Moved 1 reactions from edge to core
    [CH3](4) + C#C(26) <=> [CH]=CC(31)
Added 0 new core reactions
Created 0 new edge reactions

After model enlargement:
    The model core has 24 species and 59 reactions
    The model edge has 155 species and 361 reactions


At time 1.0567e-03 s, reached target termination conversion: 0.900000 of ethane(1)
    ethane(1) conversion: 0.9004    

For reaction generation 1 process is used.
Generating thermo for new species...
Generating kinetics for new reactions...

Summary of Secondary Model Edge Enlargement
---------------------------------
Added 0 new core species
Created 4 new edge species
    [C]=CC(177)
    C#CC(178)
    [CH]=[C]C(179)
    C=[C]C(180)
Added 0 new core reactions
Created 8 new edge reactions
    CH2(S)(2) + [CH]=C(14) <=> [CH]=CC(31)
    H(6) + [C]=CC(177) <=> [CH]=CC(31)
    H(6) + C#CC(178) <=> [CH]=CC(31)
    [CH3](4) + [CH]=[CH](27) <=> [CH]=CC(31)
    H(6) + [CH]=C[CH2](66) <=> [CH]=CC(31)
    H(6) + [CH]=[C]C(179) <=> [CH]=CC(31)
    [CH]=CC(31) <=> C=[C]C(180)
    [CH]=CC(31) <=> [CH2]C=C(36)

After model enlargement:
    The model core has 24 species and 59 reactions
    The model edge has 159 species and 369 reactions


Saving current model core to Chemkin file...
Chemkin file contains 59 reactions.
Saving annotated version of Chemkin file...
Chemkin file contains 59 reactions.
Saving current model core and edge to Chemkin file...
Chemkin file contains 428 reactions.
Saving annotated version of Chemkin file...
Chemkin file contains 428 reactions.
Saving current model core to HTML file...
Saving current model edge to HTML file...
Updating RMG execution statistics...
    Execution time (DD:HH:MM:SS): 00:00:01:16
    Memory used: 832.68 MB

Making seed mechanism...
Conducting simulation of reaction system 1...
At time 8.4349e-04 s, species [CH]=CC=C(34) at 0.10121822013396944 exceeded the minimum rate for simulation interruption of 0.1
Reached max number of objects...preparing to terminate
At time 8.4349e-04 s, species [CH]=CC=C(34) at rate ratio 0.10121822013396944 exceeded the minimum rate for moving to model core of 0.1
terminating simulation due to interrupt...


Adding species [CH]=CC=C(34) to model core

Summary of Model Enlargement
---------------------------------
Added 1 new core species
    [CH]=CC=C(34)
Created 0 new edge species
Moved 11 reactions from edge to core
    C#C(26) + [CH]=C(14) <=> [CH]=CC=C(34)
    H(6) + [CH]=CC=C(34) <=> C=CC=C(41)
    [CH3](4) + C=CC=C(41) <=> CH4(3) + [CH]=CC=C(34)
    C[CH2](5) + C=CC=C(41) <=> ethane(1) + [CH]=CC=C(34)
    H(6) + C=CC=C(41) <=> H2(11) + [CH]=CC=C(34)
    C[CH2](5) + [CH]=CC=C(34) <=> C=C(9) + C=CC=C(41)
    [CH]=C(14) + C=CC=C(41) <=> C=C(9) + [CH]=CC=C(34)
    [CH]=C(14) + [CH]=CC=C(34) <=> C#C(26) + C=CC=C(41)
    [CH]=CC=C(34) + [CH2]CC=C(28) <=> C=CC=C(41) + C=CC=C(41)
    [CH]=CC=C(34) + C=C[CH]C(44) <=> C=CC=C(41) + C=CC=C(41)
    [CH]=CC=C(34) + C=C[CH]C(44) <=> C=C=CC(69) + C=CC=C(41)
Added 0 new core reactions
Created 0 new edge reactions

After model enlargement:
    The model core has 25 species and 70 reactions
    The model edge has 158 species and 358 reactions


At time 1.0603e-03 s, reached target termination conversion: 0.900000 of ethane(1)
    ethane(1) conversion: 0.9008    

For reaction generation 1 process is used.
Generating thermo for new species...
Generating kinetics for new reactions...

Summary of Secondary Model Edge Enlargement
---------------------------------
Added 0 new core species
Created 10 new edge species
    [C]=CC=C(181)
    [CH]=[C]C[CH2](182)
    [CH2]C1C=C1(183)
    C#CC=C(184)
    [CH]=C[C]=C(185)
    [CH]=[C]C=C(186)
    [CH]=C[CH]CC[CH2](187)
    [CH]=C[CH]C(188)
    [CH2]CC=CC=C(189)
    [CH]=C=CCCC(190)
Added 0 new core reactions
Created 25 new edge reactions
    H(6) + [C]=CC=C(181) <=> [CH]=CC=C(34)
    [CH]=[C]C[CH2](182) <=> [CH]=CC=C(34)
    [CH]=CC=C(34) <=> [CH]1C=CC1(127)
    [CH]=CC=C(34) <=> [CH2]C1C=C1(183)
    H(6) + C#CC=C(184) <=> [CH]=CC=C(34)
    [CH]=[CH](27) + [CH]=C(14) <=> [CH]=CC=C(34)
    H(6) + [CH]=C[C]=C(185) <=> [CH]=CC=C(34)
    H(6) + [CH]=[C]C=C(186) <=> [CH]=CC=C(34)
    H(6) + [CH]=CC=[CH](35) <=> [CH]=CC=C(34)
    [CH]=CC=C(34) <=> C=[C]C=C(89)
    [CH]=CC=C(34) <=> C=[C]C=C(89)
    [CH]=C[CH]CC[CH2](187) <=> C=C(9) + [CH]=CC=C(34)
    [CH]=CC([CH2])C[CH2](53) <=> C=C(9) + [CH]=CC=C(34)
    [CH]=C(14) + [CH]=CC[CH2](33) <=> C=C(9) + [CH]=CC=C(34)
    [CH]=C(14) + [CH]=C[CH]C(188) <=> C=C(9) + [CH]=CC=C(34)
    [CH]=C(14) + [CH]CC=C(37) <=> C=C(9) + [CH]=CC=C(34)
    C[CH2](5) + [C]=CC=C(181) <=> C=C(9) + [CH]=CC=C(34)
    C[CH2](5) + [CH]=C[C]=C(185) <=> C=C(9) + [CH]=CC=C(34)
    C[CH2](5) + [CH]=[C]C=C(186) <=> C=C(9) + [CH]=CC=C(34)
    C[CH2](5) + [CH]=CC=[CH](35) <=> C=C(9) + [CH]=CC=C(34)
    C=C(9) + [CH]=CC=C(34) <=> [CH2]CC=CC=C(189)
    [CH]=C=CCCC(190) <=> C=C(9) + [CH]=CC=C(34)
    H(6) + [CH]=CC[CH2](33) <=> H2(11) + [CH]=CC=C(34)
    H(6) + [CH]=C[CH]C(188) <=> H2(11) + [CH]=CC=C(34)
    H(6) + [CH]CC=C(37) <=> H2(11) + [CH]=CC=C(34)

After model enlargement:
    The model core has 25 species and 70 reactions
    The model edge has 168 species and 383 reactions


Saving current model core to Chemkin file...
Chemkin file contains 70 reactions.
Saving annotated version of Chemkin file...
Chemkin file contains 70 reactions.
Saving current model core and edge to Chemkin file...
Chemkin file contains 453 reactions.
Saving annotated version of Chemkin file...
Chemkin file contains 453 reactions.
Saving current model core to HTML file...
Saving current model edge to HTML file...
Updating RMG execution statistics...
    Execution time (DD:HH:MM:SS): 00:00:01:18
    Memory used: 832.68 MB

Making seed mechanism...
Conducting simulation of reaction system 1...
At time 8.5669e-04 s, species [CH2]C1C=C1(183) at 0.10152741146781667 exceeded the minimum rate for simulation interruption of 0.1
Reached max number of objects...preparing to terminate
At time 8.5669e-04 s, species [CH2]C1C=C1(183) at rate ratio 0.10152741146781667 exceeded the minimum rate for moving to model core of 0.1
terminating simulation due to interrupt...


Adding species [CH2]C1C=C1(183) to model core

Summary of Model Enlargement
---------------------------------
Added 1 new core species
    [CH2]C1C=C1(183)
Created 0 new edge species
Moved 1 reactions from edge to core
    [CH]=CC=C(34) <=> [CH2]C1C=C1(183)
Added 0 new core reactions
Created 0 new edge reactions

After model enlargement:
    The model core has 26 species and 71 reactions
    The model edge has 167 species and 382 reactions


At time 1.0548e-03 s, reached target termination conversion: 0.900000 of ethane(1)
    ethane(1) conversion: 0.9001    

For reaction generation 1 process is used.
Generating thermo for new species...
Generating kinetics for new reactions...

Summary of Secondary Model Edge Enlargement
---------------------------------
Added 0 new core species
Created 9 new edge species
    [CH]1C=C1(191)
    [CH]C1C=C1(192)
    [CH2][C]1[CH]C1(193)
    [CH]1C2CC12(194)
    C=C1C=C1(195)
    [CH2][C]1C=C1(196)
    [CH2]C1[C]=C1(197)
    C[C]1C=C1(198)
    CC1[C]=C1(199)
Added 0 new core reactions
Created 11 new edge reactions
    [CH2]C1C=C1(183) <=> [CH]1C=CC1(127)
    CH2(T)(7) + [CH]1C=C1(191) <=> [CH2]C1C=C1(183)
    H(6) + [CH]C1C=C1(192) <=> [CH2]C1C=C1(183)
    [CH]C=C[CH2](140) <=> [CH2]C1C=C1(183)
    [CH2][C]1[CH]C1(193) <=> [CH2]C1C=C1(183)
    [CH2]C1C=C1(183) <=> [CH]1C2CC12(194)
    H(6) + C=C1C=C1(195) <=> [CH2]C1C=C1(183)
    H(6) + [CH2][C]1C=C1(196) <=> [CH2]C1C=C1(183)
    H(6) + [CH2]C1[C]=C1(197) <=> [CH2]C1C=C1(183)
    [CH2]C1C=C1(183) <=> C[C]1C=C1(198)
    CC1[C]=C1(199) <=> [CH2]C1C=C1(183)

After model enlargement:
    The model core has 26 species and 71 reactions
    The model edge has 176 species and 393 reactions


Saving current model core to Chemkin file...
Chemkin file contains 71 reactions.
Saving annotated version of Chemkin file...
Chemkin file contains 71 reactions.
Saving current model core and edge to Chemkin file...
Chemkin file contains 464 reactions.
Saving annotated version of Chemkin file...
Chemkin file contains 464 reactions.
Saving current model core to HTML file...
Saving current model edge to HTML file...
Updating RMG execution statistics...
    Execution time (DD:HH:MM:SS): 00:00:01:20
    Memory used: 832.68 MB

Making seed mechanism...
Conducting simulation of reaction system 1...
At time 4.7382e-05 s, species [CH]C=C[CH2](140) at 0.10196327090969443 exceeded the minimum rate for simulation interruption of 0.1
Reached max number of objects...preparing to terminate
At time 4.7382e-05 s, species [CH]C=C[CH2](140) at rate ratio 0.10196327090969443 exceeded the minimum rate for moving to model core of 0.1
terminating simulation due to interrupt...


Adding species [CH]C=C[CH2](140) to model core
Species [CH]C=C[CH2](140) was Forbidden and not added to Core...Removing from Edge.

Summary of Model Enlargement
---------------------------------
Added 0 new core species
Created 0 new edge species
Added 0 new core reactions
Created 0 new edge reactions

After model enlargement:
    The model core has 26 species and 71 reactions
    The model edge has 175 species and 391 reactions


At time 1.0548e-03 s, reached target termination conversion: 0.900000 of ethane(1)
    ethane(1) conversion: 0.9001    

For reaction generation 1 process is used.

Summary of Secondary Model Edge Enlargement
---------------------------------
Added 0 new core species
Created 0 new edge species
Added 0 new core reactions
Created 0 new edge reactions

After model enlargement:
    The model core has 26 species and 71 reactions
    The model edge has 175 species and 391 reactions


Saving current model core to Chemkin file...
Chemkin file contains 71 reactions.
Saving annotated version of Chemkin file...
Chemkin file contains 71 reactions.
Saving current model core and edge to Chemkin file...
Chemkin file contains 462 reactions.
Saving annotated version of Chemkin file...
Chemkin file contains 462 reactions.
Saving current model core to HTML file...
Saving current model edge to HTML file...
Updating RMG execution statistics...
    Execution time (DD:HH:MM:SS): 00:00:01:21
    Memory used: 832.68 MB

Making seed mechanism...
Conducting simulation of reaction system 1...
At time 1.0548e-03 s, reached target termination conversion: 0.900000 of ethane(1)
    ethane(1) conversion: 0.9001    


At time 1.0548e-03 s, reached target termination conversion: 0.900000 of ethane(1)
    ethane(1) conversion: 0.9001    

For reaction generation 1 process is used.

Summary of Secondary Model Edge Enlargement
---------------------------------
Added 0 new core species
Created 0 new edge species
Added 0 new core reactions
Created 0 new edge reactions

After model enlargement:
    The model core has 26 species and 71 reactions
    The model edge has 175 species and 391 reactions


Saving current model core to Chemkin file...
Chemkin file contains 71 reactions.
Saving annotated version of Chemkin file...
Chemkin file contains 71 reactions.
Saving current model core and edge to Chemkin file...
Chemkin file contains 462 reactions.
Saving annotated version of Chemkin file...
Chemkin file contains 462 reactions.
Saving current model core to HTML file...
Saving current model edge to HTML file...
Updating RMG execution statistics...
    Execution time (DD:HH:MM:SS): 00:00:01:23
    Memory used: 832.69 MB

Making seed mechanism...
Performing final model checks...
No collision rate violators found in the model's core.

MODEL GENERATION COMPLETED

The final model core has 26 species and 71 reactions
The final model edge has 175 species and 391 reactions

RMG execution terminated at Tue Aug  9 12:33:57 2022
