Global RMG Settings:
   database.directory   = /home/gridsan/yunsie/.conda/envs/rmg_env_bin/share/rmgdatabase (from /home/gridsan/yunsie/.conda/envs/rmg_env_bin/lib/python3.7/site-packages/rmgpy/rmgrc)
   test_data.directory  = /home/gridsan/yunsie/.conda/envs/rmg_env_bin/lib/python3.7/site-packages/rmgpy/test_data (Default, relative to RMG-Py source code)
RMG execution initiated at Tue Aug  9 00:08:54 2022

#########################################################
# RMG-Py - Reaction Mechanism Generator in Python       #
# Version: 3.1.0                                        #
# Authors: RMG Developers (rmg_dev@mit.edu)             #
# P.I.s:   William H. Green (whgreen@mit.edu)           #
#          Richard H. West (r.west@neu.edu)             #
# Website: http://reactionmechanismgenerator.github.io/ #
#########################################################

Reading input file "/home/gridsan/yunsie/research/RMG_workshop/liquid_phase_pentane/input.py"...
# Data sources
database(
    thermoLibraries = ['primaryThermoLibrary'],
    reactionLibraries = [],
    seedMechanisms = [],
    kineticsDepositories = ['training'],
    kineticsFamilies = 'default',
    kineticsEstimator = 'rate rules',
)

# Constraints on generated species
generatedSpeciesConstraints(
    maximumRadicalElectrons = 3,
)

# List of species
species(
    label='pentane',
    reactive=True,
    structure=SMILES("CCCCC"),
)

species(
    label='oxygen',
    reactive=True,
    structure=SMILES("[O][O]"),
)

# Reaction systems
liquidReactor(
    temperature=(500,'K'),
    initialConcentrations={
        "pentane": (6.154e-3,'mol/cm^3'),
        "oxygen": (4.953e-6,'mol/cm^3')
    },
    terminationTime=(5,'s'),
)

solvation(
	solvent='pentane'
)

simulator(
    atol=1e-16,
    rtol=1e-8,
)

model(
    toleranceKeepInEdge=1E-9,
    toleranceMoveToCore=0.001,
    toleranceInterruptSimulation=0.1,
    maximumEdgeSpecies=100000
)

options(
    units='si',
    generateOutputHTML=False,
    generatePlots=False,
    saveSimulationProfiles=True,
)


Loading transport library from GRI-Mech.py in /home/gridsan/yunsie/.conda/envs/rmg_env_bin/share/rmgdatabase/transport/libraries...
Loading transport library from NOx2018.py in /home/gridsan/yunsie/.conda/envs/rmg_env_bin/share/rmgdatabase/transport/libraries...
Loading transport library from OneDMinN2.py in /home/gridsan/yunsie/.conda/envs/rmg_env_bin/share/rmgdatabase/transport/libraries...
Loading transport library from PrimaryTransportLibrary.py in /home/gridsan/yunsie/.conda/envs/rmg_env_bin/share/rmgdatabase/transport/libraries...
Loading transport group database from /home/gridsan/yunsie/.conda/envs/rmg_env_bin/share/rmgdatabase/transport/groups...
Loading frequencies group database from /home/gridsan/yunsie/.conda/envs/rmg_env_bin/share/rmgdatabase/statmech/groups...
Loading Platts additivity group database from /home/gridsan/yunsie/.conda/envs/rmg_env_bin/share/rmgdatabase/solvation/groups...
Loading thermodynamics library from primaryThermoLibrary.py in /home/gridsan/yunsie/.conda/envs/rmg_env_bin/share/rmgdatabase/thermo/libraries...
Loading thermodynamics group database from /home/gridsan/yunsie/.conda/envs/rmg_env_bin/share/rmgdatabase/thermo/groups...
Adding rate rules from training set in kinetics families...
Warning: Cphigh is above the theoretical CpInf value for ThermoData object
ThermoData(Tdata=([300,400,500,600,800,1000,1500],'K'), Cpdata=([36.6869,38.2195,39.253,40.4473,45.0357,50.6323,54.2027],'J/(mol*K)'), H298=(310.047,'kJ/mol'), S298=(162.808,'J/(mol*K)'), Cp0=(29.1007,'J/(mol*K)'), CpInf=(37.4151,'J/(mol*K)'), comment="""Thermo group additivity estimation: group(O2s-CsCs) + group(CsJ2_singlet-CsH)""").
The thermo for this species is probably wrong! Setting CpInf = Cphigh for Entropy calculationat T = 2000.0 K...
Warning: Cphigh is above the theoretical CpInf value for ThermoData object
ThermoData(Tdata=([300,400,500,600,800,1000,1500],'K'), Cpdata=([36.6869,38.2195,39.253,40.4473,45.0357,50.6323,54.2027],'J/(mol*K)'), H298=(310.047,'kJ/mol'), S298=(162.808,'J/(mol*K)'), Cp0=(29.1007,'J/(mol*K)'), CpInf=(37.4151,'J/(mol*K)'), comment="""Thermo group additivity estimation: group(O2s-CsCs) + group(CsJ2_singlet-CsH)""").
The thermo for this species is probably wrong! Setting CpInf = Cphigh for Entropy calculationat T = 1666.6666666666665 K...
Warning: Cphigh is above the theoretical CpInf value for ThermoData object
ThermoData(Tdata=([300,400,500,600,800,1000,1500],'K'), Cpdata=([36.6869,38.2195,39.253,40.4473,45.0357,50.6323,54.2027],'J/(mol*K)'), H298=(310.047,'kJ/mol'), S298=(162.808,'J/(mol*K)'), Cp0=(29.1007,'J/(mol*K)'), CpInf=(37.4151,'J/(mol*K)'), comment="""Thermo group additivity estimation: group(O2s-CsCs) + group(CsJ2_singlet-CsH)""").
The thermo for this species is probably wrong! Setting CpInf = Cphigh for Entropy calculationat T = 2000.0 K...
Warning: Cphigh is above the theoretical CpInf value for ThermoData object
ThermoData(Tdata=([300,400,500,600,800,1000,1500],'K'), Cpdata=([36.6869,38.2195,39.253,40.4473,45.0357,50.6323,54.2027],'J/(mol*K)'), H298=(310.047,'kJ/mol'), S298=(162.808,'J/(mol*K)'), Cp0=(29.1007,'J/(mol*K)'), CpInf=(37.4151,'J/(mol*K)'), comment="""Thermo group additivity estimation: group(O2s-CsCs) + group(CsJ2_singlet-CsH)""").
The thermo for this species is probably wrong! Setting CpInf = Cphigh for Entropy calculationat T = 1666.6666666666665 K...
Filling in rate rules in kinetics families by averaging...
Enabling diffusion-limited kinetics...
Setting solvent data for pentane
NOT generating reactions for unreactive species Ar

Summary of Model Enlargement
---------------------------------
Added 1 new core species
    Ar
Created 0 new edge species
Added 0 new core reactions
Created 0 new edge reactions

After model enlargement:
    The model core has 1 species and 0 reactions
    The model edge has 2 species and 0 reactions


NOT generating reactions for unreactive species He

Summary of Model Enlargement
---------------------------------
Added 1 new core species
    He
Created 0 new edge species
Added 0 new core reactions
Created 0 new edge reactions

After model enlargement:
    The model core has 2 species and 0 reactions
    The model edge has 2 species and 0 reactions


NOT generating reactions for unreactive species Ne

Summary of Model Enlargement
---------------------------------
Added 1 new core species
    Ne
Created 0 new edge species
Added 0 new core reactions
Created 0 new edge reactions

After model enlargement:
    The model core has 3 species and 0 reactions
    The model edge has 2 species and 0 reactions


NOT generating reactions for unreactive species N2

Summary of Model Enlargement
---------------------------------
Added 1 new core species
    N2
Created 0 new edge species
Added 0 new core reactions
Created 0 new edge reactions

After model enlargement:
    The model core has 4 species and 0 reactions
    The model edge has 2 species and 0 reactions


Adding species pentane(1) to model core

Summary of Model Enlargement
---------------------------------
Added 1 new core species
    pentane(1)
Created 0 new edge species
Added 0 new core reactions
Created 0 new edge reactions

After model enlargement:
    The model core has 5 species and 0 reactions
    The model edge has 1 species and 0 reactions


Adding species oxygen(2) to model core

Summary of Model Enlargement
---------------------------------
Added 1 new core species
    oxygen(2)
Created 0 new edge species
Added 0 new core reactions
Created 0 new edge reactions

After model enlargement:
    The model core has 6 species and 0 reactions
    The model edge has 0 species and 0 reactions


Initialization complete. Starting model generation.

Generating initial reactions...
For reaction generation 1 process is used.
Generating thermo for new species...
Species [CH2] renamed CH2(S) based on thermo library name
Species [H] renamed H based on thermo library name
Generating kinetics for new reactions...

Summary of Secondary Model Edge Enlargement
---------------------------------
Added 0 new core species
Created 11 new edge species
    CH2(S)(3)
    CCCC(4)
    C[CH2](6)
    [CH2]CC(5)
    H(8)
    CC[CH]CC(7)
    [CH3](10)
    [CH2]CCC(9)
    C[CH]CCC(11)
    [CH2]CCCC(12)
    [O]O(13)
Added 0 new core reactions
Created 10 new edge reactions
    CH2(S)(3) + CCCC(4) <=> pentane(1)
    CH2(S)(3) + CCCC(4) <=> pentane(1)
    C[CH2](6) + [CH2]CC(5) <=> pentane(1)
    H(8) + CC[CH]CC(7) <=> pentane(1)
    [CH3](10) + [CH2]CCC(9) <=> pentane(1)
    H(8) + C[CH]CCC(11) <=> pentane(1)
    H(8) + [CH2]CCCC(12) <=> pentane(1)
    [O]O(13) + CC[CH]CC(7) <=> oxygen(2) + pentane(1)
    [O]O(13) + C[CH]CCC(11) <=> oxygen(2) + pentane(1)
    [O]O(13) + [CH2]CCCC(12) <=> oxygen(2) + pentane(1)

After model enlargement:
    The model core has 6 species and 0 reactions
    The model edge has 11 species and 10 reactions


Completed initial enlarge edge step.

Saving current model core to Chemkin file...
Chemkin file contains 0 reactions.
Saving annotated version of Chemkin file...
Chemkin file contains 0 reactions.
Updating RMG execution statistics...
    Execution time (DD:HH:MM:SS): 00:00:00:56
    Memory used: 767.55 MB

Making seed mechanism...
Beginning model generation stage 1...

Making seed mechanism...
Conducting simulation of reaction system 1...
At time 0.0000e+00 s, species [O]O(13) was added to model core to avoid singularity


Adding species [O]O(13) to model core

Summary of Model Enlargement
---------------------------------
Added 1 new core species
    [O]O(13)
Created 0 new edge species
Added 0 new core reactions
Created 0 new edge reactions

After model enlargement:
    The model core has 7 species and 0 reactions
    The model edge has 10 species and 10 reactions


For reaction generation 1 process is used.
Generating thermo for new species...
Species [OH] renamed OH(D) based on thermo library name
Species [O] renamed O(T) based on thermo library name
Generating kinetics for new reactions...
For reaction oxygen(2) + [O]O(13) <=> [O]OOO(17), Ea raised from 80.3 to 86.7 kJ/mol to match endothermicity of reaction.

Summary of Secondary Model Edge Enlargement
---------------------------------
Added 0 new core species
Created 5 new edge species
    O(T)(15)
    OH(D)(14)
    OO(16)
    [O]OOO(17)
    OOOO(18)
Added 0 new core reactions
Created 8 new edge reactions
    O(T)(15) + OH(D)(14) <=> [O]O(13)
    oxygen(2) + H(8) <=> [O]O(13)
    OO(16) + CC[CH]CC(7) <=> [O]O(13) + pentane(1)
    OO(16) + C[CH]CCC(11) <=> [O]O(13) + pentane(1)
    OO(16) + [CH2]CCCC(12) <=> [O]O(13) + pentane(1)
    oxygen(2) + [O]O(13) <=> [O]OOO(17)
    [O]O(13) + [O]O(13) <=> oxygen(2) + OO(16)
    [O]O(13) + [O]O(13) <=> OOOO(18)

After model enlargement:
    The model core has 7 species and 0 reactions
    The model edge has 15 species and 18 reactions


Saving current model core to Chemkin file...
Chemkin file contains 0 reactions.
Saving annotated version of Chemkin file...
Chemkin file contains 0 reactions.
Updating RMG execution statistics...
    Execution time (DD:HH:MM:SS): 00:00:00:58
    Memory used: 769.96 MB

Making seed mechanism...
Conducting simulation of reaction system 1...
At time 0.0000e+00 s, species C[CH]CCC(11) was added to model core to avoid singularity


Adding species C[CH]CCC(11) to model core

Summary of Model Enlargement
---------------------------------
Added 1 new core species
    C[CH]CCC(11)
Created 0 new edge species
Moved 1 reactions from edge to core
    [O]O(13) + C[CH]CCC(11) <=> oxygen(2) + pentane(1)
Added 0 new core reactions
Created 0 new edge reactions

After model enlargement:
    The model core has 8 species and 1 reactions
    The model edge has 14 species and 17 reactions


For reaction generation 1 process is used.
Generating thermo for new species...
Generating kinetics for new reactions...

Summary of Secondary Model Edge Enlargement
---------------------------------
Added 0 new core species
Created 17 new edge species
    C[CH]CC(19)
    [CH2]C(C)CC(20)
    [CH]C(21)
    [CH]CCC(22)
    C[C]CCC(23)
    CC=CCC(24)
    C=CCCC(25)
    C=CC(26)
    [CH2][CH]C(27)
    [CH2]C[CH]C(28)
    C[CH]C[CH]C(29)
    C[CH][CH]CC(30)
    [CH2]CC[CH]C(31)
    [CH2][CH]CCC(32)
    CCCC(C)O[O](33)
    CCCC(C)OO(34)
    CCCC(C)C(C)CCC(35)
Added 0 new core reactions
Created 38 new edge reactions
    CH2(S)(3) + C[CH]CC(19) <=> C[CH]CCC(11)
    CH2(S)(3) + C[CH]CC(19) <=> C[CH]CCC(11)
    [CH2]C(C)CC(20) <=> C[CH]CCC(11)
    [CH]C(21) + [CH2]CC(5) <=> C[CH]CCC(11)
    [CH3](10) + [CH]CCC(22) <=> C[CH]CCC(11)
    H(8) + C[C]CCC(23) <=> C[CH]CCC(11)
    H(8) + CC=CCC(24) <=> C[CH]CCC(11)
    H(8) + C=CCCC(25) <=> C[CH]CCC(11)
    C[CH2](6) + C=CC(26) <=> C[CH]CCC(11)
    C[CH2](6) + [CH2][CH]C(27) <=> C[CH]CCC(11)
    [CH3](10) + [CH2]C[CH]C(28) <=> C[CH]CCC(11)
    H(8) + C[CH]C[CH]C(29) <=> C[CH]CCC(11)
    H(8) + C[CH][CH]CC(30) <=> C[CH]CCC(11)
    H(8) + [CH2]CC[CH]C(31) <=> C[CH]CCC(11)
    H(8) + [CH2][CH]CCC(32) <=> C[CH]CCC(11)
    CC[CH]CC(7) <=> C[CH]CCC(11)
    [CH2]CCCC(12) <=> C[CH]CCC(11)
    [CH2]CCCC(12) <=> C[CH]CCC(11)
    CC[CH]CC(7) + pentane(1) <=> C[CH]CCC(11) + pentane(1)
    [CH2]CCCC(12) + pentane(1) <=> C[CH]CCC(11) + pentane(1)
    oxygen(2) + C[CH]CCC(11) <=> [O]O(13) + CC=CCC(24)
    oxygen(2) + C[CH]CCC(11) <=> [O]O(13) + C=CCCC(25)
    [O]O(13) + C[C]CCC(23) <=> oxygen(2) + C[CH]CCC(11)
    [O]O(13) + C[CH]C[CH]C(29) <=> oxygen(2) + C[CH]CCC(11)
    [O]O(13) + [CH2]CC[CH]C(31) <=> oxygen(2) + C[CH]CCC(11)
    oxygen(2) + C[CH]CCC(11) <=> CCCC(C)O[O](33)
    [O]O(13) + C[CH]CCC(11) <=> OO(16) + CC=CCC(24)
    [O]O(13) + C[CH]CCC(11) <=> OO(16) + C=CCCC(25)
    OO(16) + C[C]CCC(23) <=> [O]O(13) + C[CH]CCC(11)
    OO(16) + C[CH]C[CH]C(29) <=> [O]O(13) + C[CH]CCC(11)
    OO(16) + [CH2]CC[CH]C(31) <=> [O]O(13) + C[CH]CCC(11)
    [O]O(13) + C[CH]CCC(11) <=> CCCC(C)OO(34)
    C[CH]CCC(11) + C[CH]CCC(11) <=> CC=CCC(24) + pentane(1)
    C[CH]CCC(11) + C[CH]CCC(11) <=> C=CCCC(25) + pentane(1)
    C[C]CCC(23) + pentane(1) <=> C[CH]CCC(11) + C[CH]CCC(11)
    C[CH]C[CH]C(29) + pentane(1) <=> C[CH]CCC(11) + C[CH]CCC(11)
    [CH2]CC[CH]C(31) + pentane(1) <=> C[CH]CCC(11) + C[CH]CCC(11)
    C[CH]CCC(11) + C[CH]CCC(11) <=> CCCC(C)C(C)CCC(35)

After model enlargement:
    The model core has 8 species and 1 reactions
    The model edge has 31 species and 55 reactions


Saving current model core to Chemkin file...
Chemkin file contains 1 reactions.
Saving annotated version of Chemkin file...
Chemkin file contains 1 reactions.
Updating RMG execution statistics...
    Execution time (DD:HH:MM:SS): 00:00:00:59
    Memory used: 770.05 MB

Making seed mechanism...
Conducting simulation of reaction system 1...
At time 0.0000e+00 s, species CC[CH]CC(7) at 0.21935787193773149 exceeded the minimum rate for simulation interruption of 0.1
Exceeded max number of objects...removing excess objects
Reached max number of objects...preparing to terminate
At time 0.0000e+00 s, species CC[CH]CC(7) at rate ratio 0.21935787193773149 exceeded the minimum rate for moving to model core of 0.001
terminating simulation due to interrupt...


Adding species CC[CH]CC(7) to model core

Summary of Model Enlargement
---------------------------------
Added 1 new core species
    CC[CH]CC(7)
Created 0 new edge species
Moved 3 reactions from edge to core
    [O]O(13) + CC[CH]CC(7) <=> oxygen(2) + pentane(1)
    CC[CH]CC(7) <=> C[CH]CCC(11)
    CC[CH]CC(7) + pentane(1) <=> C[CH]CCC(11) + pentane(1)
Added 0 new core reactions
Created 0 new edge reactions

After model enlargement:
    The model core has 9 species and 4 reactions
    The model edge has 30 species and 52 reactions


For reaction generation 1 process is used.
Generating thermo for new species...
Generating kinetics for new reactions...

Summary of Secondary Model Edge Enlargement
---------------------------------
Added 0 new core species
Created 9 new edge species
    [CH]CC(36)
    CC[C]CC(37)
    C=CCC(38)
    [CH2][CH]CC(39)
    [CH2]C[CH]CC(40)
    CCC(CC)O[O](41)
    CCC(CC)OO(42)
    CCCC(C)C(CC)CC(43)
    CCC(CC)C(CC)CC(44)
Added 0 new core reactions
Created 31 new edge reactions
    CH2(S)(3) + C[CH]CC(19) <=> CC[CH]CC(7)
    [CH2]C(C)CC(20) <=> CC[CH]CC(7)
    C[CH2](6) + [CH]CC(36) <=> CC[CH]CC(7)
    H(8) + CC[C]CC(37) <=> CC[CH]CC(7)
    H(8) + CC=CCC(24) <=> CC[CH]CC(7)
    [CH3](10) + C=CCC(38) <=> CC[CH]CC(7)
    [CH3](10) + [CH2][CH]CC(39) <=> CC[CH]CC(7)
    H(8) + C[CH][CH]CC(30) <=> CC[CH]CC(7)
    H(8) + [CH2]C[CH]CC(40) <=> CC[CH]CC(7)
    [CH2]CCCC(12) <=> CC[CH]CC(7)
    [CH2]CCCC(12) + pentane(1) <=> CC[CH]CC(7) + pentane(1)
    oxygen(2) + CC[CH]CC(7) <=> [O]O(13) + CC=CCC(24)
    [O]O(13) + CC[C]CC(37) <=> oxygen(2) + CC[CH]CC(7)
    [O]O(13) + [CH2]C[CH]CC(40) <=> oxygen(2) + CC[CH]CC(7)
    oxygen(2) + CC[CH]CC(7) <=> CCC(CC)O[O](41)
    [O]O(13) + CC[CH]CC(7) <=> OO(16) + CC=CCC(24)
    OO(16) + CC[C]CC(37) <=> [O]O(13) + CC[CH]CC(7)
    OO(16) + [CH2]C[CH]CC(40) <=> [O]O(13) + CC[CH]CC(7)
    [O]O(13) + CC[CH]CC(7) <=> CCC(CC)OO(42)
    CC[CH]CC(7) + C[CH]CCC(11) <=> CC=CCC(24) + pentane(1)
    CC[CH]CC(7) + C[CH]CCC(11) <=> C=CCCC(25) + pentane(1)
    C[C]CCC(23) + pentane(1) <=> CC[CH]CC(7) + C[CH]CCC(11)
    C[CH]C[CH]C(29) + pentane(1) <=> CC[CH]CC(7) + C[CH]CCC(11)
    [CH2]CC[CH]C(31) + pentane(1) <=> CC[CH]CC(7) + C[CH]CCC(11)
    CC[C]CC(37) + pentane(1) <=> CC[CH]CC(7) + C[CH]CCC(11)
    [CH2]C[CH]CC(40) + pentane(1) <=> CC[CH]CC(7) + C[CH]CCC(11)
    CC[CH]CC(7) + C[CH]CCC(11) <=> CCCC(C)C(CC)CC(43)
    CC[CH]CC(7) + CC[CH]CC(7) <=> CC=CCC(24) + pentane(1)
    CC[C]CC(37) + pentane(1) <=> CC[CH]CC(7) + CC[CH]CC(7)
    [CH2]C[CH]CC(40) + pentane(1) <=> CC[CH]CC(7) + CC[CH]CC(7)
    CC[CH]CC(7) + CC[CH]CC(7) <=> CCC(CC)C(CC)CC(44)

After model enlargement:
    The model core has 9 species and 4 reactions
    The model edge has 39 species and 83 reactions


Saving current model core to Chemkin file...
Chemkin file contains 4 reactions.
Saving annotated version of Chemkin file...
Chemkin file contains 4 reactions.
Updating RMG execution statistics...
    Execution time (DD:HH:MM:SS): 00:00:01:00
    Memory used: 770.05 MB

Making seed mechanism...
Conducting simulation of reaction system 1...
Reached max number of objects...preparing to terminate
At time 0.0000e+00 s, species [CH2]CCCC(12) at rate ratio 0.0025878098619160203 exceeded the minimum rate for moving to model core of 0.001
terminating simulation due to interrupt...


Adding species [CH2]CCCC(12) to model core

Summary of Model Enlargement
---------------------------------
Added 1 new core species
    [CH2]CCCC(12)
Created 0 new edge species
Moved 6 reactions from edge to core
    [O]O(13) + [CH2]CCCC(12) <=> oxygen(2) + pentane(1)
    [CH2]CCCC(12) <=> C[CH]CCC(11)
    [CH2]CCCC(12) <=> C[CH]CCC(11)
    [CH2]CCCC(12) + pentane(1) <=> C[CH]CCC(11) + pentane(1)
    [CH2]CCCC(12) <=> CC[CH]CC(7)
    [CH2]CCCC(12) + pentane(1) <=> CC[CH]CC(7) + pentane(1)
Added 0 new core reactions
Created 0 new edge reactions

After model enlargement:
    The model core has 10 species and 10 reactions
    The model edge has 38 species and 77 reactions


For reaction generation 1 process is used.
Generating thermo for new species...
Species [CH2] renamed CH2(T) based on thermo library name
Generating kinetics for new reactions...

Summary of Secondary Model Edge Enlargement
---------------------------------
Added 0 new core species
Created 12 new edge species
    CH2(T)(45)
    [CH]CCCC(46)
    C=C(47)
    [CH2]C[CH2](48)
    [CH2][CH2](49)
    [CH2]CC[CH2](50)
    [CH2]CCC[CH2](51)
    CCCCCO[O](52)
    CCCCCOO(53)
    CCCCCC(C)CCC(54)
    CCCCCC(CC)CC(55)
    CCCCCCCCCC(56)
Added 2 new core reactions
    [CH2]CCCC(12) <=> C[CH]CCC(11)
    [CH2]CCCC(12) <=> C[CH]CCC(11)
Created 51 new edge reactions
    CH2(S)(3) + [CH2]CCC(9) <=> [CH2]CCCC(12)
    CH2(S)(3) + [CH2]CCC(9) <=> [CH2]CCCC(12)
    CH2(T)(45) + [CH2]CCC(9) <=> [CH2]CCCC(12)
    H(8) + [CH]CCCC(46) <=> [CH2]CCCC(12)
    H(8) + C=CCCC(25) <=> [CH2]CCCC(12)
    C=C(47) + [CH2]CC(5) <=> [CH2]CCCC(12)
    C[CH2](6) + [CH2]C[CH2](48) <=> [CH2]CCCC(12)
    [CH2][CH2](49) + [CH2]CC(5) <=> [CH2]CCCC(12)
    H(8) + [CH2]C[CH]CC(40) <=> [CH2]CCCC(12)
    [CH3](10) + [CH2]CC[CH2](50) <=> [CH2]CCCC(12)
    H(8) + [CH2]CC[CH]C(31) <=> [CH2]CCCC(12)
    H(8) + [CH2][CH]CCC(32) <=> [CH2]CCCC(12)
    H(8) + [CH2]CCC[CH2](51) <=> [CH2]CCCC(12)
    oxygen(2) + [CH2]CCCC(12) <=> [O]O(13) + C=CCCC(25)
    [O]O(13) + [CH]CCCC(46) <=> oxygen(2) + [CH2]CCCC(12)
    [O]O(13) + [CH2]C[CH]CC(40) <=> oxygen(2) + [CH2]CCCC(12)
    [O]O(13) + [CH2]CC[CH]C(31) <=> oxygen(2) + [CH2]CCCC(12)
    [O]O(13) + [CH2]CCC[CH2](51) <=> oxygen(2) + [CH2]CCCC(12)
    oxygen(2) + [CH2]CCCC(12) <=> CCCCCO[O](52)
    [O]O(13) + [CH2]CCCC(12) <=> OO(16) + C=CCCC(25)
    OO(16) + [CH]CCCC(46) <=> [O]O(13) + [CH2]CCCC(12)
    OO(16) + [CH2]C[CH]CC(40) <=> [O]O(13) + [CH2]CCCC(12)
    OO(16) + [CH2]CC[CH]C(31) <=> [O]O(13) + [CH2]CCCC(12)
    OO(16) + [CH2]CCC[CH2](51) <=> [O]O(13) + [CH2]CCCC(12)
    [O]O(13) + [CH2]CCCC(12) <=> CCCCCOO(53)
    C[CH]CCC(11) + [CH2]CCCC(12) <=> C=CCCC(25) + pentane(1)
    C[CH]CCC(11) + [CH2]CCCC(12) <=> CC=CCC(24) + pentane(1)
    C[CH]CCC(11) + [CH2]CCCC(12) <=> C=CCCC(25) + pentane(1)
    C[C]CCC(23) + pentane(1) <=> C[CH]CCC(11) + [CH2]CCCC(12)
    C[CH]CCC(11) + [CH2]CCCC(12) <=> C[CH]C[CH]C(29) + pentane(1)
    [CH2]CC[CH]C(31) + pentane(1) <=> C[CH]CCC(11) + [CH2]CCCC(12)
    [CH]CCCC(46) + pentane(1) <=> C[CH]CCC(11) + [CH2]CCCC(12)
    [CH2]C[CH]CC(40) + pentane(1) <=> C[CH]CCC(11) + [CH2]CCCC(12)
    [CH2]CC[CH]C(31) + pentane(1) <=> C[CH]CCC(11) + [CH2]CCCC(12)
    [CH2]CCC[CH2](51) + pentane(1) <=> C[CH]CCC(11) + [CH2]CCCC(12)
    C[CH]CCC(11) + [CH2]CCCC(12) <=> CCCCCC(C)CCC(54)
    CC[CH]CC(7) + [CH2]CCCC(12) <=> C=CCCC(25) + pentane(1)
    CC[CH]CC(7) + [CH2]CCCC(12) <=> CC=CCC(24) + pentane(1)
    CC[C]CC(37) + pentane(1) <=> CC[CH]CC(7) + [CH2]CCCC(12)
    [CH2]C[CH]CC(40) + pentane(1) <=> CC[CH]CC(7) + [CH2]CCCC(12)
    [CH]CCCC(46) + pentane(1) <=> CC[CH]CC(7) + [CH2]CCCC(12)
    [CH2]C[CH]CC(40) + pentane(1) <=> CC[CH]CC(7) + [CH2]CCCC(12)
    [CH2]CC[CH]C(31) + pentane(1) <=> CC[CH]CC(7) + [CH2]CCCC(12)
    [CH2]CCC[CH2](51) + pentane(1) <=> CC[CH]CC(7) + [CH2]CCCC(12)
    CC[CH]CC(7) + [CH2]CCCC(12) <=> CCCCCC(CC)CC(55)
    [CH2]CCCC(12) + [CH2]CCCC(12) <=> C=CCCC(25) + pentane(1)
    [CH]CCCC(46) + pentane(1) <=> [CH2]CCCC(12) + [CH2]CCCC(12)
    [CH2]CCCC(12) + [CH2]CCCC(12) <=> [CH2]C[CH]CC(40) + pentane(1)
    [CH2]CCCC(12) + [CH2]CCCC(12) <=> [CH2]CC[CH]C(31) + pentane(1)
    [CH2]CCC[CH2](51) + pentane(1) <=> [CH2]CCCC(12) + [CH2]CCCC(12)
    [CH2]CCCC(12) + [CH2]CCCC(12) <=> CCCCCCCCCC(56)

After model enlargement:
    The model core has 10 species and 12 reactions
    The model edge has 50 species and 128 reactions


Saving current model core to Chemkin file...
Chemkin file contains 12 reactions.
Saving annotated version of Chemkin file...
Chemkin file contains 12 reactions.
Updating RMG execution statistics...
    Execution time (DD:HH:MM:SS): 00:00:01:02
    Memory used: 770.14 MB

Making seed mechanism...
Conducting simulation of reaction system 1...
Reached max number of objects...preparing to terminate
At time 1.0000e-10 s, species CCCC(C)O[O](33) at rate ratio 0.0019705386320899862 exceeded the minimum rate for moving to model core of 0.001
terminating simulation due to interrupt...


Adding species CCCC(C)O[O](33) to model core

Summary of Model Enlargement
---------------------------------
Added 1 new core species
    CCCC(C)O[O](33)
Created 0 new edge species
Moved 1 reactions from edge to core
    oxygen(2) + C[CH]CCC(11) <=> CCCC(C)O[O](33)
Added 0 new core reactions
Created 0 new edge reactions

After model enlargement:
    The model core has 11 species and 13 reactions
    The model edge has 49 species and 127 reactions


For reaction generation 1 process is used.
Generating thermo for new species...
Generating kinetics for new reactions...
For reaction CC[CH]CC(7) + CCCC(C)OO(34) <=> CCCC(C)O[O](33) + pentane(1) Ea raised from -36.0 to -36.0 kJ/mol.
For reaction C[CH]CCC(11) + CCCC(C)OO(34) <=> CCCC(C)O[O](33) + pentane(1) Ea raised from -36.0 to -36.0 kJ/mol.
For reaction [CH2]CCCC(12) + CCCC(C)OO(34) <=> CCCC(C)O[O](33) + pentane(1) Ea raised from -36.0 to -36.0 kJ/mol.
For reaction oxygen(2) + CCCC(C)O[O](33) <=> CCCC(C)OOO[O](74), Ea raised from 67.5 to 74.0 kJ/mol to match endothermicity of reaction.
For reaction [O]O(13) + CCCC(C)O[O](33) <=> oxygen(2) + CCCC(C)OO(34) Ea raised from -8.2 to -8.2 kJ/mol.
For reaction C[CH]C[CH]C(29) + CCCC(C)OO(34) <=> C[CH]CCC(11) + CCCC(C)O[O](33) Ea raised from -36.0 to -36.0 kJ/mol.
For reaction [CH2]CC[CH]C(31) + CCCC(C)OO(34) <=> C[CH]CCC(11) + CCCC(C)O[O](33) Ea raised from -36.0 to -36.0 kJ/mol.
For reaction [CH2]C[CH]CC(40) + CCCC(C)OO(34) <=> CC[CH]CC(7) + CCCC(C)O[O](33) Ea raised from -36.0 to -36.0 kJ/mol.
For reaction [CH2]C[CH]CC(40) + CCCC(C)OO(34) <=> [CH2]CCCC(12) + CCCC(C)O[O](33) Ea raised from -36.0 to -36.0 kJ/mol.
For reaction [CH2]CC[CH]C(31) + CCCC(C)OO(34) <=> [CH2]CCCC(12) + CCCC(C)O[O](33) Ea raised from -36.0 to -36.0 kJ/mol.
For reaction [CH2]CCC[CH2](51) + CCCC(C)OO(34) <=> [CH2]CCCC(12) + CCCC(C)O[O](33) Ea raised from -36.0 to -36.0 kJ/mol.
For reaction CC[CH]C(C)O[O](64) + CCCC(C)OO(34) <=> CCCC(C)O[O](33) + CCCC(C)O[O](33) Ea raised from -36.0 to -36.0 kJ/mol.
For reaction C[CH]CC(C)O[O](66) + CCCC(C)OO(34) <=> CCCC(C)O[O](33) + CCCC(C)O[O](33) Ea raised from -36.0 to -36.0 kJ/mol.

Summary of Secondary Model Edge Enlargement
---------------------------------
Added 0 new core species
Created 23 new edge species
    CCCCO[O](57)
    CCC(C)O[O](58)
    CCCC(C)[O](59)
    C[CH]O[O](60)
    CCC[CH]O[O](61)
    CCC[C](C)O[O](62)
    [CH2]C(C)O[O](63)
    CC[CH]C(C)O[O](64)
    [CH2]CC(C)O[O](65)
    C[CH]CC(C)O[O](66)
    [CH2]C(CCC)O[O](67)
    [CH2]CCC(C)O[O](68)
    CCC[C](C)OO(69)
    CC[CH]C(C)OO(70)
    [CH2]C(CCC)OO(71)
    C[CH]CC(C)OO(72)
    [CH2]CCC(C)OO(73)
    CCCC(C)OOO[O](74)
    CCCC(C)OOOO(75)
    CCCC(C)OOC(C)CCC(76)
    CCCC(C)OOC(CC)CC(77)
    CCCCCOOC(C)CCC(78)
    CCCC(C)OOOOC(C)CCC(79)
Added 0 new core reactions
Created 73 new edge reactions
    CH2(S)(3) + CCCCO[O](57) <=> CCCC(C)O[O](33)
    CH2(S)(3) + CCC(C)O[O](58) <=> CCCC(C)O[O](33)
    CH2(S)(3) + CCC(C)O[O](58) <=> CCCC(C)O[O](33)
    O(T)(15) + CCCC(C)[O](59) <=> CCCC(C)O[O](33)
    CCCC(C)O[O](33) <=> [O]O(13) + CC=CCC(24)
    CCCC(C)O[O](33) <=> [O]O(13) + C=CCCC(25)
    C[CH]O[O](60) + [CH2]CC(5) <=> CCCC(C)O[O](33)
    [CH3](10) + CCC[CH]O[O](61) <=> CCCC(C)O[O](33)
    H(8) + CCC[C](C)O[O](62) <=> CCCC(C)O[O](33)
    C[CH2](6) + [CH2]C(C)O[O](63) <=> CCCC(C)O[O](33)
    H(8) + CC[CH]C(C)O[O](64) <=> CCCC(C)O[O](33)
    [CH3](10) + [CH2]CC(C)O[O](65) <=> CCCC(C)O[O](33)
    H(8) + C[CH]CC(C)O[O](66) <=> CCCC(C)O[O](33)
    H(8) + [CH2]C(CCC)O[O](67) <=> CCCC(C)O[O](33)
    H(8) + [CH2]CCC(C)O[O](68) <=> CCCC(C)O[O](33)
    CCCC(C)O[O](33) <=> CCC[C](C)OO(69)
    CC[CH]C(C)OO(70) <=> CCCC(C)O[O](33)
    CCCC(C)O[O](33) <=> [CH2]C(CCC)OO(71)
    CCCC(C)O[O](33) <=> C[CH]CC(C)OO(72)
    [CH2]CCC(C)OO(73) <=> CCCC(C)O[O](33)
    CC[CH]CC(7) + CCCC(C)OO(34) <=> CCCC(C)O[O](33) + pentane(1)
    C[CH]CCC(11) + CCCC(C)OO(34) <=> CCCC(C)O[O](33) + pentane(1)
    [CH2]CCCC(12) + CCCC(C)OO(34) <=> CCCC(C)O[O](33) + pentane(1)
    [O]O(13) + CCC[C](C)O[O](62) <=> oxygen(2) + CCCC(C)O[O](33)
    [O]O(13) + CC[CH]C(C)O[O](64) <=> oxygen(2) + CCCC(C)O[O](33)
    [O]O(13) + C[CH]CC(C)O[O](66) <=> oxygen(2) + CCCC(C)O[O](33)
    [O]O(13) + [CH2]C(CCC)O[O](67) <=> oxygen(2) + CCCC(C)O[O](33)
    [O]O(13) + [CH2]CCC(C)O[O](68) <=> oxygen(2) + CCCC(C)O[O](33)
    oxygen(2) + CCCC(C)O[O](33) <=> CCCC(C)OOO[O](74)
    [O]O(13) + CCCC(C)O[O](33) <=> oxygen(2) + CCCC(C)OO(34)
    OO(16) + CCC[C](C)O[O](62) <=> [O]O(13) + CCCC(C)O[O](33)
    OO(16) + CC[CH]C(C)O[O](64) <=> [O]O(13) + CCCC(C)O[O](33)
    OO(16) + C[CH]CC(C)O[O](66) <=> [O]O(13) + CCCC(C)O[O](33)
    OO(16) + [CH2]C(CCC)O[O](67) <=> [O]O(13) + CCCC(C)O[O](33)
    OO(16) + [CH2]CCC(C)O[O](68) <=> [O]O(13) + CCCC(C)O[O](33)
    [O]O(13) + CCCC(C)O[O](33) <=> CCCC(C)OOOO(75)
    C[CH]CCC(11) + CCCC(C)O[O](33) <=> CC=CCC(24) + CCCC(C)OO(34)
    C[CH]CCC(11) + CCCC(C)O[O](33) <=> C=CCCC(25) + CCCC(C)OO(34)
    C[C]CCC(23) + CCCC(C)OO(34) <=> C[CH]CCC(11) + CCCC(C)O[O](33)
    C[CH]C[CH]C(29) + CCCC(C)OO(34) <=> C[CH]CCC(11) + CCCC(C)O[O](33)
    [CH2]CC[CH]C(31) + CCCC(C)OO(34) <=> C[CH]CCC(11) + CCCC(C)O[O](33)
    CCC[C](C)O[O](62) + pentane(1) <=> C[CH]CCC(11) + CCCC(C)O[O](33)
    CC[CH]C(C)O[O](64) + pentane(1) <=> C[CH]CCC(11) + CCCC(C)O[O](33)
    C[CH]CC(C)O[O](66) + pentane(1) <=> C[CH]CCC(11) + CCCC(C)O[O](33)
    [CH2]C(CCC)O[O](67) + pentane(1) <=> C[CH]CCC(11) + CCCC(C)O[O](33)
    [CH2]CCC(C)O[O](68) + pentane(1) <=> C[CH]CCC(11) + CCCC(C)O[O](33)
    C[CH]CCC(11) + CCCC(C)O[O](33) <=> CCCC(C)OOC(C)CCC(76)
    CC[CH]CC(7) + CCCC(C)O[O](33) <=> CC=CCC(24) + CCCC(C)OO(34)
    CC[C]CC(37) + CCCC(C)OO(34) <=> CC[CH]CC(7) + CCCC(C)O[O](33)
    [CH2]C[CH]CC(40) + CCCC(C)OO(34) <=> CC[CH]CC(7) + CCCC(C)O[O](33)
    CC[CH]CC(7) + CCCC(C)O[O](33) <=> CCC[C](C)O[O](62) + pentane(1)
    CC[CH]C(C)O[O](64) + pentane(1) <=> CC[CH]CC(7) + CCCC(C)O[O](33)
    C[CH]CC(C)O[O](66) + pentane(1) <=> CC[CH]CC(7) + CCCC(C)O[O](33)
    [CH2]C(CCC)O[O](67) + pentane(1) <=> CC[CH]CC(7) + CCCC(C)O[O](33)
    [CH2]CCC(C)O[O](68) + pentane(1) <=> CC[CH]CC(7) + CCCC(C)O[O](33)
    CC[CH]CC(7) + CCCC(C)O[O](33) <=> CCCC(C)OOC(CC)CC(77)
    [CH2]CCCC(12) + CCCC(C)O[O](33) <=> C=CCCC(25) + CCCC(C)OO(34)
    [CH]CCCC(46) + CCCC(C)OO(34) <=> [CH2]CCCC(12) + CCCC(C)O[O](33)
    [CH2]C[CH]CC(40) + CCCC(C)OO(34) <=> [CH2]CCCC(12) + CCCC(C)O[O](33)
    [CH2]CC[CH]C(31) + CCCC(C)OO(34) <=> [CH2]CCCC(12) + CCCC(C)O[O](33)
    [CH2]CCC[CH2](51) + CCCC(C)OO(34) <=> [CH2]CCCC(12) + CCCC(C)O[O](33)
    [CH2]CCCC(12) + CCCC(C)O[O](33) <=> CCC[C](C)O[O](62) + pentane(1)
    [CH2]CCCC(12) + CCCC(C)O[O](33) <=> CC[CH]C(C)O[O](64) + pentane(1)
    [CH2]CCCC(12) + CCCC(C)O[O](33) <=> C[CH]CC(C)O[O](66) + pentane(1)
    [CH2]C(CCC)O[O](67) + pentane(1) <=> [CH2]CCCC(12) + CCCC(C)O[O](33)
    [CH2]CCC(C)O[O](68) + pentane(1) <=> [CH2]CCCC(12) + CCCC(C)O[O](33)
    [CH2]CCCC(12) + CCCC(C)O[O](33) <=> CCCCCOOC(C)CCC(78)
    CCC[C](C)O[O](62) + CCCC(C)OO(34) <=> CCCC(C)O[O](33) + CCCC(C)O[O](33)
    CC[CH]C(C)O[O](64) + CCCC(C)OO(34) <=> CCCC(C)O[O](33) + CCCC(C)O[O](33)
    C[CH]CC(C)O[O](66) + CCCC(C)OO(34) <=> CCCC(C)O[O](33) + CCCC(C)O[O](33)
    [CH2]C(CCC)O[O](67) + CCCC(C)OO(34) <=> CCCC(C)O[O](33) + CCCC(C)O[O](33)
    [CH2]CCC(C)O[O](68) + CCCC(C)OO(34) <=> CCCC(C)O[O](33) + CCCC(C)O[O](33)
    CCCC(C)O[O](33) + CCCC(C)O[O](33) <=> CCCC(C)OOOOC(C)CCC(79)

After model enlargement:
    The model core has 11 species and 13 reactions
    The model edge has 72 species and 200 reactions


Saving current model core to Chemkin file...
Chemkin file contains 13 reactions.
Saving annotated version of Chemkin file...
Chemkin file contains 13 reactions.
Updating RMG execution statistics...
    Execution time (DD:HH:MM:SS): 00:00:01:06
    Memory used: 770.31 MB

Making seed mechanism...
Conducting simulation of reaction system 1...
Reached max number of objects...preparing to terminate
At time 2.6214e-10 s, species CCC(CC)O[O](41) at rate ratio 0.0017278716634405332 exceeded the minimum rate for moving to model core of 0.001
terminating simulation due to interrupt...


Adding species CCC(CC)O[O](41) to model core

Summary of Model Enlargement
---------------------------------
Added 1 new core species
    CCC(CC)O[O](41)
Created 0 new edge species
Moved 1 reactions from edge to core
    oxygen(2) + CC[CH]CC(7) <=> CCC(CC)O[O](41)
Added 0 new core reactions
Created 0 new edge reactions

After model enlargement:
    The model core has 12 species and 14 reactions
    The model edge has 71 species and 199 reactions


For reaction generation 1 process is used.
Generating thermo for new species...
Generating kinetics for new reactions...
For reaction CC[CH]CC(7) + CCC(CC)OO(42) <=> CCC(CC)O[O](41) + pentane(1) Ea raised from -36.0 to -36.0 kJ/mol.
For reaction C[CH]CCC(11) + CCC(CC)OO(42) <=> CCC(CC)O[O](41) + pentane(1) Ea raised from -36.0 to -36.0 kJ/mol.
For reaction [CH2]CCCC(12) + CCC(CC)OO(42) <=> CCC(CC)O[O](41) + pentane(1) Ea raised from -36.0 to -36.0 kJ/mol.
For reaction oxygen(2) + CCC(CC)O[O](41) <=> CCC(CC)OOO[O](89), Ea raised from 67.5 to 74.0 kJ/mol to match endothermicity of reaction.
For reaction [O]O(13) + CCC(CC)O[O](41) <=> oxygen(2) + CCC(CC)OO(42) Ea raised from -8.2 to -8.2 kJ/mol.
For reaction C[CH]C[CH]C(29) + CCC(CC)OO(42) <=> C[CH]CCC(11) + CCC(CC)O[O](41) Ea raised from -36.0 to -36.0 kJ/mol.
For reaction [CH2]CC[CH]C(31) + CCC(CC)OO(42) <=> C[CH]CCC(11) + CCC(CC)O[O](41) Ea raised from -36.0 to -36.0 kJ/mol.
For reaction [CH2]C[CH]CC(40) + CCC(CC)OO(42) <=> CC[CH]CC(7) + CCC(CC)O[O](41) Ea raised from -36.0 to -36.0 kJ/mol.
For reaction [CH2]C[CH]CC(40) + CCC(CC)OO(42) <=> [CH2]CCCC(12) + CCC(CC)O[O](41) Ea raised from -36.0 to -36.0 kJ/mol.
For reaction [CH2]CC[CH]C(31) + CCC(CC)OO(42) <=> [CH2]CCCC(12) + CCC(CC)O[O](41) Ea raised from -36.0 to -36.0 kJ/mol.
For reaction [CH2]CCC[CH2](51) + CCC(CC)OO(42) <=> [CH2]CCCC(12) + CCC(CC)O[O](41) Ea raised from -36.0 to -36.0 kJ/mol.
For reaction CC[CH]C(C)O[O](64) + CCC(CC)OO(42) <=> CCC(CC)O[O](41) + CCCC(C)O[O](33) Ea raised from -36.0 to -36.0 kJ/mol.
For reaction C[CH]CC(C)O[O](66) + CCC(CC)OO(42) <=> CCC(CC)O[O](41) + CCCC(C)O[O](33) Ea raised from -36.0 to -36.0 kJ/mol.
For reaction C[CH]C(CC)O[O](84) + CCCC(C)OO(34) <=> CCC(CC)O[O](41) + CCCC(C)O[O](33) Ea raised from -36.0 to -36.0 kJ/mol.
For reaction C[CH]C(CC)O[O](84) + CCC(CC)OO(42) <=> CCC(CC)O[O](41) + CCC(CC)O[O](41) Ea raised from -36.0 to -36.0 kJ/mol.

Summary of Secondary Model Edge Enlargement
---------------------------------
Added 0 new core species
Created 15 new edge species
    CCC([O])CC(80)
    CC[CH]O[O](81)
    CC[C](CC)O[O](82)
    [CH2]C(CC)O[O](83)
    C[CH]C(CC)O[O](84)
    [CH2]CC(CC)O[O](85)
    CC[C](CC)OO(86)
    C[CH]C(CC)OO(87)
    [CH2]CC(CC)OO(88)
    CCC(CC)OOO[O](89)
    CCC(CC)OOOO(90)
    CCC(CC)OOC(CC)CC(91)
    CCCCCOOC(CC)CC(92)
    CCCC(C)OOOOC(CC)CC(93)
    CCC(CC)OOOOC(CC)CC(94)
Added 0 new core reactions
Created 62 new edge reactions
    CH2(S)(3) + CCC(C)O[O](58) <=> CCC(CC)O[O](41)
    CH2(S)(3) + CCC(C)O[O](58) <=> CCC(CC)O[O](41)
    O(T)(15) + CCC([O])CC(80) <=> CCC(CC)O[O](41)
    CCC(CC)O[O](41) <=> [O]O(13) + CC=CCC(24)
    C[CH2](6) + CC[CH]O[O](81) <=> CCC(CC)O[O](41)
    H(8) + CC[C](CC)O[O](82) <=> CCC(CC)O[O](41)
    [CH3](10) + [CH2]C(CC)O[O](83) <=> CCC(CC)O[O](41)
    H(8) + C[CH]C(CC)O[O](84) <=> CCC(CC)O[O](41)
    H(8) + [CH2]CC(CC)O[O](85) <=> CCC(CC)O[O](41)
    CCC(CC)O[O](41) <=> CC[C](CC)OO(86)
    C[CH]C(CC)OO(87) <=> CCC(CC)O[O](41)
    CCC(CC)O[O](41) <=> [CH2]CC(CC)OO(88)
    CC[CH]CC(7) + CCC(CC)OO(42) <=> CCC(CC)O[O](41) + pentane(1)
    C[CH]CCC(11) + CCC(CC)OO(42) <=> CCC(CC)O[O](41) + pentane(1)
    [CH2]CCCC(12) + CCC(CC)OO(42) <=> CCC(CC)O[O](41) + pentane(1)
    [O]O(13) + CC[C](CC)O[O](82) <=> oxygen(2) + CCC(CC)O[O](41)
    [O]O(13) + C[CH]C(CC)O[O](84) <=> oxygen(2) + CCC(CC)O[O](41)
    [O]O(13) + [CH2]CC(CC)O[O](85) <=> oxygen(2) + CCC(CC)O[O](41)
    oxygen(2) + CCC(CC)O[O](41) <=> CCC(CC)OOO[O](89)
    [O]O(13) + CCC(CC)O[O](41) <=> oxygen(2) + CCC(CC)OO(42)
    OO(16) + CC[C](CC)O[O](82) <=> [O]O(13) + CCC(CC)O[O](41)
    OO(16) + C[CH]C(CC)O[O](84) <=> [O]O(13) + CCC(CC)O[O](41)
    OO(16) + [CH2]CC(CC)O[O](85) <=> [O]O(13) + CCC(CC)O[O](41)
    [O]O(13) + CCC(CC)O[O](41) <=> CCC(CC)OOOO(90)
    C[CH]CCC(11) + CCC(CC)O[O](41) <=> CC=CCC(24) + CCC(CC)OO(42)
    C[CH]CCC(11) + CCC(CC)O[O](41) <=> C=CCCC(25) + CCC(CC)OO(42)
    C[C]CCC(23) + CCC(CC)OO(42) <=> C[CH]CCC(11) + CCC(CC)O[O](41)
    C[CH]C[CH]C(29) + CCC(CC)OO(42) <=> C[CH]CCC(11) + CCC(CC)O[O](41)
    [CH2]CC[CH]C(31) + CCC(CC)OO(42) <=> C[CH]CCC(11) + CCC(CC)O[O](41)
    CC[C](CC)O[O](82) + pentane(1) <=> C[CH]CCC(11) + CCC(CC)O[O](41)
    C[CH]C(CC)O[O](84) + pentane(1) <=> C[CH]CCC(11) + CCC(CC)O[O](41)
    [CH2]CC(CC)O[O](85) + pentane(1) <=> C[CH]CCC(11) + CCC(CC)O[O](41)
    C[CH]CCC(11) + CCC(CC)O[O](41) <=> CCCC(C)OOC(CC)CC(77)
    CC[CH]CC(7) + CCC(CC)O[O](41) <=> CC=CCC(24) + CCC(CC)OO(42)
    CC[C]CC(37) + CCC(CC)OO(42) <=> CC[CH]CC(7) + CCC(CC)O[O](41)
    [CH2]C[CH]CC(40) + CCC(CC)OO(42) <=> CC[CH]CC(7) + CCC(CC)O[O](41)
    CC[CH]CC(7) + CCC(CC)O[O](41) <=> CC[C](CC)O[O](82) + pentane(1)
    C[CH]C(CC)O[O](84) + pentane(1) <=> CC[CH]CC(7) + CCC(CC)O[O](41)
    [CH2]CC(CC)O[O](85) + pentane(1) <=> CC[CH]CC(7) + CCC(CC)O[O](41)
    CC[CH]CC(7) + CCC(CC)O[O](41) <=> CCC(CC)OOC(CC)CC(91)
    [CH2]CCCC(12) + CCC(CC)O[O](41) <=> C=CCCC(25) + CCC(CC)OO(42)
    [CH]CCCC(46) + CCC(CC)OO(42) <=> [CH2]CCCC(12) + CCC(CC)O[O](41)
    [CH2]C[CH]CC(40) + CCC(CC)OO(42) <=> [CH2]CCCC(12) + CCC(CC)O[O](41)
    [CH2]CC[CH]C(31) + CCC(CC)OO(42) <=> [CH2]CCCC(12) + CCC(CC)O[O](41)
    [CH2]CCC[CH2](51) + CCC(CC)OO(42) <=> [CH2]CCCC(12) + CCC(CC)O[O](41)
    [CH2]CCCC(12) + CCC(CC)O[O](41) <=> CC[C](CC)O[O](82) + pentane(1)
    [CH2]CCCC(12) + CCC(CC)O[O](41) <=> C[CH]C(CC)O[O](84) + pentane(1)
    [CH2]CC(CC)O[O](85) + pentane(1) <=> [CH2]CCCC(12) + CCC(CC)O[O](41)
    [CH2]CCCC(12) + CCC(CC)O[O](41) <=> CCCCCOOC(CC)CC(92)
    CCC[C](C)O[O](62) + CCC(CC)OO(42) <=> CCC(CC)O[O](41) + CCCC(C)O[O](33)
    CC[CH]C(C)O[O](64) + CCC(CC)OO(42) <=> CCC(CC)O[O](41) + CCCC(C)O[O](33)
    C[CH]CC(C)O[O](66) + CCC(CC)OO(42) <=> CCC(CC)O[O](41) + CCCC(C)O[O](33)
    [CH2]C(CCC)O[O](67) + CCC(CC)OO(42) <=> CCC(CC)O[O](41) + CCCC(C)O[O](33)
    [CH2]CCC(C)O[O](68) + CCC(CC)OO(42) <=> CCC(CC)O[O](41) + CCCC(C)O[O](33)
    CC[C](CC)O[O](82) + CCCC(C)OO(34) <=> CCC(CC)O[O](41) + CCCC(C)O[O](33)
    C[CH]C(CC)O[O](84) + CCCC(C)OO(34) <=> CCC(CC)O[O](41) + CCCC(C)O[O](33)
    [CH2]CC(CC)O[O](85) + CCCC(C)OO(34) <=> CCC(CC)O[O](41) + CCCC(C)O[O](33)
    CCC(CC)O[O](41) + CCCC(C)O[O](33) <=> CCCC(C)OOOOC(CC)CC(93)
    CC[C](CC)O[O](82) + CCC(CC)OO(42) <=> CCC(CC)O[O](41) + CCC(CC)O[O](41)
    C[CH]C(CC)O[O](84) + CCC(CC)OO(42) <=> CCC(CC)O[O](41) + CCC(CC)O[O](41)
    [CH2]CC(CC)O[O](85) + CCC(CC)OO(42) <=> CCC(CC)O[O](41) + CCC(CC)O[O](41)
    CCC(CC)O[O](41) + CCC(CC)O[O](41) <=> CCC(CC)OOOOC(CC)CC(94)

After model enlargement:
    The model core has 12 species and 14 reactions
    The model edge has 86 species and 261 reactions


Saving current model core to Chemkin file...
Chemkin file contains 14 reactions.
Saving annotated version of Chemkin file...
Chemkin file contains 14 reactions.
Updating RMG execution statistics...
    Execution time (DD:HH:MM:SS): 00:00:01:09
    Memory used: 773.62 MB

Making seed mechanism...
Conducting simulation of reaction system 1...
Exceeded max number of objects...removing excess objects
Reached max number of objects...preparing to terminate
At time 1.0000e-08 s, species CCCC(C)OO(34) at rate ratio 0.002655072096359633 exceeded the minimum rate for moving to model core of 0.001
terminating simulation due to interrupt...


Adding species CCCC(C)OO(34) to model core

Summary of Model Enlargement
---------------------------------
Added 1 new core species
    CCCC(C)OO(34)
Created 0 new edge species
Moved 5 reactions from edge to core
    [O]O(13) + C[CH]CCC(11) <=> CCCC(C)OO(34)
    CC[CH]CC(7) + CCCC(C)OO(34) <=> CCCC(C)O[O](33) + pentane(1)
    C[CH]CCC(11) + CCCC(C)OO(34) <=> CCCC(C)O[O](33) + pentane(1)
    [CH2]CCCC(12) + CCCC(C)OO(34) <=> CCCC(C)O[O](33) + pentane(1)
    [O]O(13) + CCCC(C)O[O](33) <=> oxygen(2) + CCCC(C)OO(34)
Added 0 new core reactions
Created 0 new edge reactions

After model enlargement:
    The model core has 13 species and 19 reactions
    The model edge has 85 species and 256 reactions


For reaction generation 1 process is used.
Generating thermo for new species...
Generating kinetics for new reactions...
For reaction CCC[C](C)OO(69) + pentane(1) <=> C[CH]CCC(11) + CCCC(C)OO(34), Ea raised from 6.3 to 6.7 kJ/mol to match endothermicity of reaction.
For reaction CC[CH]C(C)OO(70) + CCCC(C)OO(34) <=> CCCC(C)O[O](33) + CCCC(C)OO(34) Ea raised from -36.0 to -36.0 kJ/mol.
For reaction C[CH]CC(C)OO(72) + CCCC(C)OO(34) <=> CCCC(C)O[O](33) + CCCC(C)OO(34) Ea raised from -36.0 to -36.0 kJ/mol.
For reaction CC[CH]C(C)OO(70) + CCC(CC)OO(42) <=> CCC(CC)O[O](41) + CCCC(C)OO(34) Ea raised from -36.0 to -36.0 kJ/mol.
For reaction C[CH]CC(C)OO(72) + CCC(CC)OO(42) <=> CCC(CC)O[O](41) + CCCC(C)OO(34) Ea raised from -36.0 to -36.0 kJ/mol.

Summary of Secondary Model Edge Enlargement
---------------------------------
Added 0 new core species
Created 6 new edge species
    CCCCOO(95)
    CCC(C)OO(96)
    C[CH]OO(97)
    CCC[CH]OO(98)
    [CH2]C(C)OO(99)
    [CH2]CC(C)OO(100)
Added 0 new core reactions
Created 51 new edge reactions
    CH2(S)(3) + CCCCOO(95) <=> CCCC(C)OO(34)
    CH2(S)(3) + CCC(C)OO(96) <=> CCCC(C)OO(34)
    CH2(S)(3) + CCC(C)OO(96) <=> CCCC(C)OO(34)
    OH(D)(14) + CCCC(C)[O](59) <=> CCCC(C)OO(34)
    H(8) + CCCC(C)O[O](33) <=> CCCC(C)OO(34)
    C[CH]OO(97) + [CH2]CC(5) <=> CCCC(C)OO(34)
    [CH3](10) + CCC[CH]OO(98) <=> CCCC(C)OO(34)
    H(8) + CCC[C](C)OO(69) <=> CCCC(C)OO(34)
    C[CH2](6) + [CH2]C(C)OO(99) <=> CCCC(C)OO(34)
    H(8) + CC[CH]C(C)OO(70) <=> CCCC(C)OO(34)
    [CH3](10) + [CH2]CC(C)OO(100) <=> CCCC(C)OO(34)
    H(8) + C[CH]CC(C)OO(72) <=> CCCC(C)OO(34)
    H(8) + [CH2]C(CCC)OO(71) <=> CCCC(C)OO(34)
    H(8) + [CH2]CCC(C)OO(73) <=> CCCC(C)OO(34)
    [O]O(13) + CCC[C](C)OO(69) <=> oxygen(2) + CCCC(C)OO(34)
    [O]O(13) + CC[CH]C(C)OO(70) <=> oxygen(2) + CCCC(C)OO(34)
    [O]O(13) + C[CH]CC(C)OO(72) <=> oxygen(2) + CCCC(C)OO(34)
    [O]O(13) + [CH2]C(CCC)OO(71) <=> oxygen(2) + CCCC(C)OO(34)
    [O]O(13) + [CH2]CCC(C)OO(73) <=> oxygen(2) + CCCC(C)OO(34)
    OO(16) + CCCC(C)O[O](33) <=> [O]O(13) + CCCC(C)OO(34)
    OO(16) + CCC[C](C)OO(69) <=> [O]O(13) + CCCC(C)OO(34)
    OO(16) + CC[CH]C(C)OO(70) <=> [O]O(13) + CCCC(C)OO(34)
    OO(16) + C[CH]CC(C)OO(72) <=> [O]O(13) + CCCC(C)OO(34)
    OO(16) + [CH2]C(CCC)OO(71) <=> [O]O(13) + CCCC(C)OO(34)
    OO(16) + [CH2]CCC(C)OO(73) <=> [O]O(13) + CCCC(C)OO(34)
    CCC[C](C)OO(69) + pentane(1) <=> C[CH]CCC(11) + CCCC(C)OO(34)
    CC[CH]C(C)OO(70) + pentane(1) <=> C[CH]CCC(11) + CCCC(C)OO(34)
    C[CH]CC(C)OO(72) + pentane(1) <=> C[CH]CCC(11) + CCCC(C)OO(34)
    [CH2]C(CCC)OO(71) + pentane(1) <=> C[CH]CCC(11) + CCCC(C)OO(34)
    [CH2]CCC(C)OO(73) + pentane(1) <=> C[CH]CCC(11) + CCCC(C)OO(34)
    CC[CH]CC(7) + CCCC(C)OO(34) <=> CCC[C](C)OO(69) + pentane(1)
    CC[CH]C(C)OO(70) + pentane(1) <=> CC[CH]CC(7) + CCCC(C)OO(34)
    C[CH]CC(C)OO(72) + pentane(1) <=> CC[CH]CC(7) + CCCC(C)OO(34)
    [CH2]C(CCC)OO(71) + pentane(1) <=> CC[CH]CC(7) + CCCC(C)OO(34)
    [CH2]CCC(C)OO(73) + pentane(1) <=> CC[CH]CC(7) + CCCC(C)OO(34)
    [CH2]CCCC(12) + CCCC(C)OO(34) <=> CCC[C](C)OO(69) + pentane(1)
    [CH2]CCCC(12) + CCCC(C)OO(34) <=> CC[CH]C(C)OO(70) + pentane(1)
    [CH2]CCCC(12) + CCCC(C)OO(34) <=> C[CH]CC(C)OO(72) + pentane(1)
    [CH2]C(CCC)OO(71) + pentane(1) <=> [CH2]CCCC(12) + CCCC(C)OO(34)
    [CH2]CCC(C)OO(73) + pentane(1) <=> [CH2]CCCC(12) + CCCC(C)OO(34)
    CCC[C](C)OO(69) + CCCC(C)OO(34) <=> CCCC(C)O[O](33) + CCCC(C)OO(34)
    CC[CH]C(C)OO(70) + CCCC(C)OO(34) <=> CCCC(C)O[O](33) + CCCC(C)OO(34)
    C[CH]CC(C)OO(72) + CCCC(C)OO(34) <=> CCCC(C)O[O](33) + CCCC(C)OO(34)
    [CH2]C(CCC)OO(71) + CCCC(C)OO(34) <=> CCCC(C)O[O](33) + CCCC(C)OO(34)
    [CH2]CCC(C)OO(73) + CCCC(C)OO(34) <=> CCCC(C)O[O](33) + CCCC(C)OO(34)
    CCCC(C)O[O](33) + CCC(CC)OO(42) <=> CCC(CC)O[O](41) + CCCC(C)OO(34)
    CCC[C](C)OO(69) + CCC(CC)OO(42) <=> CCC(CC)O[O](41) + CCCC(C)OO(34)
    CC[CH]C(C)OO(70) + CCC(CC)OO(42) <=> CCC(CC)O[O](41) + CCCC(C)OO(34)
    C[CH]CC(C)OO(72) + CCC(CC)OO(42) <=> CCC(CC)O[O](41) + CCCC(C)OO(34)
    [CH2]C(CCC)OO(71) + CCC(CC)OO(42) <=> CCC(CC)O[O](41) + CCCC(C)OO(34)
    [CH2]CCC(C)OO(73) + CCC(CC)OO(42) <=> CCC(CC)O[O](41) + CCCC(C)OO(34)

After model enlargement:
    The model core has 13 species and 19 reactions
    The model edge has 91 species and 307 reactions


Saving current model core to Chemkin file...
Chemkin file contains 19 reactions.
Saving annotated version of Chemkin file...
Chemkin file contains 19 reactions.
Updating RMG execution statistics...
    Execution time (DD:HH:MM:SS): 00:00:01:12
    Memory used: 779.14 MB

Making seed mechanism...
Conducting simulation of reaction system 1...
Reached max number of objects...preparing to terminate
At time 1.0000e-08 s, species CCC(CC)OO(42) at rate ratio 0.0011645758366756159 exceeded the minimum rate for moving to model core of 0.001
terminating simulation due to interrupt...


Adding species CCC(CC)OO(42) to model core

Summary of Model Enlargement
---------------------------------
Added 1 new core species
    CCC(CC)OO(42)
Created 0 new edge species
Moved 6 reactions from edge to core
    [O]O(13) + CC[CH]CC(7) <=> CCC(CC)OO(42)
    CC[CH]CC(7) + CCC(CC)OO(42) <=> CCC(CC)O[O](41) + pentane(1)
    C[CH]CCC(11) + CCC(CC)OO(42) <=> CCC(CC)O[O](41) + pentane(1)
    [CH2]CCCC(12) + CCC(CC)OO(42) <=> CCC(CC)O[O](41) + pentane(1)
    [O]O(13) + CCC(CC)O[O](41) <=> oxygen(2) + CCC(CC)OO(42)
    CCCC(C)O[O](33) + CCC(CC)OO(42) <=> CCC(CC)O[O](41) + CCCC(C)OO(34)
Added 0 new core reactions
Created 0 new edge reactions

After model enlargement:
    The model core has 14 species and 25 reactions
    The model edge has 90 species and 301 reactions


For reaction generation 1 process is used.
Generating thermo for new species...
Generating kinetics for new reactions...
For reaction CC[C](CC)OO(86) + pentane(1) <=> C[CH]CCC(11) + CCC(CC)OO(42), Ea raised from 6.3 to 6.7 kJ/mol to match endothermicity of reaction.
For reaction C[CH]C(CC)OO(87) + CCCC(C)OO(34) <=> CCCC(C)O[O](33) + CCC(CC)OO(42) Ea raised from -36.0 to -36.0 kJ/mol.
For reaction C[CH]C(CC)OO(87) + CCC(CC)OO(42) <=> CCC(CC)O[O](41) + CCC(CC)OO(42) Ea raised from -36.0 to -36.0 kJ/mol.

Summary of Secondary Model Edge Enlargement
---------------------------------
Added 0 new core species
Created 2 new edge species
    CC[CH]OO(101)
    [CH2]C(CC)OO(102)
Added 0 new core reactions
Created 31 new edge reactions
    CH2(S)(3) + CCC(C)OO(96) <=> CCC(CC)OO(42)
    CH2(S)(3) + CCC(C)OO(96) <=> CCC(CC)OO(42)
    OH(D)(14) + CCC([O])CC(80) <=> CCC(CC)OO(42)
    H(8) + CCC(CC)O[O](41) <=> CCC(CC)OO(42)
    C[CH2](6) + CC[CH]OO(101) <=> CCC(CC)OO(42)
    H(8) + CC[C](CC)OO(86) <=> CCC(CC)OO(42)
    [CH3](10) + [CH2]C(CC)OO(102) <=> CCC(CC)OO(42)
    H(8) + C[CH]C(CC)OO(87) <=> CCC(CC)OO(42)
    H(8) + [CH2]CC(CC)OO(88) <=> CCC(CC)OO(42)
    [O]O(13) + CC[C](CC)OO(86) <=> oxygen(2) + CCC(CC)OO(42)
    [O]O(13) + C[CH]C(CC)OO(87) <=> oxygen(2) + CCC(CC)OO(42)
    [O]O(13) + [CH2]CC(CC)OO(88) <=> oxygen(2) + CCC(CC)OO(42)
    OO(16) + CCC(CC)O[O](41) <=> [O]O(13) + CCC(CC)OO(42)
    OO(16) + CC[C](CC)OO(86) <=> [O]O(13) + CCC(CC)OO(42)
    OO(16) + C[CH]C(CC)OO(87) <=> [O]O(13) + CCC(CC)OO(42)
    OO(16) + [CH2]CC(CC)OO(88) <=> [O]O(13) + CCC(CC)OO(42)
    CC[C](CC)OO(86) + pentane(1) <=> C[CH]CCC(11) + CCC(CC)OO(42)
    C[CH]C(CC)OO(87) + pentane(1) <=> C[CH]CCC(11) + CCC(CC)OO(42)
    [CH2]CC(CC)OO(88) + pentane(1) <=> C[CH]CCC(11) + CCC(CC)OO(42)
    CC[CH]CC(7) + CCC(CC)OO(42) <=> CC[C](CC)OO(86) + pentane(1)
    C[CH]C(CC)OO(87) + pentane(1) <=> CC[CH]CC(7) + CCC(CC)OO(42)
    [CH2]CC(CC)OO(88) + pentane(1) <=> CC[CH]CC(7) + CCC(CC)OO(42)
    [CH2]CCCC(12) + CCC(CC)OO(42) <=> CC[C](CC)OO(86) + pentane(1)
    [CH2]CCCC(12) + CCC(CC)OO(42) <=> C[CH]C(CC)OO(87) + pentane(1)
    [CH2]CC(CC)OO(88) + pentane(1) <=> [CH2]CCCC(12) + CCC(CC)OO(42)
    CC[C](CC)OO(86) + CCCC(C)OO(34) <=> CCCC(C)O[O](33) + CCC(CC)OO(42)
    C[CH]C(CC)OO(87) + CCCC(C)OO(34) <=> CCCC(C)O[O](33) + CCC(CC)OO(42)
    [CH2]CC(CC)OO(88) + CCCC(C)OO(34) <=> CCCC(C)O[O](33) + CCC(CC)OO(42)
    CC[C](CC)OO(86) + CCC(CC)OO(42) <=> CCC(CC)O[O](41) + CCC(CC)OO(42)
    C[CH]C(CC)OO(87) + CCC(CC)OO(42) <=> CCC(CC)O[O](41) + CCC(CC)OO(42)
    [CH2]CC(CC)OO(88) + CCC(CC)OO(42) <=> CCC(CC)O[O](41) + CCC(CC)OO(42)

After model enlargement:
    The model core has 14 species and 25 reactions
    The model edge has 92 species and 332 reactions


Saving current model core to Chemkin file...
Chemkin file contains 25 reactions.
Saving annotated version of Chemkin file...
Chemkin file contains 25 reactions.
Updating RMG execution statistics...
    Execution time (DD:HH:MM:SS): 00:00:01:14
    Memory used: 782.64 MB

Making seed mechanism...
Conducting simulation of reaction system 1...
Reached max number of objects...preparing to terminate
At time 1.0000e-07 s, species CCCCCO[O](52) at rate ratio 0.0020168344278829425 exceeded the minimum rate for moving to model core of 0.001
terminating simulation due to interrupt...


Adding species CCCCCO[O](52) to model core

Summary of Model Enlargement
---------------------------------
Added 1 new core species
    CCCCCO[O](52)
Created 0 new edge species
Moved 1 reactions from edge to core
    oxygen(2) + [CH2]CCCC(12) <=> CCCCCO[O](52)
Added 0 new core reactions
Created 0 new edge reactions

After model enlargement:
    The model core has 15 species and 26 reactions
    The model edge has 91 species and 331 reactions


For reaction generation 1 process is used.
Generating thermo for new species...
Generating kinetics for new reactions...
For reaction CC[CH]CC(7) + CCCCCOO(53) <=> CCCCCO[O](52) + pentane(1) Ea raised from -36.0 to -36.0 kJ/mol.
For reaction C[CH]CCC(11) + CCCCCOO(53) <=> CCCCCO[O](52) + pentane(1) Ea raised from -36.0 to -36.0 kJ/mol.
For reaction [CH2]CCCC(12) + CCCCCOO(53) <=> CCCCCO[O](52) + pentane(1) Ea raised from -36.0 to -36.0 kJ/mol.
For reaction oxygen(2) + CCCCCO[O](52) <=> CCCCCOOO[O](118), Ea raised from 67.5 to 74.0 kJ/mol to match endothermicity of reaction.
For reaction [O]O(13) + CCCCCO[O](52) <=> oxygen(2) + CCCCCOO(53) Ea raised from -8.2 to -8.2 kJ/mol.
For reaction C[CH]C[CH]C(29) + CCCCCOO(53) <=> C[CH]CCC(11) + CCCCCO[O](52) Ea raised from -36.0 to -36.0 kJ/mol.
For reaction [CH2]CC[CH]C(31) + CCCCCOO(53) <=> C[CH]CCC(11) + CCCCCO[O](52) Ea raised from -36.0 to -36.0 kJ/mol.
For reaction [CH2]C[CH]CC(40) + CCCCCOO(53) <=> CC[CH]CC(7) + CCCCCO[O](52) Ea raised from -36.0 to -36.0 kJ/mol.
For reaction [CH2]C[CH]CC(40) + CCCCCOO(53) <=> [CH2]CCCC(12) + CCCCCO[O](52) Ea raised from -36.0 to -36.0 kJ/mol.
For reaction [CH2]CC[CH]C(31) + CCCCCOO(53) <=> [CH2]CCCC(12) + CCCCCO[O](52) Ea raised from -36.0 to -36.0 kJ/mol.
For reaction [CH2]CCC[CH2](51) + CCCCCOO(53) <=> [CH2]CCCC(12) + CCCCCO[O](52) Ea raised from -36.0 to -36.0 kJ/mol.
For reaction CC[CH]C(C)O[O](64) + CCCCCOO(53) <=> CCCC(C)O[O](33) + CCCCCO[O](52) Ea raised from -36.0 to -36.0 kJ/mol.
For reaction C[CH]CC(C)O[O](66) + CCCCCOO(53) <=> CCCC(C)O[O](33) + CCCCCO[O](52) Ea raised from -36.0 to -36.0 kJ/mol.
For reaction CC[CH]CCO[O](106) + CCCC(C)OO(34) <=> CCCC(C)O[O](33) + CCCCCO[O](52) Ea raised from -36.0 to -36.0 kJ/mol.
For reaction CCC[CH]CO[O](108) + CCCC(C)OO(34) <=> CCCC(C)O[O](33) + CCCCCO[O](52) Ea raised from -36.0 to -36.0 kJ/mol.
For reaction C[CH]CCCO[O](110) + CCCC(C)OO(34) <=> CCCC(C)O[O](33) + CCCCCO[O](52) Ea raised from -36.0 to -36.0 kJ/mol.
For reaction [CH2]CCCCO[O](112) + CCCC(C)OO(34) <=> CCCC(C)O[O](33) + CCCCCO[O](52) Ea raised from -36.0 to -36.0 kJ/mol.
For reaction C[CH]C(CC)O[O](84) + CCCCCOO(53) <=> CCC(CC)O[O](41) + CCCCCO[O](52) Ea raised from -36.0 to -36.0 kJ/mol.
For reaction CC[CH]CCO[O](106) + CCC(CC)OO(42) <=> CCC(CC)O[O](41) + CCCCCO[O](52) Ea raised from -36.0 to -36.0 kJ/mol.
For reaction CCC[CH]CO[O](108) + CCC(CC)OO(42) <=> CCC(CC)O[O](41) + CCCCCO[O](52) Ea raised from -36.0 to -36.0 kJ/mol.
For reaction C[CH]CCCO[O](110) + CCC(CC)OO(42) <=> CCC(CC)O[O](41) + CCCCCO[O](52) Ea raised from -36.0 to -36.0 kJ/mol.
For reaction [CH2]CCCCO[O](112) + CCC(CC)OO(42) <=> CCC(CC)O[O](41) + CCCCCO[O](52) Ea raised from -36.0 to -36.0 kJ/mol.
For reaction CC[CH]C(C)OO(70) + CCCCCOO(53) <=> CCCCCO[O](52) + CCCC(C)OO(34) Ea raised from -36.0 to -36.0 kJ/mol.
For reaction C[CH]CC(C)OO(72) + CCCCCOO(53) <=> CCCCCO[O](52) + CCCC(C)OO(34) Ea raised from -36.0 to -36.0 kJ/mol.
For reaction C[CH]C(CC)OO(87) + CCCCCOO(53) <=> CCCCCO[O](52) + CCC(CC)OO(42) Ea raised from -36.0 to -36.0 kJ/mol.
For reaction CC[CH]CCO[O](106) + CCCCCOO(53) <=> CCCCCO[O](52) + CCCCCO[O](52) Ea raised from -36.0 to -36.0 kJ/mol.
For reaction CCC[CH]CO[O](108) + CCCCCOO(53) <=> CCCCCO[O](52) + CCCCCO[O](52) Ea raised from -36.0 to -36.0 kJ/mol.
For reaction C[CH]CCCO[O](110) + CCCCCOO(53) <=> CCCCCO[O](52) + CCCCCO[O](52) Ea raised from -36.0 to -36.0 kJ/mol.
For reaction [CH2]CCCCO[O](112) + CCCCCOO(53) <=> CCCCCO[O](52) + CCCCCO[O](52) Ea raised from -36.0 to -36.0 kJ/mol.

Summary of Secondary Model Edge Enlargement
---------------------------------
Added 0 new core species
Created 21 new edge species
    CCCCC[O](103)
    [CH2]CO[O](104)
    [CH2]CCO[O](105)
    CC[CH]CCO[O](106)
    [CH2]O[O](107)
    CCC[CH]CO[O](108)
    [CH2]CCCO[O](109)
    C[CH]CCCO[O](110)
    CCCC[CH]O[O](111)
    [CH2]CCCCO[O](112)
    CCCC[CH]OO(113)
    CCC[CH]COO(114)
    CC[CH]CCOO(115)
    C[CH]CCCOO(116)
    [CH2]CCCCOO(117)
    CCCCCOOO[O](118)
    CCCCCOOOO(119)
    CCCCCOOCCCCC(120)
    CCCCCOOOOC(C)CCC(121)
    CCCCCOOOOC(CC)CC(122)
    CCCCCOOOOCCCCC(123)
Added 0 new core reactions
Created 101 new edge reactions
    CH2(S)(3) + CCCCO[O](57) <=> CCCCCO[O](52)
    CH2(S)(3) + CCCCO[O](57) <=> CCCCCO[O](52)
    O(T)(15) + CCCCC[O](103) <=> CCCCCO[O](52)
    CCCCCO[O](52) <=> [O]O(13) + C=CCCC(25)
    [CH2]CO[O](104) + [CH2]CC(5) <=> CCCCCO[O](52)
    C[CH2](6) + [CH2]CCO[O](105) <=> CCCCCO[O](52)
    H(8) + CC[CH]CCO[O](106) <=> CCCCCO[O](52)
    [CH2]O[O](107) + [CH2]CCC(9) <=> CCCCCO[O](52)
    H(8) + CCC[CH]CO[O](108) <=> CCCCCO[O](52)
    [CH3](10) + [CH2]CCCO[O](109) <=> CCCCCO[O](52)
    H(8) + C[CH]CCCO[O](110) <=> CCCCCO[O](52)
    H(8) + CCCC[CH]O[O](111) <=> CCCCCO[O](52)
    H(8) + [CH2]CCCCO[O](112) <=> CCCCCO[O](52)
    CCCCCO[O](52) <=> CCCC[CH]OO(113)
    CCC[CH]COO(114) <=> CCCCCO[O](52)
    CC[CH]CCOO(115) <=> CCCCCO[O](52)
    CCCCCO[O](52) <=> C[CH]CCCOO(116)
    CCCCCO[O](52) <=> [CH2]CCCCOO(117)
    CC[CH]CC(7) + CCCCCOO(53) <=> CCCCCO[O](52) + pentane(1)
    C[CH]CCC(11) + CCCCCOO(53) <=> CCCCCO[O](52) + pentane(1)
    [CH2]CCCC(12) + CCCCCOO(53) <=> CCCCCO[O](52) + pentane(1)
    [O]O(13) + CC[CH]CCO[O](106) <=> oxygen(2) + CCCCCO[O](52)
    [O]O(13) + CCC[CH]CO[O](108) <=> oxygen(2) + CCCCCO[O](52)
    [O]O(13) + C[CH]CCCO[O](110) <=> oxygen(2) + CCCCCO[O](52)
    [O]O(13) + CCCC[CH]O[O](111) <=> oxygen(2) + CCCCCO[O](52)
    [O]O(13) + [CH2]CCCCO[O](112) <=> oxygen(2) + CCCCCO[O](52)
    oxygen(2) + CCCCCO[O](52) <=> CCCCCOOO[O](118)
    [O]O(13) + CCCCCO[O](52) <=> oxygen(2) + CCCCCOO(53)
    OO(16) + CC[CH]CCO[O](106) <=> [O]O(13) + CCCCCO[O](52)
    OO(16) + CCC[CH]CO[O](108) <=> [O]O(13) + CCCCCO[O](52)
    OO(16) + C[CH]CCCO[O](110) <=> [O]O(13) + CCCCCO[O](52)
    [O]O(13) + CCCCCO[O](52) <=> OO(16) + CCCC[CH]O[O](111)
    OO(16) + [CH2]CCCCO[O](112) <=> [O]O(13) + CCCCCO[O](52)
    [O]O(13) + CCCCCO[O](52) <=> CCCCCOOOO(119)
    C[CH]CCC(11) + CCCCCO[O](52) <=> CC=CCC(24) + CCCCCOO(53)
    C[CH]CCC(11) + CCCCCO[O](52) <=> C=CCCC(25) + CCCCCOO(53)
    C[C]CCC(23) + CCCCCOO(53) <=> C[CH]CCC(11) + CCCCCO[O](52)
    C[CH]C[CH]C(29) + CCCCCOO(53) <=> C[CH]CCC(11) + CCCCCO[O](52)
    [CH2]CC[CH]C(31) + CCCCCOO(53) <=> C[CH]CCC(11) + CCCCCO[O](52)
    CC[CH]CCO[O](106) + pentane(1) <=> C[CH]CCC(11) + CCCCCO[O](52)
    CCC[CH]CO[O](108) + pentane(1) <=> C[CH]CCC(11) + CCCCCO[O](52)
    C[CH]CCCO[O](110) + pentane(1) <=> C[CH]CCC(11) + CCCCCO[O](52)
    CCCC[CH]O[O](111) + pentane(1) <=> C[CH]CCC(11) + CCCCCO[O](52)
    [CH2]CCCCO[O](112) + pentane(1) <=> C[CH]CCC(11) + CCCCCO[O](52)
    C[CH]CCC(11) + CCCCCO[O](52) <=> CCCCCOOC(C)CCC(78)
    CC[CH]CC(7) + CCCCCO[O](52) <=> CC=CCC(24) + CCCCCOO(53)
    CC[C]CC(37) + CCCCCOO(53) <=> CC[CH]CC(7) + CCCCCO[O](52)
    [CH2]C[CH]CC(40) + CCCCCOO(53) <=> CC[CH]CC(7) + CCCCCO[O](52)
    CC[CH]CCO[O](106) + pentane(1) <=> CC[CH]CC(7) + CCCCCO[O](52)
    CCC[CH]CO[O](108) + pentane(1) <=> CC[CH]CC(7) + CCCCCO[O](52)
    C[CH]CCCO[O](110) + pentane(1) <=> CC[CH]CC(7) + CCCCCO[O](52)
    CCCC[CH]O[O](111) + pentane(1) <=> CC[CH]CC(7) + CCCCCO[O](52)
    [CH2]CCCCO[O](112) + pentane(1) <=> CC[CH]CC(7) + CCCCCO[O](52)
    CC[CH]CC(7) + CCCCCO[O](52) <=> CCCCCOOC(CC)CC(92)
    [CH2]CCCC(12) + CCCCCO[O](52) <=> C=CCCC(25) + CCCCCOO(53)
    [CH]CCCC(46) + CCCCCOO(53) <=> [CH2]CCCC(12) + CCCCCO[O](52)
    [CH2]C[CH]CC(40) + CCCCCOO(53) <=> [CH2]CCCC(12) + CCCCCO[O](52)
    [CH2]CC[CH]C(31) + CCCCCOO(53) <=> [CH2]CCCC(12) + CCCCCO[O](52)
    [CH2]CCC[CH2](51) + CCCCCOO(53) <=> [CH2]CCCC(12) + CCCCCO[O](52)
    [CH2]CCCC(12) + CCCCCO[O](52) <=> CC[CH]CCO[O](106) + pentane(1)
    [CH2]CCCC(12) + CCCCCO[O](52) <=> CCC[CH]CO[O](108) + pentane(1)
    [CH2]CCCC(12) + CCCCCO[O](52) <=> C[CH]CCCO[O](110) + pentane(1)
    [CH2]CCCC(12) + CCCCCO[O](52) <=> CCCC[CH]O[O](111) + pentane(1)
    [CH2]CCCCO[O](112) + pentane(1) <=> [CH2]CCCC(12) + CCCCCO[O](52)
    [CH2]CCCC(12) + CCCCCO[O](52) <=> CCCCCOOCCCCC(120)
    CCC[C](C)O[O](62) + CCCCCOO(53) <=> CCCC(C)O[O](33) + CCCCCO[O](52)
    CC[CH]C(C)O[O](64) + CCCCCOO(53) <=> CCCC(C)O[O](33) + CCCCCO[O](52)
    C[CH]CC(C)O[O](66) + CCCCCOO(53) <=> CCCC(C)O[O](33) + CCCCCO[O](52)
    [CH2]C(CCC)O[O](67) + CCCCCOO(53) <=> CCCC(C)O[O](33) + CCCCCO[O](52)
    [CH2]CCC(C)O[O](68) + CCCCCOO(53) <=> CCCC(C)O[O](33) + CCCCCO[O](52)
    CC[CH]CCO[O](106) + CCCC(C)OO(34) <=> CCCC(C)O[O](33) + CCCCCO[O](52)
    CCC[CH]CO[O](108) + CCCC(C)OO(34) <=> CCCC(C)O[O](33) + CCCCCO[O](52)
    C[CH]CCCO[O](110) + CCCC(C)OO(34) <=> CCCC(C)O[O](33) + CCCCCO[O](52)
    CCCC[CH]O[O](111) + CCCC(C)OO(34) <=> CCCC(C)O[O](33) + CCCCCO[O](52)
    [CH2]CCCCO[O](112) + CCCC(C)OO(34) <=> CCCC(C)O[O](33) + CCCCCO[O](52)
    CCCC(C)O[O](33) + CCCCCO[O](52) <=> CCCCCOOOOC(C)CCC(121)
    CC[C](CC)O[O](82) + CCCCCOO(53) <=> CCC(CC)O[O](41) + CCCCCO[O](52)
    C[CH]C(CC)O[O](84) + CCCCCOO(53) <=> CCC(CC)O[O](41) + CCCCCO[O](52)
    [CH2]CC(CC)O[O](85) + CCCCCOO(53) <=> CCC(CC)O[O](41) + CCCCCO[O](52)
    CC[CH]CCO[O](106) + CCC(CC)OO(42) <=> CCC(CC)O[O](41) + CCCCCO[O](52)
    CCC[CH]CO[O](108) + CCC(CC)OO(42) <=> CCC(CC)O[O](41) + CCCCCO[O](52)
    C[CH]CCCO[O](110) + CCC(CC)OO(42) <=> CCC(CC)O[O](41) + CCCCCO[O](52)
    CCCC[CH]O[O](111) + CCC(CC)OO(42) <=> CCC(CC)O[O](41) + CCCCCO[O](52)
    [CH2]CCCCO[O](112) + CCC(CC)OO(42) <=> CCC(CC)O[O](41) + CCCCCO[O](52)
    CCC(CC)O[O](41) + CCCCCO[O](52) <=> CCCCCOOOOC(CC)CC(122)
    CCCC(C)O[O](33) + CCCCCOO(53) <=> CCCCCO[O](52) + CCCC(C)OO(34)
    CCC[C](C)OO(69) + CCCCCOO(53) <=> CCCCCO[O](52) + CCCC(C)OO(34)
    CC[CH]C(C)OO(70) + CCCCCOO(53) <=> CCCCCO[O](52) + CCCC(C)OO(34)
    C[CH]CC(C)OO(72) + CCCCCOO(53) <=> CCCCCO[O](52) + CCCC(C)OO(34)
    [CH2]C(CCC)OO(71) + CCCCCOO(53) <=> CCCCCO[O](52) + CCCC(C)OO(34)
    [CH2]CCC(C)OO(73) + CCCCCOO(53) <=> CCCCCO[O](52) + CCCC(C)OO(34)
    CCC(CC)O[O](41) + CCCCCOO(53) <=> CCCCCO[O](52) + CCC(CC)OO(42)
    CC[C](CC)OO(86) + CCCCCOO(53) <=> CCCCCO[O](52) + CCC(CC)OO(42)
    C[CH]C(CC)OO(87) + CCCCCOO(53) <=> CCCCCO[O](52) + CCC(CC)OO(42)
    [CH2]CC(CC)OO(88) + CCCCCOO(53) <=> CCCCCO[O](52) + CCC(CC)OO(42)
    CC[CH]CCO[O](106) + CCCCCOO(53) <=> CCCCCO[O](52) + CCCCCO[O](52)
    CCC[CH]CO[O](108) + CCCCCOO(53) <=> CCCCCO[O](52) + CCCCCO[O](52)
    C[CH]CCCO[O](110) + CCCCCOO(53) <=> CCCCCO[O](52) + CCCCCO[O](52)
    CCCC[CH]O[O](111) + CCCCCOO(53) <=> CCCCCO[O](52) + CCCCCO[O](52)
    [CH2]CCCCO[O](112) + CCCCCOO(53) <=> CCCCCO[O](52) + CCCCCO[O](52)
    CCCCCO[O](52) + CCCCCO[O](52) <=> CCCCCOOOOCCCCC(123)

After model enlargement:
    The model core has 15 species and 26 reactions
    The model edge has 112 species and 432 reactions


Saving current model core to Chemkin file...
Chemkin file contains 26 reactions.
Saving annotated version of Chemkin file...
Chemkin file contains 26 reactions.
Updating RMG execution statistics...
    Execution time (DD:HH:MM:SS): 00:00:01:20
    Memory used: 794.70 MB

Making seed mechanism...
Conducting simulation of reaction system 1...
Reached max number of objects...preparing to terminate
At time 5.3687e-07 s, species CCCCCOO(53) at rate ratio 0.0022890368251884206 exceeded the minimum rate for moving to model core of 0.001
terminating simulation due to interrupt...


Adding species CCCCCOO(53) to model core

Summary of Model Enlargement
---------------------------------
Added 1 new core species
    CCCCCOO(53)
Created 0 new edge species
Moved 7 reactions from edge to core
    [O]O(13) + [CH2]CCCC(12) <=> CCCCCOO(53)
    CC[CH]CC(7) + CCCCCOO(53) <=> CCCCCO[O](52) + pentane(1)
    C[CH]CCC(11) + CCCCCOO(53) <=> CCCCCO[O](52) + pentane(1)
    [CH2]CCCC(12) + CCCCCOO(53) <=> CCCCCO[O](52) + pentane(1)
    [O]O(13) + CCCCCO[O](52) <=> oxygen(2) + CCCCCOO(53)
    CCCC(C)O[O](33) + CCCCCOO(53) <=> CCCCCO[O](52) + CCCC(C)OO(34)
    CCC(CC)O[O](41) + CCCCCOO(53) <=> CCCCCO[O](52) + CCC(CC)OO(42)
Added 0 new core reactions
Created 0 new edge reactions

After model enlargement:
    The model core has 16 species and 33 reactions
    The model edge has 111 species and 425 reactions


For reaction generation 1 process is used.
Generating thermo for new species...
Generating kinetics for new reactions...
For reaction CC[CH]CCOO(115) + CCCC(C)OO(34) <=> CCCC(C)O[O](33) + CCCCCOO(53) Ea raised from -36.0 to -36.0 kJ/mol.
For reaction CCC[CH]COO(114) + CCCC(C)OO(34) <=> CCCC(C)O[O](33) + CCCCCOO(53) Ea raised from -36.0 to -36.0 kJ/mol.
For reaction C[CH]CCCOO(116) + CCCC(C)OO(34) <=> CCCC(C)O[O](33) + CCCCCOO(53) Ea raised from -36.0 to -36.0 kJ/mol.
For reaction [CH2]CCCCOO(117) + CCCC(C)OO(34) <=> CCCC(C)O[O](33) + CCCCCOO(53) Ea raised from -36.0 to -36.0 kJ/mol.
For reaction CC[CH]CCOO(115) + CCC(CC)OO(42) <=> CCC(CC)O[O](41) + CCCCCOO(53) Ea raised from -36.0 to -36.0 kJ/mol.
For reaction CCC[CH]COO(114) + CCC(CC)OO(42) <=> CCC(CC)O[O](41) + CCCCCOO(53) Ea raised from -36.0 to -36.0 kJ/mol.
For reaction C[CH]CCCOO(116) + CCC(CC)OO(42) <=> CCC(CC)O[O](41) + CCCCCOO(53) Ea raised from -36.0 to -36.0 kJ/mol.
For reaction [CH2]CCCCOO(117) + CCC(CC)OO(42) <=> CCC(CC)O[O](41) + CCCCCOO(53) Ea raised from -36.0 to -36.0 kJ/mol.
For reaction CC[CH]CCOO(115) + CCCCCOO(53) <=> CCCCCO[O](52) + CCCCCOO(53) Ea raised from -36.0 to -36.0 kJ/mol.
For reaction CCC[CH]COO(114) + CCCCCOO(53) <=> CCCCCO[O](52) + CCCCCOO(53) Ea raised from -36.0 to -36.0 kJ/mol.
For reaction C[CH]CCCOO(116) + CCCCCOO(53) <=> CCCCCO[O](52) + CCCCCOO(53) Ea raised from -36.0 to -36.0 kJ/mol.
For reaction [CH2]CCCCOO(117) + CCCCCOO(53) <=> CCCCCO[O](52) + CCCCCOO(53) Ea raised from -36.0 to -36.0 kJ/mol.

Summary of Secondary Model Edge Enlargement
---------------------------------
Added 0 new core species
Created 4 new edge species
    [CH2]COO(124)
    [CH2]CCOO(125)
    [CH2]OO(126)
    [CH2]CCCOO(127)
Added 0 new core reactions
Created 54 new edge reactions
    CH2(S)(3) + CCCCOO(95) <=> CCCCCOO(53)
    CH2(S)(3) + CCCCOO(95) <=> CCCCCOO(53)
    OH(D)(14) + CCCCC[O](103) <=> CCCCCOO(53)
    H(8) + CCCCCO[O](52) <=> CCCCCOO(53)
    [CH2]COO(124) + [CH2]CC(5) <=> CCCCCOO(53)
    C[CH2](6) + [CH2]CCOO(125) <=> CCCCCOO(53)
    H(8) + CC[CH]CCOO(115) <=> CCCCCOO(53)
    [CH2]OO(126) + [CH2]CCC(9) <=> CCCCCOO(53)
    H(8) + CCC[CH]COO(114) <=> CCCCCOO(53)
    [CH3](10) + [CH2]CCCOO(127) <=> CCCCCOO(53)
    H(8) + C[CH]CCCOO(116) <=> CCCCCOO(53)
    H(8) + CCCC[CH]OO(113) <=> CCCCCOO(53)
    H(8) + [CH2]CCCCOO(117) <=> CCCCCOO(53)
    [O]O(13) + CC[CH]CCOO(115) <=> oxygen(2) + CCCCCOO(53)
    [O]O(13) + CCC[CH]COO(114) <=> oxygen(2) + CCCCCOO(53)
    [O]O(13) + C[CH]CCCOO(116) <=> oxygen(2) + CCCCCOO(53)
    [O]O(13) + CCCC[CH]OO(113) <=> oxygen(2) + CCCCCOO(53)
    [O]O(13) + [CH2]CCCCOO(117) <=> oxygen(2) + CCCCCOO(53)
    OO(16) + CCCCCO[O](52) <=> [O]O(13) + CCCCCOO(53)
    OO(16) + CC[CH]CCOO(115) <=> [O]O(13) + CCCCCOO(53)
    OO(16) + CCC[CH]COO(114) <=> [O]O(13) + CCCCCOO(53)
    OO(16) + C[CH]CCCOO(116) <=> [O]O(13) + CCCCCOO(53)
    [O]O(13) + CCCCCOO(53) <=> OO(16) + CCCC[CH]OO(113)
    OO(16) + [CH2]CCCCOO(117) <=> [O]O(13) + CCCCCOO(53)
    CC[CH]CCOO(115) + pentane(1) <=> C[CH]CCC(11) + CCCCCOO(53)
    CCC[CH]COO(114) + pentane(1) <=> C[CH]CCC(11) + CCCCCOO(53)
    C[CH]CCCOO(116) + pentane(1) <=> C[CH]CCC(11) + CCCCCOO(53)
    CCCC[CH]OO(113) + pentane(1) <=> C[CH]CCC(11) + CCCCCOO(53)
    [CH2]CCCCOO(117) + pentane(1) <=> C[CH]CCC(11) + CCCCCOO(53)
    CC[CH]CCOO(115) + pentane(1) <=> CC[CH]CC(7) + CCCCCOO(53)
    CCC[CH]COO(114) + pentane(1) <=> CC[CH]CC(7) + CCCCCOO(53)
    C[CH]CCCOO(116) + pentane(1) <=> CC[CH]CC(7) + CCCCCOO(53)
    CCCC[CH]OO(113) + pentane(1) <=> CC[CH]CC(7) + CCCCCOO(53)
    [CH2]CCCCOO(117) + pentane(1) <=> CC[CH]CC(7) + CCCCCOO(53)
    [CH2]CCCC(12) + CCCCCOO(53) <=> CC[CH]CCOO(115) + pentane(1)
    [CH2]CCCC(12) + CCCCCOO(53) <=> CCC[CH]COO(114) + pentane(1)
    [CH2]CCCC(12) + CCCCCOO(53) <=> C[CH]CCCOO(116) + pentane(1)
    [CH2]CCCC(12) + CCCCCOO(53) <=> CCCC[CH]OO(113) + pentane(1)
    [CH2]CCCCOO(117) + pentane(1) <=> [CH2]CCCC(12) + CCCCCOO(53)
    CC[CH]CCOO(115) + CCCC(C)OO(34) <=> CCCC(C)O[O](33) + CCCCCOO(53)
    CCC[CH]COO(114) + CCCC(C)OO(34) <=> CCCC(C)O[O](33) + CCCCCOO(53)
    C[CH]CCCOO(116) + CCCC(C)OO(34) <=> CCCC(C)O[O](33) + CCCCCOO(53)
    CCCC[CH]OO(113) + CCCC(C)OO(34) <=> CCCC(C)O[O](33) + CCCCCOO(53)
    [CH2]CCCCOO(117) + CCCC(C)OO(34) <=> CCCC(C)O[O](33) + CCCCCOO(53)
    CC[CH]CCOO(115) + CCC(CC)OO(42) <=> CCC(CC)O[O](41) + CCCCCOO(53)
    CCC[CH]COO(114) + CCC(CC)OO(42) <=> CCC(CC)O[O](41) + CCCCCOO(53)
    C[CH]CCCOO(116) + CCC(CC)OO(42) <=> CCC(CC)O[O](41) + CCCCCOO(53)
    CCCC[CH]OO(113) + CCC(CC)OO(42) <=> CCC(CC)O[O](41) + CCCCCOO(53)
    [CH2]CCCCOO(117) + CCC(CC)OO(42) <=> CCC(CC)O[O](41) + CCCCCOO(53)
    CC[CH]CCOO(115) + CCCCCOO(53) <=> CCCCCO[O](52) + CCCCCOO(53)
    CCC[CH]COO(114) + CCCCCOO(53) <=> CCCCCO[O](52) + CCCCCOO(53)
    C[CH]CCCOO(116) + CCCCCOO(53) <=> CCCCCO[O](52) + CCCCCOO(53)
    CCCC[CH]OO(113) + CCCCCOO(53) <=> CCCCCO[O](52) + CCCCCOO(53)
    [CH2]CCCCOO(117) + CCCCCOO(53) <=> CCCCCO[O](52) + CCCCCOO(53)

After model enlargement:
    The model core has 16 species and 33 reactions
    The model edge has 115 species and 479 reactions


Saving current model core to Chemkin file...
Chemkin file contains 33 reactions.
Saving annotated version of Chemkin file...
Chemkin file contains 33 reactions.
Updating RMG execution statistics...
    Execution time (DD:HH:MM:SS): 00:00:01:23
    Memory used: 800.20 MB

Making seed mechanism...
Conducting simulation of reaction system 1...
At time 5.0000e+00 s, reached target termination time.


For reaction generation 1 process is used.

Summary of Secondary Model Edge Enlargement
---------------------------------
Added 0 new core species
Created 0 new edge species
Added 0 new core reactions
Created 0 new edge reactions

After model enlargement:
    The model core has 16 species and 33 reactions
    The model edge has 115 species and 479 reactions


Saving current model core to Chemkin file...
Chemkin file contains 33 reactions.
Saving annotated version of Chemkin file...
Chemkin file contains 33 reactions.
Updating RMG execution statistics...
    Execution time (DD:HH:MM:SS): 00:00:01:23
    Memory used: 800.66 MB

Making seed mechanism...
Performing final model checks...
No collision rate violators found in the model's core.

MODEL GENERATION COMPLETED

The final model core has 16 species and 33 reactions
The final model edge has 115 species and 479 reactions

RMG execution terminated at Tue Aug  9 00:10:18 2022
